Building DAG of jobs...
Using shell: /usr/bin/bash
Provided cores: 36
Rules claiming more threads will be scaled down.
Job stats:
job               count    min threads    max threads
--------------  -------  -------------  -------------
all                   1              1              1
get_expression        6              6              6
total                 7              1              6

Select jobs to execute...

[Wed Jan  3 16:52:19 2024]
rule get_expression:
    input: output/Control_R3/Control_R3.bam
    output: output/Control_R3/NotDedup/assembled_Control_R3.gtf
    log: logs/Control_R3/stringtie.log
    jobid: 9
    reason: Missing output files: output/Control_R3/NotDedup/assembled_Control_R3.gtf
    wildcards: sample=Control_R3
    threads: 6
    resources: tmpdir=/tmp


[Wed Jan  3 16:52:19 2024]
rule get_expression:
    input: output/Sample_R1/Sample_R1.bam
    output: output/Sample_R1/NotDedup/assembled_Sample_R1.gtf
    log: logs/Sample_R1/stringtie.log
    jobid: 13
    reason: Missing output files: output/Sample_R1/NotDedup/assembled_Sample_R1.gtf
    wildcards: sample=Sample_R1
    threads: 6
    resources: tmpdir=/tmp


[Wed Jan  3 16:52:19 2024]
rule get_expression:
    input: output/Sample_R2/Sample_R2.bam
    output: output/Sample_R2/NotDedup/assembled_Sample_R2.gtf
    log: logs/Sample_R2/stringtie.log
    jobid: 17
    reason: Missing output files: output/Sample_R2/NotDedup/assembled_Sample_R2.gtf
    wildcards: sample=Sample_R2
    threads: 6
    resources: tmpdir=/tmp


[Wed Jan  3 16:52:19 2024]
rule get_expression:
    input: output/Sample_R3/Sample_R3.bam
    output: output/Sample_R3/NotDedup/assembled_Sample_R3.gtf
    log: logs/Sample_R3/stringtie.log
    jobid: 21
    reason: Missing output files: output/Sample_R3/NotDedup/assembled_Sample_R3.gtf
    wildcards: sample=Sample_R3
    threads: 6
    resources: tmpdir=/tmp


[Wed Jan  3 16:52:19 2024]
rule get_expression:
    input: output/Control_R1/Control_R1.bam
    output: output/Control_R1/NotDedup/assembled_Control_R1.gtf
    log: logs/Control_R1/stringtie.log
    jobid: 1
    reason: Missing output files: output/Control_R1/NotDedup/assembled_Control_R1.gtf
    wildcards: sample=Control_R1
    threads: 6
    resources: tmpdir=/tmp


[Wed Jan  3 16:52:19 2024]
rule get_expression:
    input: output/Control_R2/Control_R2.bam
    output: output/Control_R2/NotDedup/assembled_Control_R2.gtf
    log: logs/Control_R2/stringtie.log
    jobid: 5
    reason: Missing output files: output/Control_R2/NotDedup/assembled_Control_R2.gtf
    wildcards: sample=Control_R2
    threads: 6
    resources: tmpdir=/tmp

[Wed Jan  3 16:52:33 2024]
Finished job 1.
1 of 7 steps (14%) done
[Wed Jan  3 16:52:34 2024]
Finished job 13.
2 of 7 steps (29%) done
[Wed Jan  3 16:52:36 2024]
Finished job 21.
3 of 7 steps (43%) done
[Wed Jan  3 16:52:36 2024]
Finished job 17.
4 of 7 steps (57%) done
[Wed Jan  3 16:52:40 2024]
Finished job 5.
5 of 7 steps (71%) done
[Wed Jan  3 16:52:53 2024]
Finished job 9.
6 of 7 steps (86%) done
Select jobs to execute...

[Wed Jan  3 16:52:53 2024]
localrule all:
    input: output/Control_R1/NotDedup/assembled_Control_R1.gtf, output/Control_R2/NotDedup/assembled_Control_R2.gtf, output/Control_R3/NotDedup/assembled_Control_R3.gtf, output/Sample_R1/NotDedup/assembled_Sample_R1.gtf, output/Sample_R2/NotDedup/assembled_Sample_R2.gtf, output/Sample_R3/NotDedup/assembled_Sample_R3.gtf, output/Control_R1/Control_R1.bam, output/Control_R2/Control_R2.bam, output/Control_R3/Control_R3.bam, output/Sample_R1/Sample_R1.bam, output/Sample_R2/Sample_R2.bam, output/Sample_R3/Sample_R3.bam, output/Control_R1/00_Control_R1_R1_fastqc.html, output/Control_R2/00_Control_R2_R1_fastqc.html, output/Control_R3/00_Control_R3_R1_fastqc.html, output/Sample_R1/00_Sample_R1_R1_fastqc.html, output/Sample_R2/00_Sample_R2_R1_fastqc.html, output/Sample_R3/00_Sample_R3_R1_fastqc.html, output/Control_R1/01_Control_R1_val_2_fastqc.html, output/Control_R2/01_Control_R2_val_2_fastqc.html, output/Control_R3/01_Control_R3_val_2_fastqc.html, output/Sample_R1/01_Sample_R1_val_2_fastqc.html, output/Sample_R2/01_Sample_R2_val_2_fastqc.html, output/Sample_R3/01_Sample_R3_val_2_fastqc.html, output/mapped_counts.tsv
    jobid: 0
    reason: Input files updated by another job: output/Sample_R1/NotDedup/assembled_Sample_R1.gtf, output/Sample_R3/NotDedup/assembled_Sample_R3.gtf, output/Control_R1/NotDedup/assembled_Control_R1.gtf, output/Control_R2/NotDedup/assembled_Control_R2.gtf, output/Control_R3/NotDedup/assembled_Control_R3.gtf, output/Sample_R2/NotDedup/assembled_Sample_R2.gtf
    resources: tmpdir=/tmp

[Wed Jan  3 16:52:53 2024]
Finished job 0.
7 of 7 steps (100%) done
Complete log: ../../../../../scratch/kotryna/Giedrius/2024_GRIL/data_prep/.snakemake/log/2024-01-03T165219.587568.snakemake.log
