Building DAG of jobs...
Using shell: /usr/bin/bash
Provided cores: 36
Rules claiming more threads will be scaled down.
Job stats:
job                        count    min threads    max threads
-----------------------  -------  -------------  -------------
all                            1              1              1
clean_data                     6              6              6
do_fastqc                      6              4              4
get_expression                 6              6              6
make_deep_bins_notDedup        1             30             30
map_data_hisat2                6             10             10
merge_copy_fastq               6              2              2
total                         32              1             30

Select jobs to execute...

[Wed Jan  3 16:57:00 2024]
rule merge_copy_fastq:
    input: input
    output: output/Sample_R3/00_Sample_R3_R1.fq.gz, output/Sample_R3/00_Sample_R3_R2.fq.gz
    jobid: 24
    reason: Missing output files: output/Sample_R3/00_Sample_R3_R2.fq.gz, output/Sample_R3/00_Sample_R3_R1.fq.gz
    wildcards: sample=Sample_R3
    threads: 2
    resources: tmpdir=/tmp


[Wed Jan  3 16:57:00 2024]
rule merge_copy_fastq:
    input: input
    output: output/Control_R1/00_Control_R1_R1.fq.gz, output/Control_R1/00_Control_R1_R2.fq.gz
    jobid: 4
    reason: Missing output files: output/Control_R1/00_Control_R1_R1.fq.gz, output/Control_R1/00_Control_R1_R2.fq.gz
    wildcards: sample=Control_R1
    threads: 2
    resources: tmpdir=/tmp


[Wed Jan  3 16:57:00 2024]
rule merge_copy_fastq:
    input: input
    output: output/Control_R2/00_Control_R2_R1.fq.gz, output/Control_R2/00_Control_R2_R2.fq.gz
    jobid: 8
    reason: Missing output files: output/Control_R2/00_Control_R2_R1.fq.gz, output/Control_R2/00_Control_R2_R2.fq.gz
    wildcards: sample=Control_R2
    threads: 2
    resources: tmpdir=/tmp


[Wed Jan  3 16:57:00 2024]
rule merge_copy_fastq:
    input: input
    output: output/Control_R3/00_Control_R3_R1.fq.gz, output/Control_R3/00_Control_R3_R2.fq.gz
    jobid: 12
    reason: Missing output files: output/Control_R3/00_Control_R3_R2.fq.gz, output/Control_R3/00_Control_R3_R1.fq.gz
    wildcards: sample=Control_R3
    threads: 2
    resources: tmpdir=/tmp


[Wed Jan  3 16:57:00 2024]
rule merge_copy_fastq:
    input: input
    output: output/Sample_R1/00_Sample_R1_R1.fq.gz, output/Sample_R1/00_Sample_R1_R2.fq.gz
    jobid: 16
    reason: Missing output files: output/Sample_R1/00_Sample_R1_R1.fq.gz, output/Sample_R1/00_Sample_R1_R2.fq.gz
    wildcards: sample=Sample_R1
    threads: 2
    resources: tmpdir=/tmp


[Wed Jan  3 16:57:00 2024]
rule merge_copy_fastq:
    input: input
    output: output/Sample_R2/00_Sample_R2_R1.fq.gz, output/Sample_R2/00_Sample_R2_R2.fq.gz
    jobid: 20
    reason: Missing output files: output/Sample_R2/00_Sample_R2_R2.fq.gz, output/Sample_R2/00_Sample_R2_R1.fq.gz
    wildcards: sample=Sample_R2
    threads: 2
    resources: tmpdir=/tmp

[Wed Jan  3 16:57:11 2024]
Finished job 4.
1 of 32 steps (3%) done
Select jobs to execute...

[Wed Jan  3 16:57:11 2024]
rule clean_data:
    input: output/Control_R1/00_Control_R1_R1.fq.gz, output/Control_R1/00_Control_R1_R2.fq.gz
    output: output/Control_R1/01_Control_R1_val_1.fq.gz, output/Control_R1/01_Control_R1_val_2.fq.gz
    jobid: 3
    reason: Missing output files: output/Control_R1/01_Control_R1_val_2.fq.gz, output/Control_R1/01_Control_R1_val_1.fq.gz; Input files updated by another job: output/Control_R1/00_Control_R1_R1.fq.gz, output/Control_R1/00_Control_R1_R2.fq.gz
    wildcards: sample=Control_R1
    threads: 6
    resources: tmpdir=/tmp

[Wed Jan  3 16:57:11 2024]
Finished job 24.
2 of 32 steps (6%) done
Select jobs to execute...

[Wed Jan  3 16:57:11 2024]
rule clean_data:
    input: output/Sample_R3/00_Sample_R3_R1.fq.gz, output/Sample_R3/00_Sample_R3_R2.fq.gz
    output: output/Sample_R3/01_Sample_R3_val_1.fq.gz, output/Sample_R3/01_Sample_R3_val_2.fq.gz
    jobid: 23
    reason: Missing output files: output/Sample_R3/01_Sample_R3_val_1.fq.gz, output/Sample_R3/01_Sample_R3_val_2.fq.gz; Input files updated by another job: output/Sample_R3/00_Sample_R3_R2.fq.gz, output/Sample_R3/00_Sample_R3_R1.fq.gz
    wildcards: sample=Sample_R3
    threads: 6
    resources: tmpdir=/tmp

[Wed Jan  3 16:57:15 2024]
Finished job 16.
3 of 32 steps (9%) done
Select jobs to execute...

[Wed Jan  3 16:57:15 2024]
rule clean_data:
    input: output/Sample_R1/00_Sample_R1_R1.fq.gz, output/Sample_R1/00_Sample_R1_R2.fq.gz
    output: output/Sample_R1/01_Sample_R1_val_1.fq.gz, output/Sample_R1/01_Sample_R1_val_2.fq.gz
    jobid: 15
    reason: Missing output files: output/Sample_R1/01_Sample_R1_val_1.fq.gz, output/Sample_R1/01_Sample_R1_val_2.fq.gz; Input files updated by another job: output/Sample_R1/00_Sample_R1_R1.fq.gz, output/Sample_R1/00_Sample_R1_R2.fq.gz
    wildcards: sample=Sample_R1
    threads: 6
    resources: tmpdir=/tmp

[Wed Jan  3 16:57:15 2024]
Finished job 8.
4 of 32 steps (12%) done
Select jobs to execute...

[Wed Jan  3 16:57:15 2024]
rule clean_data:
    input: output/Control_R2/00_Control_R2_R1.fq.gz, output/Control_R2/00_Control_R2_R2.fq.gz
    output: output/Control_R2/01_Control_R2_val_1.fq.gz, output/Control_R2/01_Control_R2_val_2.fq.gz
    jobid: 7
    reason: Missing output files: output/Control_R2/01_Control_R2_val_2.fq.gz, output/Control_R2/01_Control_R2_val_1.fq.gz; Input files updated by another job: output/Control_R2/00_Control_R2_R1.fq.gz, output/Control_R2/00_Control_R2_R2.fq.gz
    wildcards: sample=Control_R2
    threads: 6
    resources: tmpdir=/tmp

[Wed Jan  3 16:57:16 2024]
Finished job 20.
5 of 32 steps (16%) done
Select jobs to execute...

[Wed Jan  3 16:57:16 2024]
rule clean_data:
    input: output/Sample_R2/00_Sample_R2_R1.fq.gz, output/Sample_R2/00_Sample_R2_R2.fq.gz
    output: output/Sample_R2/01_Sample_R2_val_1.fq.gz, output/Sample_R2/01_Sample_R2_val_2.fq.gz
    jobid: 19
    reason: Missing output files: output/Sample_R2/01_Sample_R2_val_2.fq.gz, output/Sample_R2/01_Sample_R2_val_1.fq.gz; Input files updated by another job: output/Sample_R2/00_Sample_R2_R2.fq.gz, output/Sample_R2/00_Sample_R2_R1.fq.gz
    wildcards: sample=Sample_R2
    threads: 6
    resources: tmpdir=/tmp

[Wed Jan  3 16:57:16 2024]
Finished job 12.
6 of 32 steps (19%) done
Select jobs to execute...

[Wed Jan  3 16:57:16 2024]
rule clean_data:
    input: output/Control_R3/00_Control_R3_R1.fq.gz, output/Control_R3/00_Control_R3_R2.fq.gz
    output: output/Control_R3/01_Control_R3_val_1.fq.gz, output/Control_R3/01_Control_R3_val_2.fq.gz
    jobid: 11
    reason: Missing output files: output/Control_R3/01_Control_R3_val_1.fq.gz, output/Control_R3/01_Control_R3_val_2.fq.gz; Input files updated by another job: output/Control_R3/00_Control_R3_R2.fq.gz, output/Control_R3/00_Control_R3_R1.fq.gz
    wildcards: sample=Control_R3
    threads: 6
    resources: tmpdir=/tmp

[Wed Jan  3 17:00:32 2024]
Finished job 3.
7 of 32 steps (22%) done
Select jobs to execute...

[Wed Jan  3 17:00:32 2024]
rule do_fastqc:
    input: output/Control_R1/00_Control_R1_R1.fq.gz, output/Control_R1/00_Control_R1_R2.fq.gz, output/Control_R1/01_Control_R1_val_1.fq.gz, output/Control_R1/01_Control_R1_val_2.fq.gz
    output: output/Control_R1/00_Control_R1_R1_fastqc.html, output/Control_R1/01_Control_R1_val_2_fastqc.html
    jobid: 25
    reason: Missing output files: output/Control_R1/00_Control_R1_R1_fastqc.html, output/Control_R1/01_Control_R1_val_2_fastqc.html; Input files updated by another job: output/Control_R1/00_Control_R1_R1.fq.gz, output/Control_R1/01_Control_R1_val_2.fq.gz, output/Control_R1/00_Control_R1_R2.fq.gz, output/Control_R1/01_Control_R1_val_1.fq.gz
    wildcards: sample=Control_R1
    threads: 4
    resources: tmpdir=/tmp

[Wed Jan  3 17:00:43 2024]
Finished job 23.
8 of 32 steps (25%) done
Select jobs to execute...

[Wed Jan  3 17:00:43 2024]
rule do_fastqc:
    input: output/Sample_R3/00_Sample_R3_R1.fq.gz, output/Sample_R3/00_Sample_R3_R2.fq.gz, output/Sample_R3/01_Sample_R3_val_1.fq.gz, output/Sample_R3/01_Sample_R3_val_2.fq.gz
    output: output/Sample_R3/00_Sample_R3_R1_fastqc.html, output/Sample_R3/01_Sample_R3_val_2_fastqc.html
    jobid: 30
    reason: Missing output files: output/Sample_R3/00_Sample_R3_R1_fastqc.html, output/Sample_R3/01_Sample_R3_val_2_fastqc.html; Input files updated by another job: output/Sample_R3/01_Sample_R3_val_2.fq.gz, output/Sample_R3/01_Sample_R3_val_1.fq.gz, output/Sample_R3/00_Sample_R3_R2.fq.gz, output/Sample_R3/00_Sample_R3_R1.fq.gz
    wildcards: sample=Sample_R3
    threads: 4
    resources: tmpdir=/tmp

[Wed Jan  3 17:00:56 2024]
Finished job 15.
9 of 32 steps (28%) done
Select jobs to execute...

[Wed Jan  3 17:00:56 2024]
rule do_fastqc:
    input: output/Sample_R1/00_Sample_R1_R1.fq.gz, output/Sample_R1/00_Sample_R1_R2.fq.gz, output/Sample_R1/01_Sample_R1_val_1.fq.gz, output/Sample_R1/01_Sample_R1_val_2.fq.gz
    output: output/Sample_R1/00_Sample_R1_R1_fastqc.html, output/Sample_R1/01_Sample_R1_val_2_fastqc.html
    jobid: 28
    reason: Missing output files: output/Sample_R1/01_Sample_R1_val_2_fastqc.html, output/Sample_R1/00_Sample_R1_R1_fastqc.html; Input files updated by another job: output/Sample_R1/00_Sample_R1_R1.fq.gz, output/Sample_R1/01_Sample_R1_val_1.fq.gz, output/Sample_R1/01_Sample_R1_val_2.fq.gz, output/Sample_R1/00_Sample_R1_R2.fq.gz
    wildcards: sample=Sample_R1
    threads: 4
    resources: tmpdir=/tmp

[Wed Jan  3 17:01:08 2024]
Finished job 11.
10 of 32 steps (31%) done
Select jobs to execute...

[Wed Jan  3 17:01:08 2024]
rule do_fastqc:
    input: output/Control_R3/00_Control_R3_R1.fq.gz, output/Control_R3/00_Control_R3_R2.fq.gz, output/Control_R3/01_Control_R3_val_1.fq.gz, output/Control_R3/01_Control_R3_val_2.fq.gz
    output: output/Control_R3/00_Control_R3_R1_fastqc.html, output/Control_R3/01_Control_R3_val_2_fastqc.html
    jobid: 27
    reason: Missing output files: output/Control_R3/00_Control_R3_R1_fastqc.html, output/Control_R3/01_Control_R3_val_2_fastqc.html; Input files updated by another job: output/Control_R3/01_Control_R3_val_1.fq.gz, output/Control_R3/00_Control_R3_R2.fq.gz, output/Control_R3/01_Control_R3_val_2.fq.gz, output/Control_R3/00_Control_R3_R1.fq.gz
    wildcards: sample=Control_R3
    threads: 4
    resources: tmpdir=/tmp

[Wed Jan  3 17:01:09 2024]
Finished job 19.
11 of 32 steps (34%) done
Select jobs to execute...

[Wed Jan  3 17:01:09 2024]
rule map_data_hisat2:
    input: output/Sample_R2/01_Sample_R2_val_1.fq.gz, output/Sample_R2/01_Sample_R2_val_2.fq.gz
    output: output/Sample_R2/Sample_R2.bam, output/Sample_R2/Sample_R2.bam.bai
    log: logs/Sample_R2/hisat2.log
    jobid: 18
    reason: Missing output files: output/Sample_R2/Sample_R2.bam; Input files updated by another job: output/Sample_R2/01_Sample_R2_val_2.fq.gz, output/Sample_R2/01_Sample_R2_val_1.fq.gz
    wildcards: sample=Sample_R2
    threads: 10
    resources: tmpdir=/tmp


[Wed Jan  3 17:01:09 2024]
rule do_fastqc:
    input: output/Sample_R2/00_Sample_R2_R1.fq.gz, output/Sample_R2/00_Sample_R2_R2.fq.gz, output/Sample_R2/01_Sample_R2_val_1.fq.gz, output/Sample_R2/01_Sample_R2_val_2.fq.gz
    output: output/Sample_R2/00_Sample_R2_R1_fastqc.html, output/Sample_R2/01_Sample_R2_val_2_fastqc.html
    jobid: 29
    reason: Missing output files: output/Sample_R2/00_Sample_R2_R1_fastqc.html, output/Sample_R2/01_Sample_R2_val_2_fastqc.html; Input files updated by another job: output/Sample_R2/01_Sample_R2_val_2.fq.gz, output/Sample_R2/00_Sample_R2_R2.fq.gz, output/Sample_R2/01_Sample_R2_val_1.fq.gz, output/Sample_R2/00_Sample_R2_R1.fq.gz
    wildcards: sample=Sample_R2
    threads: 4
    resources: tmpdir=/tmp

[Wed Jan  3 17:01:56 2024]
Finished job 7.
12 of 32 steps (38%) done
Select jobs to execute...

[Wed Jan  3 17:01:56 2024]
rule do_fastqc:
    input: output/Control_R2/00_Control_R2_R1.fq.gz, output/Control_R2/00_Control_R2_R2.fq.gz, output/Control_R2/01_Control_R2_val_1.fq.gz, output/Control_R2/01_Control_R2_val_2.fq.gz
    output: output/Control_R2/00_Control_R2_R1_fastqc.html, output/Control_R2/01_Control_R2_val_2_fastqc.html
    jobid: 26
    reason: Missing output files: output/Control_R2/01_Control_R2_val_2_fastqc.html, output/Control_R2/00_Control_R2_R1_fastqc.html; Input files updated by another job: output/Control_R2/00_Control_R2_R1.fq.gz, output/Control_R2/00_Control_R2_R2.fq.gz, output/Control_R2/01_Control_R2_val_2.fq.gz, output/Control_R2/01_Control_R2_val_1.fq.gz
    wildcards: sample=Control_R2
    threads: 4
    resources: tmpdir=/tmp

[Wed Jan  3 17:02:29 2024]
Finished job 25.
13 of 32 steps (41%) done
Select jobs to execute...
[Wed Jan  3 17:02:39 2024]
Finished job 30.
14 of 32 steps (44%) done

[Wed Jan  3 17:02:39 2024]
rule map_data_hisat2:
    input: output/Control_R2/01_Control_R2_val_1.fq.gz, output/Control_R2/01_Control_R2_val_2.fq.gz
    output: output/Control_R2/Control_R2.bam, output/Control_R2/Control_R2.bam.bai
    log: logs/Control_R2/hisat2.log
    jobid: 6
    reason: Missing output files: output/Control_R2/Control_R2.bam; Input files updated by another job: output/Control_R2/01_Control_R2_val_2.fq.gz, output/Control_R2/01_Control_R2_val_1.fq.gz
    wildcards: sample=Control_R2
    threads: 10
    resources: tmpdir=/tmp

[Wed Jan  3 17:02:47 2024]
Finished job 28.
15 of 32 steps (47%) done
Select jobs to execute...
[Wed Jan  3 17:02:58 2024]
Finished job 29.
16 of 32 steps (50%) done
[Wed Jan  3 17:03:22 2024]
Finished job 27.
17 of 32 steps (53%) done

[Wed Jan  3 17:03:22 2024]
rule map_data_hisat2:
    input: output/Control_R3/01_Control_R3_val_1.fq.gz, output/Control_R3/01_Control_R3_val_2.fq.gz
    output: output/Control_R3/Control_R3.bam, output/Control_R3/Control_R3.bam.bai
    log: logs/Control_R3/hisat2.log
    jobid: 10
    reason: Missing output files: output/Control_R3/Control_R3.bam; Input files updated by another job: output/Control_R3/01_Control_R3_val_1.fq.gz, output/Control_R3/01_Control_R3_val_2.fq.gz
    wildcards: sample=Control_R3
    threads: 10
    resources: tmpdir=/tmp

[Wed Jan  3 17:04:01 2024]
Finished job 26.
18 of 32 steps (56%) done
Select jobs to execute...
[Wed Jan  3 17:04:02 2024]
Finished job 18.
19 of 32 steps (59%) done

[Wed Jan  3 17:04:02 2024]
rule map_data_hisat2:
    input: output/Sample_R1/01_Sample_R1_val_1.fq.gz, output/Sample_R1/01_Sample_R1_val_2.fq.gz
    output: output/Sample_R1/Sample_R1.bam, output/Sample_R1/Sample_R1.bam.bai
    log: logs/Sample_R1/hisat2.log
    jobid: 14
    reason: Missing output files: output/Sample_R1/Sample_R1.bam; Input files updated by another job: output/Sample_R1/01_Sample_R1_val_1.fq.gz, output/Sample_R1/01_Sample_R1_val_2.fq.gz
    wildcards: sample=Sample_R1
    threads: 10
    resources: tmpdir=/tmp


[Wed Jan  3 17:04:02 2024]
rule get_expression:
    input: output/Sample_R2/Sample_R2.bam
    output: output/Sample_R2/NotDedup/assembled_Sample_R2.gtf
    log: logs/Sample_R2/stringtie.log
    jobid: 17
    reason: Missing output files: output/Sample_R2/NotDedup/assembled_Sample_R2.gtf; Input files updated by another job: output/Sample_R2/Sample_R2.bam
    wildcards: sample=Sample_R2
    threads: 6
    resources: tmpdir=/tmp

[Wed Jan  3 17:04:19 2024]
Finished job 17.
20 of 32 steps (62%) done
Select jobs to execute...
[Wed Jan  3 17:06:18 2024]
Finished job 6.
21 of 32 steps (66%) done

[Wed Jan  3 17:06:18 2024]
rule map_data_hisat2:
    input: output/Sample_R3/01_Sample_R3_val_1.fq.gz, output/Sample_R3/01_Sample_R3_val_2.fq.gz
    output: output/Sample_R3/Sample_R3.bam, output/Sample_R3/Sample_R3.bam.bai
    log: logs/Sample_R3/hisat2.log
    jobid: 22
    reason: Missing output files: output/Sample_R3/Sample_R3.bam; Input files updated by another job: output/Sample_R3/01_Sample_R3_val_2.fq.gz, output/Sample_R3/01_Sample_R3_val_1.fq.gz
    wildcards: sample=Sample_R3
    threads: 10
    resources: tmpdir=/tmp


[Wed Jan  3 17:06:18 2024]
rule get_expression:
    input: output/Control_R2/Control_R2.bam
    output: output/Control_R2/NotDedup/assembled_Control_R2.gtf
    log: logs/Control_R2/stringtie.log
    jobid: 5
    reason: Missing output files: output/Control_R2/NotDedup/assembled_Control_R2.gtf; Input files updated by another job: output/Control_R2/Control_R2.bam
    wildcards: sample=Control_R2
    threads: 6
    resources: tmpdir=/tmp

[Wed Jan  3 17:06:31 2024]
Finished job 14.
22 of 32 steps (69%) done
Select jobs to execute...

[Wed Jan  3 17:06:31 2024]
rule map_data_hisat2:
    input: output/Control_R1/01_Control_R1_val_1.fq.gz, output/Control_R1/01_Control_R1_val_2.fq.gz
    output: output/Control_R1/Control_R1.bam, output/Control_R1/Control_R1.bam.bai
    log: logs/Control_R1/hisat2.log
    jobid: 2
    reason: Missing output files: output/Control_R1/Control_R1.bam; Input files updated by another job: output/Control_R1/01_Control_R1_val_2.fq.gz, output/Control_R1/01_Control_R1_val_1.fq.gz
    wildcards: sample=Control_R1
    threads: 10
    resources: tmpdir=/tmp

[Wed Jan  3 17:06:39 2024]
Finished job 5.
23 of 32 steps (72%) done
Select jobs to execute...

[Wed Jan  3 17:06:39 2024]
rule get_expression:
    input: output/Sample_R1/Sample_R1.bam
    output: output/Sample_R1/NotDedup/assembled_Sample_R1.gtf
    log: logs/Sample_R1/stringtie.log
    jobid: 13
    reason: Missing output files: output/Sample_R1/NotDedup/assembled_Sample_R1.gtf; Input files updated by another job: output/Sample_R1/Sample_R1.bam
    wildcards: sample=Sample_R1
    threads: 6
    resources: tmpdir=/tmp

[Wed Jan  3 17:06:55 2024]
Finished job 13.
24 of 32 steps (75%) done
[Wed Jan  3 17:07:15 2024]
Finished job 10.
25 of 32 steps (78%) done
Select jobs to execute...

[Wed Jan  3 17:07:15 2024]
rule get_expression:
    input: output/Control_R3/Control_R3.bam
    output: output/Control_R3/NotDedup/assembled_Control_R3.gtf
    log: logs/Control_R3/stringtie.log
    jobid: 9
    reason: Missing output files: output/Control_R3/NotDedup/assembled_Control_R3.gtf; Input files updated by another job: output/Control_R3/Control_R3.bam
    wildcards: sample=Control_R3
    threads: 6
    resources: tmpdir=/tmp

[Wed Jan  3 17:07:49 2024]
Finished job 9.
26 of 32 steps (81%) done
[Wed Jan  3 17:08:51 2024]
Finished job 2.
27 of 32 steps (84%) done
Select jobs to execute...

[Wed Jan  3 17:08:51 2024]
rule get_expression:
    input: output/Control_R1/Control_R1.bam
    output: output/Control_R1/NotDedup/assembled_Control_R1.gtf
    log: logs/Control_R1/stringtie.log
    jobid: 1
    reason: Missing output files: output/Control_R1/NotDedup/assembled_Control_R1.gtf; Input files updated by another job: output/Control_R1/Control_R1.bam
    wildcards: sample=Control_R1
    threads: 6
    resources: tmpdir=/tmp

[Wed Jan  3 17:08:56 2024]
Finished job 22.
28 of 32 steps (88%) done
Select jobs to execute...

[Wed Jan  3 17:08:56 2024]
rule make_deep_bins_notDedup:
    input: output/Control_R1/Control_R1.bam, output/Control_R2/Control_R2.bam, output/Control_R3/Control_R3.bam, output/Sample_R1/Sample_R1.bam, output/Sample_R2/Sample_R2.bam, output/Sample_R3/Sample_R3.bam
    output: output/mapped.npz, output/mapped_counts.tsv
    jobid: 31
    reason: Missing output files: output/mapped_counts.tsv; Input files updated by another job: output/Control_R2/Control_R2.bam, output/Sample_R3/Sample_R3.bam, output/Sample_R2/Sample_R2.bam, output/Control_R3/Control_R3.bam, output/Control_R1/Control_R1.bam, output/Sample_R1/Sample_R1.bam
    threads: 30
    resources: tmpdir=/tmp

[Wed Jan  3 17:09:06 2024]
Finished job 1.
29 of 32 steps (91%) done
Select jobs to execute...

[Wed Jan  3 17:09:06 2024]
rule get_expression:
    input: output/Sample_R3/Sample_R3.bam
    output: output/Sample_R3/NotDedup/assembled_Sample_R3.gtf
    log: logs/Sample_R3/stringtie.log
    jobid: 21
    reason: Missing output files: output/Sample_R3/NotDedup/assembled_Sample_R3.gtf; Input files updated by another job: output/Sample_R3/Sample_R3.bam
    wildcards: sample=Sample_R3
    threads: 6
    resources: tmpdir=/tmp

[Wed Jan  3 17:09:24 2024]
Finished job 21.
30 of 32 steps (94%) done
[Wed Jan  3 17:11:07 2024]
Finished job 31.
31 of 32 steps (97%) done
Select jobs to execute...

[Wed Jan  3 17:11:07 2024]
localrule all:
    input: output/Control_R1/NotDedup/assembled_Control_R1.gtf, output/Control_R2/NotDedup/assembled_Control_R2.gtf, output/Control_R3/NotDedup/assembled_Control_R3.gtf, output/Sample_R1/NotDedup/assembled_Sample_R1.gtf, output/Sample_R2/NotDedup/assembled_Sample_R2.gtf, output/Sample_R3/NotDedup/assembled_Sample_R3.gtf, output/Control_R1/Control_R1.bam, output/Control_R2/Control_R2.bam, output/Control_R3/Control_R3.bam, output/Sample_R1/Sample_R1.bam, output/Sample_R2/Sample_R2.bam, output/Sample_R3/Sample_R3.bam, output/Control_R1/00_Control_R1_R1_fastqc.html, output/Control_R2/00_Control_R2_R1_fastqc.html, output/Control_R3/00_Control_R3_R1_fastqc.html, output/Sample_R1/00_Sample_R1_R1_fastqc.html, output/Sample_R2/00_Sample_R2_R1_fastqc.html, output/Sample_R3/00_Sample_R3_R1_fastqc.html, output/Control_R1/01_Control_R1_val_2_fastqc.html, output/Control_R2/01_Control_R2_val_2_fastqc.html, output/Control_R3/01_Control_R3_val_2_fastqc.html, output/Sample_R1/01_Sample_R1_val_2_fastqc.html, output/Sample_R2/01_Sample_R2_val_2_fastqc.html, output/Sample_R3/01_Sample_R3_val_2_fastqc.html, output/mapped_counts.tsv
    jobid: 0
    reason: Input files updated by another job: output/Control_R1/00_Control_R1_R1_fastqc.html, output/Sample_R3/Sample_R3.bam, output/Sample_R1/01_Sample_R1_val_2_fastqc.html, output/Sample_R3/01_Sample_R3_val_2_fastqc.html, output/Sample_R2/Sample_R2.bam, output/Sample_R2/00_Sample_R2_R1_fastqc.html, output/mapped_counts.tsv, output/Sample_R1/NotDedup/assembled_Sample_R1.gtf, output/Control_R3/NotDedup/assembled_Control_R3.gtf, output/Sample_R2/01_Sample_R2_val_2_fastqc.html, output/Sample_R1/Sample_R1.bam, output/Control_R2/NotDedup/assembled_Control_R2.gtf, output/Control_R2/00_Control_R2_R1_fastqc.html, output/Control_R1/Control_R1.bam, output/Sample_R3/00_Sample_R3_R1_fastqc.html, output/Sample_R2/NotDedup/assembled_Sample_R2.gtf, output/Sample_R3/NotDedup/assembled_Sample_R3.gtf, output/Control_R1/NotDedup/assembled_Control_R1.gtf, output/Control_R1/01_Control_R1_val_2_fastqc.html, output/Sample_R1/00_Sample_R1_R1_fastqc.html, output/Control_R2/01_Control_R2_val_2_fastqc.html, output/Control_R2/Control_R2.bam, output/Control_R3/00_Control_R3_R1_fastqc.html, output/Control_R3/Control_R3.bam, output/Control_R3/01_Control_R3_val_2_fastqc.html
    resources: tmpdir=/tmp

[Wed Jan  3 17:11:07 2024]
Finished job 0.
32 of 32 steps (100%) done
Complete log: ../../../../../scratch/kotryna/Giedrius/2024_GRIL/data_prep/.snakemake/log/2024-01-03T165700.476125.snakemake.log
