Building DAG of jobs...
Using shell: /usr/bin/bash
Provided cores: 36
Rules claiming more threads will be scaled down.
Job stats:
job               count    min threads    max threads
--------------  -------  -------------  -------------
all                   1              1              1
do_fastqc             6              4              4
get_expression        6              6              6
total                13              1              6

Select jobs to execute...

[Wed Jan  3 16:33:15 2024]
rule get_expression:
    input: output/Control_R3/Control_R3.bam
    output: output/Control_R3/NotDedup/assembled_Control_R3.gtf
    log: logs/Control_R3/stringtie.log
    jobid: 9
    reason: Missing output files: output/Control_R3/NotDedup/assembled_Control_R3.gtf
    wildcards: sample=Control_R3
    threads: 6
    resources: tmpdir=/tmp


[Wed Jan  3 16:33:15 2024]
rule do_fastqc:
    input: output/Control_R2/00_Control_R2_R1.fq.gz, output/Control_R2/00_Control_R2_R2.fq.gz, output/Control_R2/01_Control_R2_val_1.fq.gz, output/Control_R2/01_Control_R2_val_2.fq.gz
    output: output/Control_R2/00_Control_R2_R1_fastqc.html, output/Control_R2/01_Control_R2_val_2_fastqc.html
    jobid: 26
    reason: Missing output files: output/Control_R2/00_Control_R2_R1_fastqc.html
    wildcards: sample=Control_R2
    threads: 4
    resources: tmpdir=/tmp


[Wed Jan  3 16:33:15 2024]
rule do_fastqc:
    input: output/Sample_R1/00_Sample_R1_R1.fq.gz, output/Sample_R1/00_Sample_R1_R2.fq.gz, output/Sample_R1/01_Sample_R1_val_1.fq.gz, output/Sample_R1/01_Sample_R1_val_2.fq.gz
    output: output/Sample_R1/00_Sample_R1_R1_fastqc.html, output/Sample_R1/01_Sample_R1_val_2_fastqc.html
    jobid: 28
    reason: Missing output files: output/Sample_R1/00_Sample_R1_R1_fastqc.html
    wildcards: sample=Sample_R1
    threads: 4
    resources: tmpdir=/tmp


[Wed Jan  3 16:33:15 2024]
rule do_fastqc:
    input: output/Sample_R3/00_Sample_R3_R1.fq.gz, output/Sample_R3/00_Sample_R3_R2.fq.gz, output/Sample_R3/01_Sample_R3_val_1.fq.gz, output/Sample_R3/01_Sample_R3_val_2.fq.gz
    output: output/Sample_R3/00_Sample_R3_R1_fastqc.html, output/Sample_R3/01_Sample_R3_val_2_fastqc.html
    jobid: 30
    reason: Missing output files: output/Sample_R3/00_Sample_R3_R1_fastqc.html
    wildcards: sample=Sample_R3
    threads: 4
    resources: tmpdir=/tmp


[Wed Jan  3 16:33:15 2024]
rule do_fastqc:
    input: output/Control_R1/00_Control_R1_R1.fq.gz, output/Control_R1/00_Control_R1_R2.fq.gz, output/Control_R1/01_Control_R1_val_1.fq.gz, output/Control_R1/01_Control_R1_val_2.fq.gz
    output: output/Control_R1/00_Control_R1_R1_fastqc.html, output/Control_R1/01_Control_R1_val_2_fastqc.html
    jobid: 25
    reason: Missing output files: output/Control_R1/00_Control_R1_R1_fastqc.html
    wildcards: sample=Control_R1
    threads: 4
    resources: tmpdir=/tmp


[Wed Jan  3 16:33:15 2024]
rule do_fastqc:
    input: output/Control_R3/00_Control_R3_R1.fq.gz, output/Control_R3/00_Control_R3_R2.fq.gz, output/Control_R3/01_Control_R3_val_1.fq.gz, output/Control_R3/01_Control_R3_val_2.fq.gz
    output: output/Control_R3/00_Control_R3_R1_fastqc.html, output/Control_R3/01_Control_R3_val_2_fastqc.html
    jobid: 27
    reason: Missing output files: output/Control_R3/00_Control_R3_R1_fastqc.html
    wildcards: sample=Control_R3
    threads: 4
    resources: tmpdir=/tmp


[Wed Jan  3 16:33:15 2024]
rule do_fastqc:
    input: output/Sample_R2/00_Sample_R2_R1.fq.gz, output/Sample_R2/00_Sample_R2_R2.fq.gz, output/Sample_R2/01_Sample_R2_val_1.fq.gz, output/Sample_R2/01_Sample_R2_val_2.fq.gz
    output: output/Sample_R2/00_Sample_R2_R1_fastqc.html, output/Sample_R2/01_Sample_R2_val_2_fastqc.html
    jobid: 29
    reason: Missing output files: output/Sample_R2/00_Sample_R2_R1_fastqc.html
    wildcards: sample=Sample_R2
    threads: 4
    resources: tmpdir=/tmp


[Wed Jan  3 16:33:15 2024]
rule get_expression:
    input: output/Control_R2/Control_R2.bam
    output: output/Control_R2/NotDedup/assembled_Control_R2.gtf
    log: logs/Control_R2/stringtie.log
    jobid: 5
    reason: Missing output files: output/Control_R2/NotDedup/assembled_Control_R2.gtf
    wildcards: sample=Control_R2
    threads: 6
    resources: tmpdir=/tmp

[Wed Jan  3 16:33:15 2024]
Error in rule get_expression:
    jobid: 9
    input: output/Control_R3/Control_R3.bam
    output: output/Control_R3/NotDedup/assembled_Control_R3.gtf
    log: logs/Control_R3/stringtie.log (check log file(s) for error details)
    shell:
        
        mkdir -p output/Control_R3/NotDedup/
        /mnt/store/DMTS/common_programs/stringtie-2.1.5.Linux_x86_64/stringtie output/Control_R3/Control_R3.bam -G /mnt/store/annotations/NC_009004_with_6libs_sRNA_23.12.06.gff -eB -p 6 -o output/Control_R3/NotDedup/assembled_Control_R3.gtf 
        
        (one of the commands exited with non-zero exit code; note that snakemake uses bash strict mode!)

[Wed Jan  3 16:33:15 2024]
Error in rule get_expression:
    jobid: 5
    input: output/Control_R2/Control_R2.bam
    output: output/Control_R2/NotDedup/assembled_Control_R2.gtf
    log: logs/Control_R2/stringtie.log (check log file(s) for error details)
    shell:
        
        mkdir -p output/Control_R2/NotDedup/
        /mnt/store/DMTS/common_programs/stringtie-2.1.5.Linux_x86_64/stringtie output/Control_R2/Control_R2.bam -G /mnt/store/annotations/NC_009004_with_6libs_sRNA_23.12.06.gff -eB -p 6 -o output/Control_R2/NotDedup/assembled_Control_R2.gtf 
        
        (one of the commands exited with non-zero exit code; note that snakemake uses bash strict mode!)

[Wed Jan  3 16:34:43 2024]
Finished job 25.
1 of 13 steps (8%) done
[Wed Jan  3 16:34:45 2024]
Finished job 30.
2 of 13 steps (15%) done
[Wed Jan  3 16:34:47 2024]
Finished job 29.
3 of 13 steps (23%) done
[Wed Jan  3 16:34:48 2024]
Finished job 28.
4 of 13 steps (31%) done
[Wed Jan  3 16:35:10 2024]
Finished job 27.
5 of 13 steps (38%) done
[Wed Jan  3 16:35:15 2024]
Finished job 26.
6 of 13 steps (46%) done
Shutting down, this might take some time.
Exiting because a job execution failed. Look above for error message
Complete log: ../../../../../scratch/kotryna/Giedrius/2024_GRIL/data_prep/.snakemake/log/2024-01-03T163314.736279.snakemake.log
