Building DAG of jobs...
Using shell: /usr/bin/bash
Provided cores: 36
Rules claiming more threads will be scaled down.
Job stats:
job                        count    min threads    max threads
-----------------------  -------  -------------  -------------
all                            1              1              1
clean_data                     6              6              6
do_fastqc                      6              3              3
make_deep_bins_notDedup        1             30             30
map_data_hisat2                6             20             20
merge_copy_fastq               6              2              2
total                         26              1             30

Select jobs to execute...

[Wed Jan  3 14:09:34 2024]
rule merge_copy_fastq:
    input: input
    output: output/Control_R3/00_Control_R3_R1.fq.gz, output/Control_R3/00_Control_R3_R2.fq.gz
    jobid: 9
    reason: Missing output files: output/Control_R3/00_Control_R3_R2.fq.gz, output/Control_R3/00_Control_R3_R1.fq.gz
    wildcards: sample=Control_R3
    threads: 2
    resources: tmpdir=/tmp


[Wed Jan  3 14:09:34 2024]
rule merge_copy_fastq:
    input: input
    output: output/Sample_R2/00_Sample_R2_R1.fq.gz, output/Sample_R2/00_Sample_R2_R2.fq.gz
    jobid: 15
    reason: Missing output files: output/Sample_R2/00_Sample_R2_R2.fq.gz, output/Sample_R2/00_Sample_R2_R1.fq.gz
    wildcards: sample=Sample_R2
    threads: 2
    resources: tmpdir=/tmp


[Wed Jan  3 14:09:34 2024]
rule merge_copy_fastq:
    input: input
    output: output/Control_R2/00_Control_R2_R1.fq.gz, output/Control_R2/00_Control_R2_R2.fq.gz
    jobid: 6
    reason: Missing output files: output/Control_R2/00_Control_R2_R2.fq.gz, output/Control_R2/00_Control_R2_R1.fq.gz
    wildcards: sample=Control_R2
    threads: 2
    resources: tmpdir=/tmp


[Wed Jan  3 14:09:34 2024]
rule merge_copy_fastq:
    input: input
    output: output/Sample_R1/00_Sample_R1_R1.fq.gz, output/Sample_R1/00_Sample_R1_R2.fq.gz
    jobid: 12
    reason: Missing output files: output/Sample_R1/00_Sample_R1_R1.fq.gz, output/Sample_R1/00_Sample_R1_R2.fq.gz
    wildcards: sample=Sample_R1
    threads: 2
    resources: tmpdir=/tmp


[Wed Jan  3 14:09:34 2024]
rule merge_copy_fastq:
    input: input
    output: output/Sample_R3/00_Sample_R3_R1.fq.gz, output/Sample_R3/00_Sample_R3_R2.fq.gz
    jobid: 18
    reason: Missing output files: output/Sample_R3/00_Sample_R3_R2.fq.gz, output/Sample_R3/00_Sample_R3_R1.fq.gz
    wildcards: sample=Sample_R3
    threads: 2
    resources: tmpdir=/tmp


[Wed Jan  3 14:09:34 2024]
rule merge_copy_fastq:
    input: input
    output: output/Control_R1/00_Control_R1_R1.fq.gz, output/Control_R1/00_Control_R1_R2.fq.gz
    jobid: 3
    reason: Missing output files: output/Control_R1/00_Control_R1_R2.fq.gz, output/Control_R1/00_Control_R1_R1.fq.gz
    wildcards: sample=Control_R1
    threads: 2
    resources: tmpdir=/tmp

[Wed Jan  3 14:09:44 2024]
Finished job 12.
1 of 26 steps (4%) done
Select jobs to execute...

[Wed Jan  3 14:09:44 2024]
rule clean_data:
    input: output/Sample_R1/00_Sample_R1_R1.fq.gz, output/Sample_R1/00_Sample_R1_R2.fq.gz
    output: output/Sample_R1/01_Sample_R1_val_1.fq.gz, output/Sample_R1/01_Sample_R1_val_2.fq.gz
    jobid: 11
    reason: Missing output files: output/Sample_R1/01_Sample_R1_val_1.fq.gz, output/Sample_R1/01_Sample_R1_val_2.fq.gz; Input files updated by another job: output/Sample_R1/00_Sample_R1_R1.fq.gz, output/Sample_R1/00_Sample_R1_R2.fq.gz
    wildcards: sample=Sample_R1
    threads: 6
    resources: tmpdir=/tmp

[Wed Jan  3 14:09:44 2024]
Finished job 3.
2 of 26 steps (8%) done
Select jobs to execute...

[Wed Jan  3 14:09:44 2024]
rule clean_data:
    input: output/Control_R1/00_Control_R1_R1.fq.gz, output/Control_R1/00_Control_R1_R2.fq.gz
    output: output/Control_R1/01_Control_R1_val_1.fq.gz, output/Control_R1/01_Control_R1_val_2.fq.gz
    jobid: 2
    reason: Missing output files: output/Control_R1/01_Control_R1_val_1.fq.gz, output/Control_R1/01_Control_R1_val_2.fq.gz; Input files updated by another job: output/Control_R1/00_Control_R1_R2.fq.gz, output/Control_R1/00_Control_R1_R1.fq.gz
    wildcards: sample=Control_R1
    threads: 6
    resources: tmpdir=/tmp

[Wed Jan  3 14:09:49 2024]
Finished job 15.
3 of 26 steps (12%) done
Select jobs to execute...

[Wed Jan  3 14:09:49 2024]
rule clean_data:
    input: output/Sample_R2/00_Sample_R2_R1.fq.gz, output/Sample_R2/00_Sample_R2_R2.fq.gz
    output: output/Sample_R2/01_Sample_R2_val_1.fq.gz, output/Sample_R2/01_Sample_R2_val_2.fq.gz
    jobid: 14
    reason: Missing output files: output/Sample_R2/01_Sample_R2_val_2.fq.gz, output/Sample_R2/01_Sample_R2_val_1.fq.gz; Input files updated by another job: output/Sample_R2/00_Sample_R2_R2.fq.gz, output/Sample_R2/00_Sample_R2_R1.fq.gz
    wildcards: sample=Sample_R2
    threads: 6
    resources: tmpdir=/tmp

[Wed Jan  3 14:09:50 2024]
Finished job 9.
4 of 26 steps (15%) done
Select jobs to execute...

[Wed Jan  3 14:09:50 2024]
rule clean_data:
    input: output/Control_R3/00_Control_R3_R1.fq.gz, output/Control_R3/00_Control_R3_R2.fq.gz
    output: output/Control_R3/01_Control_R3_val_1.fq.gz, output/Control_R3/01_Control_R3_val_2.fq.gz
    jobid: 8
    reason: Missing output files: output/Control_R3/01_Control_R3_val_1.fq.gz, output/Control_R3/01_Control_R3_val_2.fq.gz; Input files updated by another job: output/Control_R3/00_Control_R3_R2.fq.gz, output/Control_R3/00_Control_R3_R1.fq.gz
    wildcards: sample=Control_R3
    threads: 6
    resources: tmpdir=/tmp

[Wed Jan  3 14:09:50 2024]
Finished job 6.
5 of 26 steps (19%) done
Select jobs to execute...

[Wed Jan  3 14:09:51 2024]
rule clean_data:
    input: output/Control_R2/00_Control_R2_R1.fq.gz, output/Control_R2/00_Control_R2_R2.fq.gz
    output: output/Control_R2/01_Control_R2_val_1.fq.gz, output/Control_R2/01_Control_R2_val_2.fq.gz
    jobid: 5
    reason: Missing output files: output/Control_R2/01_Control_R2_val_2.fq.gz, output/Control_R2/01_Control_R2_val_1.fq.gz; Input files updated by another job: output/Control_R2/00_Control_R2_R2.fq.gz, output/Control_R2/00_Control_R2_R1.fq.gz
    wildcards: sample=Control_R2
    threads: 6
    resources: tmpdir=/tmp

[Wed Jan  3 14:09:51 2024]
Finished job 18.
6 of 26 steps (23%) done
Select jobs to execute...

[Wed Jan  3 14:09:51 2024]
rule clean_data:
    input: output/Sample_R3/00_Sample_R3_R1.fq.gz, output/Sample_R3/00_Sample_R3_R2.fq.gz
    output: output/Sample_R3/01_Sample_R3_val_1.fq.gz, output/Sample_R3/01_Sample_R3_val_2.fq.gz
    jobid: 17
    reason: Missing output files: output/Sample_R3/01_Sample_R3_val_1.fq.gz, output/Sample_R3/01_Sample_R3_val_2.fq.gz; Input files updated by another job: output/Sample_R3/00_Sample_R3_R2.fq.gz, output/Sample_R3/00_Sample_R3_R1.fq.gz
    wildcards: sample=Sample_R3
    threads: 6
    resources: tmpdir=/tmp

[Wed Jan  3 14:13:24 2024]
Finished job 11.
7 of 26 steps (27%) done
Select jobs to execute...

[Wed Jan  3 14:13:24 2024]
rule do_fastqc:
    input: output/Sample_R1/00_Sample_R1_R1.fq.gz, output/Sample_R1/00_Sample_R1_R2.fq.gz, output/Sample_R1/01_Sample_R1_val_1.fq.gz, output/Sample_R1/01_Sample_R1_val_2.fq.gz
    output: output/Sample_R1/00_Sample_R1_R2_fastqc.html, output/Sample_R1/Sample_R1_val_2_fastqc.html
    jobid: 22
    reason: Missing output files: output/Sample_R1/00_Sample_R1_R2_fastqc.html, output/Sample_R1/Sample_R1_val_2_fastqc.html; Input files updated by another job: output/Sample_R1/01_Sample_R1_val_1.fq.gz, output/Sample_R1/00_Sample_R1_R2.fq.gz, output/Sample_R1/00_Sample_R1_R1.fq.gz, output/Sample_R1/01_Sample_R1_val_2.fq.gz
    wildcards: sample=Sample_R1
    threads: 3
    resources: tmpdir=/tmp

[Wed Jan  3 14:14:09 2024]
Finished job 14.
8 of 26 steps (31%) done
Select jobs to execute...

[Wed Jan  3 14:14:09 2024]
rule do_fastqc:
    input: output/Sample_R2/00_Sample_R2_R1.fq.gz, output/Sample_R2/00_Sample_R2_R2.fq.gz, output/Sample_R2/01_Sample_R2_val_1.fq.gz, output/Sample_R2/01_Sample_R2_val_2.fq.gz
    output: output/Sample_R2/00_Sample_R2_R2_fastqc.html, output/Sample_R2/Sample_R2_val_2_fastqc.html
    jobid: 23
    reason: Missing output files: output/Sample_R2/00_Sample_R2_R2_fastqc.html, output/Sample_R2/Sample_R2_val_2_fastqc.html; Input files updated by another job: output/Sample_R2/00_Sample_R2_R2.fq.gz, output/Sample_R2/01_Sample_R2_val_2.fq.gz, output/Sample_R2/01_Sample_R2_val_1.fq.gz, output/Sample_R2/00_Sample_R2_R1.fq.gz
    wildcards: sample=Sample_R2
    threads: 3
    resources: tmpdir=/tmp

[Wed Jan  3 14:14:33 2024]
Finished job 2.
9 of 26 steps (35%) done
Select jobs to execute...

[Wed Jan  3 14:14:33 2024]
rule do_fastqc:
    input: output/Control_R1/00_Control_R1_R1.fq.gz, output/Control_R1/00_Control_R1_R2.fq.gz, output/Control_R1/01_Control_R1_val_1.fq.gz, output/Control_R1/01_Control_R1_val_2.fq.gz
    output: output/Control_R1/00_Control_R1_R2_fastqc.html, output/Control_R1/Control_R1_val_2_fastqc.html
    jobid: 19
    reason: Missing output files: output/Control_R1/Control_R1_val_2_fastqc.html, output/Control_R1/00_Control_R1_R2_fastqc.html; Input files updated by another job: output/Control_R1/01_Control_R1_val_1.fq.gz, output/Control_R1/00_Control_R1_R2.fq.gz, output/Control_R1/01_Control_R1_val_2.fq.gz, output/Control_R1/00_Control_R1_R1.fq.gz
    wildcards: sample=Control_R1
    threads: 3
    resources: tmpdir=/tmp

[Wed Jan  3 14:14:58 2024]
Finished job 8.
10 of 26 steps (38%) done
Select jobs to execute...

[Wed Jan  3 14:14:58 2024]
rule do_fastqc:
    input: output/Control_R3/00_Control_R3_R1.fq.gz, output/Control_R3/00_Control_R3_R2.fq.gz, output/Control_R3/01_Control_R3_val_1.fq.gz, output/Control_R3/01_Control_R3_val_2.fq.gz
    output: output/Control_R3/00_Control_R3_R2_fastqc.html, output/Control_R3/Control_R3_val_2_fastqc.html
    jobid: 21
    reason: Missing output files: output/Control_R3/00_Control_R3_R2_fastqc.html, output/Control_R3/Control_R3_val_2_fastqc.html; Input files updated by another job: output/Control_R3/00_Control_R3_R2.fq.gz, output/Control_R3/01_Control_R3_val_1.fq.gz, output/Control_R3/00_Control_R3_R1.fq.gz, output/Control_R3/01_Control_R3_val_2.fq.gz
    wildcards: sample=Control_R3
    threads: 3
    resources: tmpdir=/tmp

[Wed Jan  3 14:15:02 2024]
Finished job 5.
11 of 26 steps (42%) done
Select jobs to execute...

[Wed Jan  3 14:15:02 2024]
rule do_fastqc:
    input: output/Control_R2/00_Control_R2_R1.fq.gz, output/Control_R2/00_Control_R2_R2.fq.gz, output/Control_R2/01_Control_R2_val_1.fq.gz, output/Control_R2/01_Control_R2_val_2.fq.gz
    output: output/Control_R2/00_Control_R2_R2_fastqc.html, output/Control_R2/Control_R2_val_2_fastqc.html
    jobid: 20
    reason: Missing output files: output/Control_R2/Control_R2_val_2_fastqc.html, output/Control_R2/00_Control_R2_R2_fastqc.html; Input files updated by another job: output/Control_R2/01_Control_R2_val_2.fq.gz, output/Control_R2/00_Control_R2_R2.fq.gz, output/Control_R2/01_Control_R2_val_1.fq.gz, output/Control_R2/00_Control_R2_R1.fq.gz
    wildcards: sample=Control_R2
    threads: 3
    resources: tmpdir=/tmp

[Wed Jan  3 14:15:12 2024]
Finished job 17.
12 of 26 steps (46%) done
Select jobs to execute...

[Wed Jan  3 14:15:12 2024]
rule do_fastqc:
    input: output/Sample_R3/00_Sample_R3_R1.fq.gz, output/Sample_R3/00_Sample_R3_R2.fq.gz, output/Sample_R3/01_Sample_R3_val_1.fq.gz, output/Sample_R3/01_Sample_R3_val_2.fq.gz
    output: output/Sample_R3/00_Sample_R3_R2_fastqc.html, output/Sample_R3/Sample_R3_val_2_fastqc.html
    jobid: 24
    reason: Missing output files: output/Sample_R3/00_Sample_R3_R2_fastqc.html, output/Sample_R3/Sample_R3_val_2_fastqc.html; Input files updated by another job: output/Sample_R3/00_Sample_R3_R2.fq.gz, output/Sample_R3/00_Sample_R3_R1.fq.gz, output/Sample_R3/01_Sample_R3_val_1.fq.gz, output/Sample_R3/01_Sample_R3_val_2.fq.gz
    wildcards: sample=Sample_R3
    threads: 3
    resources: tmpdir=/tmp

Waiting at most 5 seconds for missing files.
MissingOutputException in rule do_fastqc in file /scratch/kotryna/Giedrius/2024_GRIL/data_prep/Snakefile, line 154:
Job 19  completed successfully, but some output files are missing. Missing files after 5 seconds. This might be due to filesystem latency. If that is the case, consider to increase the wait time with --latency-wait:
output/Control_R1/Control_R1_val_2_fastqc.html
Removing output files of failed job do_fastqc since they might be corrupted:
output/Control_R1/00_Control_R1_R2_fastqc.html
Waiting at most 5 seconds for missing files.
MissingOutputException in rule do_fastqc in file /scratch/kotryna/Giedrius/2024_GRIL/data_prep/Snakefile, line 154:
Job 22  completed successfully, but some output files are missing. Missing files after 5 seconds. This might be due to filesystem latency. If that is the case, consider to increase the wait time with --latency-wait:
output/Sample_R1/Sample_R1_val_2_fastqc.html
Removing output files of failed job do_fastqc since they might be corrupted:
output/Sample_R1/00_Sample_R1_R2_fastqc.html
Waiting at most 5 seconds for missing files.
MissingOutputException in rule do_fastqc in file /scratch/kotryna/Giedrius/2024_GRIL/data_prep/Snakefile, line 154:
Job 24  completed successfully, but some output files are missing. Missing files after 5 seconds. This might be due to filesystem latency. If that is the case, consider to increase the wait time with --latency-wait:
output/Sample_R3/Sample_R3_val_2_fastqc.html
Removing output files of failed job do_fastqc since they might be corrupted:
output/Sample_R3/00_Sample_R3_R2_fastqc.html
Waiting at most 5 seconds for missing files.
MissingOutputException in rule do_fastqc in file /scratch/kotryna/Giedrius/2024_GRIL/data_prep/Snakefile, line 154:
Job 23  completed successfully, but some output files are missing. Missing files after 5 seconds. This might be due to filesystem latency. If that is the case, consider to increase the wait time with --latency-wait:
output/Sample_R2/Sample_R2_val_2_fastqc.html
Removing output files of failed job do_fastqc since they might be corrupted:
output/Sample_R2/00_Sample_R2_R2_fastqc.html
Waiting at most 5 seconds for missing files.
MissingOutputException in rule do_fastqc in file /scratch/kotryna/Giedrius/2024_GRIL/data_prep/Snakefile, line 154:
Job 20  completed successfully, but some output files are missing. Missing files after 5 seconds. This might be due to filesystem latency. If that is the case, consider to increase the wait time with --latency-wait:
output/Control_R2/Control_R2_val_2_fastqc.html
Removing output files of failed job do_fastqc since they might be corrupted:
output/Control_R2/00_Control_R2_R2_fastqc.html
Waiting at most 5 seconds for missing files.
MissingOutputException in rule do_fastqc in file /scratch/kotryna/Giedrius/2024_GRIL/data_prep/Snakefile, line 154:
Job 21  completed successfully, but some output files are missing. Missing files after 5 seconds. This might be due to filesystem latency. If that is the case, consider to increase the wait time with --latency-wait:
output/Control_R3/Control_R3_val_2_fastqc.html
Removing output files of failed job do_fastqc since they might be corrupted:
output/Control_R3/00_Control_R3_R2_fastqc.html
Shutting down, this might take some time.
Exiting because a job execution failed. Look above for error message
Complete log: ../../../../../scratch/kotryna/Giedrius/2024_GRIL/data_prep/.snakemake/log/2024-01-03T140934.605870.snakemake.log
