Building DAG of jobs...
Using shell: /usr/bin/bash
Provided cores: 10
Rules claiming more threads will be scaled down.
Job stats:
job                count    min threads    max threads
---------------  -------  -------------  -------------
all                    1              1              1
dedup_data             7             10             10
do_fastqc              7              4              4
extend_reads           7              6              6
map_data_hisat2        7             10             10
move_left              7              1              1
remap                  7             10             10
seqpurge               7              6              6
total                 50              1             10

Select jobs to execute...

[Fri Jan  5 14:28:11 2024]
rule seqpurge:
    input: output/FivePoints_1/01_FivePoints_1_R1.fastq.gz, output/FivePoints_1/02_FivePoints_1_R2.fastq.gz
    output: output/FivePoints_1/03_FivePoints_1_R1.fastq.gz, output/FivePoints_1/03_FivePoints_1_R2.fastq.gz
    log: logs/FivePoints_1_seqpurge.log
    jobid: 60
    reason: Missing output files: output/FivePoints_1/03_FivePoints_1_R2.fastq.gz, output/FivePoints_1/03_FivePoints_1_R1.fastq.gz
    wildcards: sample=FivePoints_1
    threads: 6
    resources: tmpdir=/tmp

[Fri Jan  5 14:28:41 2024]
Finished job 60.
1 of 50 steps (2%) done
Removing temporary output output/FivePoints_1/01_FivePoints_1_R1.fastq.gz.
Removing temporary output output/FivePoints_1/02_FivePoints_1_R2.fastq.gz.
Select jobs to execute...

[Fri Jan  5 14:28:42 2024]
rule seqpurge:
    input: output/PnG_1/01_PnG_1_R1.fastq.gz, output/PnG_1/02_PnG_1_R2.fastq.gz
    output: output/PnG_1/03_PnG_1_R1.fastq.gz, output/PnG_1/03_PnG_1_R2.fastq.gz
    log: logs/PnG_1_seqpurge.log
    jobid: 24
    reason: Missing output files: output/PnG_1/03_PnG_1_R1.fastq.gz, output/PnG_1/03_PnG_1_R2.fastq.gz
    wildcards: sample=PnG_1
    threads: 6
    resources: tmpdir=/tmp


[Fri Jan  5 14:28:42 2024]
rule do_fastqc:
    input: output/FivePoints_1/00_FivePoints_1_R1.fastq.gz, output/FivePoints_1/00_FivePoints_1_R2.fastq.gz, output/FivePoints_1/03_FivePoints_1_R1.fastq.gz, output/FivePoints_1/03_FivePoints_1_R2.fastq.gz
    output: output/FivePoints_1/00_FivePoints_1_R2_fastqc.html, output/FivePoints_1/03_FivePoints_1_R2_fastqc.html
    jobid: 70
    reason: Missing output files: output/FivePoints_1/03_FivePoints_1_R2_fastqc.html, output/FivePoints_1/00_FivePoints_1_R2_fastqc.html; Input files updated by another job: output/FivePoints_1/03_FivePoints_1_R2.fastq.gz, output/FivePoints_1/03_FivePoints_1_R1.fastq.gz
    wildcards: sample=FivePoints_1
    threads: 4
    resources: tmpdir=/tmp

[Fri Jan  5 14:29:18 2024]
Finished job 24.
2 of 50 steps (4%) done
Removing temporary output output/PnG_1/01_PnG_1_R1.fastq.gz.
Removing temporary output output/PnG_1/02_PnG_1_R2.fastq.gz.
Select jobs to execute...

[Fri Jan  5 14:29:18 2024]
rule do_fastqc:
    input: output/PnG_1/00_PnG_1_R1.fastq.gz, output/PnG_1/00_PnG_1_R2.fastq.gz, output/PnG_1/03_PnG_1_R1.fastq.gz, output/PnG_1/03_PnG_1_R2.fastq.gz
    output: output/PnG_1/00_PnG_1_R2_fastqc.html, output/PnG_1/03_PnG_1_R2_fastqc.html
    jobid: 66
    reason: Missing output files: output/PnG_1/00_PnG_1_R2_fastqc.html, output/PnG_1/03_PnG_1_R2_fastqc.html; Input files updated by another job: output/PnG_1/03_PnG_1_R1.fastq.gz, output/PnG_1/03_PnG_1_R2.fastq.gz
    wildcards: sample=PnG_1
    threads: 4
    resources: tmpdir=/tmp

[Fri Jan  5 14:29:28 2024]
Finished job 70.
3 of 50 steps (6%) done
Removing temporary output output/FivePoints_1/00_FivePoints_1_R2.fastq.gz.
Removing temporary output output/FivePoints_1/00_FivePoints_1_R1.fastq.gz.
Select jobs to execute...

[Fri Jan  5 14:29:28 2024]
rule seqpurge:
    input: output/PnG_2/01_PnG_2_R1.fastq.gz, output/PnG_2/02_PnG_2_R2.fastq.gz
    output: output/PnG_2/03_PnG_2_R1.fastq.gz, output/PnG_2/03_PnG_2_R2.fastq.gz
    log: logs/PnG_2_seqpurge.log
    jobid: 33
    reason: Missing output files: output/PnG_2/03_PnG_2_R2.fastq.gz, output/PnG_2/03_PnG_2_R1.fastq.gz
    wildcards: sample=PnG_2
    threads: 6
    resources: tmpdir=/tmp

[Fri Jan  5 14:29:59 2024]
Finished job 66.
4 of 50 steps (8%) done
Removing temporary output output/PnG_1/00_PnG_1_R1.fastq.gz.
Removing temporary output output/PnG_1/00_PnG_1_R2.fastq.gz.
Select jobs to execute...
[Fri Jan  5 14:30:07 2024]
Finished job 33.
5 of 50 steps (10%) done
Removing temporary output output/PnG_2/01_PnG_2_R1.fastq.gz.
Removing temporary output output/PnG_2/02_PnG_2_R2.fastq.gz.

[Fri Jan  5 14:30:07 2024]
rule do_fastqc:
    input: output/PnG_2/00_PnG_2_R1.fastq.gz, output/PnG_2/00_PnG_2_R2.fastq.gz, output/PnG_2/03_PnG_2_R1.fastq.gz, output/PnG_2/03_PnG_2_R2.fastq.gz
    output: output/PnG_2/00_PnG_2_R2_fastqc.html, output/PnG_2/03_PnG_2_R2_fastqc.html
    jobid: 67
    reason: Missing output files: output/PnG_2/00_PnG_2_R2_fastqc.html, output/PnG_2/03_PnG_2_R2_fastqc.html; Input files updated by another job: output/PnG_2/03_PnG_2_R2.fastq.gz, output/PnG_2/03_PnG_2_R1.fastq.gz
    wildcards: sample=PnG_2
    threads: 4
    resources: tmpdir=/tmp


[Fri Jan  5 14:30:07 2024]
rule seqpurge:
    input: output/Lys_2/01_Lys_2_R1.fastq.gz, output/Lys_2/02_Lys_2_R2.fastq.gz
    output: output/Lys_2/03_Lys_2_R1.fastq.gz, output/Lys_2/03_Lys_2_R2.fastq.gz
    log: logs/Lys_2_seqpurge.log
    jobid: 51
    reason: Missing output files: output/Lys_2/03_Lys_2_R1.fastq.gz, output/Lys_2/03_Lys_2_R2.fastq.gz
    wildcards: sample=Lys_2
    threads: 6
    resources: tmpdir=/tmp

[Fri Jan  5 14:30:46 2024]
Finished job 51.
6 of 50 steps (12%) done
Removing temporary output output/Lys_2/01_Lys_2_R1.fastq.gz.
Removing temporary output output/Lys_2/02_Lys_2_R2.fastq.gz.
Select jobs to execute...

[Fri Jan  5 14:30:47 2024]
rule do_fastqc:
    input: output/Lys_2/00_Lys_2_R1.fastq.gz, output/Lys_2/00_Lys_2_R2.fastq.gz, output/Lys_2/03_Lys_2_R1.fastq.gz, output/Lys_2/03_Lys_2_R2.fastq.gz
    output: output/Lys_2/00_Lys_2_R2_fastqc.html, output/Lys_2/03_Lys_2_R2_fastqc.html
    jobid: 69
    reason: Missing output files: output/Lys_2/03_Lys_2_R2_fastqc.html, output/Lys_2/00_Lys_2_R2_fastqc.html; Input files updated by another job: output/Lys_2/03_Lys_2_R1.fastq.gz, output/Lys_2/03_Lys_2_R2.fastq.gz
    wildcards: sample=Lys_2
    threads: 4
    resources: tmpdir=/tmp

[Fri Jan  5 14:30:51 2024]
Finished job 67.
7 of 50 steps (14%) done
Removing temporary output output/PnG_2/00_PnG_2_R2.fastq.gz.
Removing temporary output output/PnG_2/00_PnG_2_R1.fastq.gz.
Select jobs to execute...

[Fri Jan  5 14:30:52 2024]
rule seqpurge:
    input: output/Control_2/01_Control_2_R1.fastq.gz, output/Control_2/02_Control_2_R2.fastq.gz
    output: output/Control_2/03_Control_2_R1.fastq.gz, output/Control_2/03_Control_2_R2.fastq.gz
    log: logs/Control_2_seqpurge.log
    jobid: 15
    reason: Missing output files: output/Control_2/03_Control_2_R1.fastq.gz, output/Control_2/03_Control_2_R2.fastq.gz
    wildcards: sample=Control_2
    threads: 6
    resources: tmpdir=/tmp

[Fri Jan  5 14:31:25 2024]
Finished job 15.
8 of 50 steps (16%) done
Removing temporary output output/Control_2/01_Control_2_R1.fastq.gz.
Removing temporary output output/Control_2/02_Control_2_R2.fastq.gz.
Select jobs to execute...

[Fri Jan  5 14:31:25 2024]
rule do_fastqc:
    input: output/Control_2/00_Control_2_R1.fastq.gz, output/Control_2/00_Control_2_R2.fastq.gz, output/Control_2/03_Control_2_R1.fastq.gz, output/Control_2/03_Control_2_R2.fastq.gz
    output: output/Control_2/00_Control_2_R2_fastqc.html, output/Control_2/03_Control_2_R2_fastqc.html
    jobid: 65
    reason: Missing output files: output/Control_2/00_Control_2_R2_fastqc.html, output/Control_2/03_Control_2_R2_fastqc.html; Input files updated by another job: output/Control_2/03_Control_2_R1.fastq.gz, output/Control_2/03_Control_2_R2.fastq.gz
    wildcards: sample=Control_2
    threads: 4
    resources: tmpdir=/tmp

[Fri Jan  5 14:31:28 2024]
Finished job 69.
9 of 50 steps (18%) done
Removing temporary output output/Lys_2/00_Lys_2_R2.fastq.gz.
Removing temporary output output/Lys_2/00_Lys_2_R1.fastq.gz.
Select jobs to execute...

[Fri Jan  5 14:31:28 2024]
rule seqpurge:
    input: output/Control_1/01_Control_1_R1.fastq.gz, output/Control_1/02_Control_1_R2.fastq.gz
    output: output/Control_1/03_Control_1_R1.fastq.gz, output/Control_1/03_Control_1_R2.fastq.gz
    log: logs/Control_1_seqpurge.log
    jobid: 6
    reason: Missing output files: output/Control_1/03_Control_1_R2.fastq.gz, output/Control_1/03_Control_1_R1.fastq.gz
    wildcards: sample=Control_1
    threads: 6
    resources: tmpdir=/tmp

[Fri Jan  5 14:31:55 2024]
Finished job 6.
10 of 50 steps (20%) done
Removing temporary output output/Control_1/01_Control_1_R1.fastq.gz.
Removing temporary output output/Control_1/02_Control_1_R2.fastq.gz.
Select jobs to execute...

[Fri Jan  5 14:31:55 2024]
rule do_fastqc:
    input: output/Control_1/00_Control_1_R1.fastq.gz, output/Control_1/00_Control_1_R2.fastq.gz, output/Control_1/03_Control_1_R1.fastq.gz, output/Control_1/03_Control_1_R2.fastq.gz
    output: output/Control_1/00_Control_1_R2_fastqc.html, output/Control_1/03_Control_1_R2_fastqc.html
    jobid: 64
    reason: Missing output files: output/Control_1/03_Control_1_R2_fastqc.html, output/Control_1/00_Control_1_R2_fastqc.html; Input files updated by another job: output/Control_1/03_Control_1_R2.fastq.gz, output/Control_1/03_Control_1_R1.fastq.gz
    wildcards: sample=Control_1
    threads: 4
    resources: tmpdir=/tmp

[Fri Jan  5 14:32:04 2024]
Finished job 65.
11 of 50 steps (22%) done
Removing temporary output output/Control_2/00_Control_2_R2.fastq.gz.
Removing temporary output output/Control_2/00_Control_2_R1.fastq.gz.
Select jobs to execute...

[Fri Jan  5 14:32:05 2024]
rule seqpurge:
    input: output/Lys_1/01_Lys_1_R1.fastq.gz, output/Lys_1/02_Lys_1_R2.fastq.gz
    output: output/Lys_1/03_Lys_1_R1.fastq.gz, output/Lys_1/03_Lys_1_R2.fastq.gz
    log: logs/Lys_1_seqpurge.log
    jobid: 42
    reason: Missing output files: output/Lys_1/03_Lys_1_R1.fastq.gz, output/Lys_1/03_Lys_1_R2.fastq.gz
    wildcards: sample=Lys_1
    threads: 6
    resources: tmpdir=/tmp

[Fri Jan  5 14:32:25 2024]
Finished job 64.
12 of 50 steps (24%) done
Removing temporary output output/Control_1/00_Control_1_R1.fastq.gz.
Removing temporary output output/Control_1/00_Control_1_R2.fastq.gz.
Select jobs to execute...
[Fri Jan  5 14:32:29 2024]
Finished job 42.
13 of 50 steps (26%) done
Removing temporary output output/Lys_1/01_Lys_1_R1.fastq.gz.
Removing temporary output output/Lys_1/02_Lys_1_R2.fastq.gz.

[Fri Jan  5 14:32:29 2024]
rule do_fastqc:
    input: output/Lys_1/00_Lys_1_R1.fastq.gz, output/Lys_1/00_Lys_1_R2.fastq.gz, output/Lys_1/03_Lys_1_R1.fastq.gz, output/Lys_1/03_Lys_1_R2.fastq.gz
    output: output/Lys_1/00_Lys_1_R2_fastqc.html, output/Lys_1/03_Lys_1_R2_fastqc.html
    jobid: 68
    reason: Missing output files: output/Lys_1/03_Lys_1_R2_fastqc.html, output/Lys_1/00_Lys_1_R2_fastqc.html; Input files updated by another job: output/Lys_1/03_Lys_1_R1.fastq.gz, output/Lys_1/03_Lys_1_R2.fastq.gz
    wildcards: sample=Lys_1
    threads: 4
    resources: tmpdir=/tmp

[Fri Jan  5 14:32:57 2024]
Finished job 68.
14 of 50 steps (28%) done
Removing temporary output output/Lys_1/00_Lys_1_R2.fastq.gz.
Removing temporary output output/Lys_1/00_Lys_1_R1.fastq.gz.
Select jobs to execute...

[Fri Jan  5 14:32:57 2024]
rule map_data_hisat2:
    input: output/FivePoints_1/03_FivePoints_1_R1.fastq.gz, output/FivePoints_1/03_FivePoints_1_R2.fastq.gz
    output: output/FivePoints_1/FivePoints_1.bam, output/FivePoints_1/FivePoints_1.bam.bai
    log: logs/FivePoints_1/hisat2.log
    jobid: 59
    reason: Missing output files: output/FivePoints_1/FivePoints_1.bam; Input files updated by another job: output/FivePoints_1/03_FivePoints_1_R2.fastq.gz, output/FivePoints_1/03_FivePoints_1_R1.fastq.gz
    wildcards: sample=FivePoints_1
    threads: 10
    resources: tmpdir=/tmp

[Fri Jan  5 14:36:00 2024]
Finished job 59.
15 of 50 steps (30%) done
Select jobs to execute...

[Fri Jan  5 14:36:00 2024]
rule move_left:
    input: output/FivePoints_1/FivePoints_1.bam
    output: output/FivePoints_1/selectedMoved.bam, output/FivePoints_1/selectedMoved.bam.bai
    jobid: 58
    reason: Missing output files: output/FivePoints_1/selectedMoved.bam.bai, output/FivePoints_1/selectedMoved.bam; Input files updated by another job: output/FivePoints_1/FivePoints_1.bam
    wildcards: sample=FivePoints_1
    resources: tmpdir=/tmp, mem_gb=50

[Fri Jan  5 14:36:00 2024]
Error in rule move_left:
    jobid: 58
    input: output/FivePoints_1/FivePoints_1.bam
    output: output/FivePoints_1/selectedMoved.bam, output/FivePoints_1/selectedMoved.bam.bai
    shell:
        
        samtools view -H output/FivePoints_1/FivePoints_1.bam > output/FivePoints_1/FivePoints_1_header.txt
        samtools view output/FivePoints_1/FivePoints_1.bam | perl /scratch/kotryna/Giedrius/2016_sRNALactis/data_prep/moveLeft.pl | cat output/FivePoints_1/FivePoints_1_header.txt - | samtools view -@ 1 -bS | samtools sort -@ 1 -o output/FivePoints_1/selectedMoved.bam
        rm output/FivePoints_1/FivePoints_1_header.txt
        samtools index output/FivePoints_1/selectedMoved.bam 
        
        (one of the commands exited with non-zero exit code; note that snakemake uses bash strict mode!)

Removing output files of failed job move_left since they might be corrupted:
output/FivePoints_1/selectedMoved.bam
Shutting down, this might take some time.
Exiting because a job execution failed. Look above for error message
Complete log: ../../../../../scratch/kotryna/Giedrius/2016_sRNALactis/data_prep/.snakemake/log/2024-01-05T142811.248799.snakemake.log
