Building DAG of jobs...
Using shell: /usr/bin/bash
Provided cores: 6
Rules claiming more threads will be scaled down.
Job stats:
job                count    min threads    max threads
---------------  -------  -------------  -------------
all                    1              1              1
extend_reads           1              6              6
noHils_reads_83        7              6              6
noHils_reads_99        7              6              6
split_strands          1              6              6
total                 17              1              6

Select jobs to execute...

[Wed Jan 10 13:28:04 2024]
rule noHils_reads_83:
    input: output/FivePoints_1/dedSorted_FivePoints_1_83.bam
    output: output/FivePoints_1/dedSorted_FivePoints_1_noHils_83.bam
    jobid: 91
    reason: Missing output files: output/FivePoints_1/dedSorted_FivePoints_1_noHils_83.bam
    wildcards: sample=FivePoints_1
    threads: 6
    resources: tmpdir=/tmp, mem_gb=10

[Wed Jan 10 13:37:26 2024]
Finished job 91.
1 of 17 steps (6%) done
Select jobs to execute...

[Wed Jan 10 13:37:26 2024]
rule noHils_reads_83:
    input: output/PnG_1/dedSorted_PnG_1_83.bam
    output: output/PnG_1/dedSorted_PnG_1_noHils_83.bam
    jobid: 87
    reason: Missing output files: output/PnG_1/dedSorted_PnG_1_noHils_83.bam
    wildcards: sample=PnG_1
    threads: 6
    resources: tmpdir=/tmp, mem_gb=10

[Wed Jan 10 13:45:37 2024]
Finished job 87.
2 of 17 steps (12%) done
Select jobs to execute...

[Wed Jan 10 13:45:37 2024]
rule noHils_reads_83:
    input: output/Lys_2/dedSorted_Lys_2_83.bam
    output: output/Lys_2/dedSorted_Lys_2_noHils_83.bam
    jobid: 90
    reason: Missing output files: output/Lys_2/dedSorted_Lys_2_noHils_83.bam
    wildcards: sample=Lys_2
    threads: 6
    resources: tmpdir=/tmp, mem_gb=10

[Wed Jan 10 13:53:53 2024]
Finished job 90.
3 of 17 steps (18%) done
Select jobs to execute...

[Wed Jan 10 13:53:53 2024]
rule split_strands:
    input: output/Lys_1/dedSorted_Lys_1.bam
    output: output/Lys_1/dedSorted_Lys_1_83.bam, output/Lys_1/dedSorted_Lys_1_99.bam
    jobid: 80
    reason: Missing output files: output/Lys_1/dedSorted_Lys_1_99.bam, output/Lys_1/dedSorted_Lys_1_83.bam
    wildcards: sample=Lys_1
    threads: 6
    resources: tmpdir=/tmp, mem_gb=20

[Wed Jan 10 13:55:16 2024]
Finished job 80.
4 of 17 steps (24%) done
Select jobs to execute...

[Wed Jan 10 13:55:16 2024]
rule extend_reads:
    input: output/Lys_1/dedSorted_Lys_1.bam
    output: output/Lys_1/gr_99_Lys_1.bedgraph, output/Lys_1/gr_83_Lys_1.bedgraph
    jobid: 37
    reason: Code has changed since last execution
    wildcards: sample=Lys_1
    threads: 6
    resources: tmpdir=/tmp, mem_gb=10

[Wed Jan 10 13:57:45 2024]
Finished job 37.
5 of 17 steps (29%) done
Select jobs to execute...

[Wed Jan 10 13:57:45 2024]
rule noHils_reads_83:
    input: output/Control_2/dedSorted_Control_2_83.bam
    output: output/Control_2/dedSorted_Control_2_noHils_83.bam
    jobid: 86
    reason: Missing output files: output/Control_2/dedSorted_Control_2_noHils_83.bam
    wildcards: sample=Control_2
    threads: 6
    resources: tmpdir=/tmp, mem_gb=10

[Wed Jan 10 14:05:08 2024]
Finished job 86.
6 of 17 steps (35%) done
Select jobs to execute...

[Wed Jan 10 14:05:08 2024]
rule noHils_reads_83:
    input: output/PnG_2/dedSorted_PnG_2_83.bam
    output: output/PnG_2/dedSorted_PnG_2_noHils_83.bam
    jobid: 88
    reason: Missing output files: output/PnG_2/dedSorted_PnG_2_noHils_83.bam
    wildcards: sample=PnG_2
    threads: 6
    resources: tmpdir=/tmp, mem_gb=10

[Wed Jan 10 14:12:28 2024]
Finished job 88.
7 of 17 steps (41%) done
Select jobs to execute...

[Wed Jan 10 14:12:28 2024]
rule noHils_reads_83:
    input: output/Control_1/dedSorted_Control_1_83.bam
    output: output/Control_1/dedSorted_Control_1_noHils_83.bam
    jobid: 85
    reason: Missing output files: output/Control_1/dedSorted_Control_1_noHils_83.bam
    wildcards: sample=Control_1
    threads: 6
    resources: tmpdir=/tmp, mem_gb=10

[Wed Jan 10 14:18:28 2024]
Finished job 85.
8 of 17 steps (47%) done
Select jobs to execute...

[Wed Jan 10 14:18:28 2024]
rule noHils_reads_83:
    input: output/Lys_1/dedSorted_Lys_1_83.bam
    output: output/Lys_1/dedSorted_Lys_1_noHils_83.bam
    jobid: 89
    reason: Missing output files: output/Lys_1/dedSorted_Lys_1_noHils_83.bam; Input files updated by another job: output/Lys_1/dedSorted_Lys_1_83.bam
    wildcards: sample=Lys_1
    threads: 6
    resources: tmpdir=/tmp, mem_gb=10

[Wed Jan 10 14:24:08 2024]
Finished job 89.
9 of 17 steps (53%) done
Select jobs to execute...

[Wed Jan 10 14:24:08 2024]
rule noHils_reads_99:
    input: output/FivePoints_1/dedSorted_FivePoints_1_99.bam
    output: output/FivePoints_1/dedSorted_FivePoints_1_noHils_99.bam
    jobid: 83
    reason: Missing output files: output/FivePoints_1/dedSorted_FivePoints_1_noHils_99.bam
    wildcards: sample=FivePoints_1
    threads: 6
    resources: tmpdir=/tmp, mem_gb=10

[Wed Jan 10 14:27:09 2024]
Finished job 83.
10 of 17 steps (59%) done
Select jobs to execute...

[Wed Jan 10 14:27:09 2024]
rule noHils_reads_99:
    input: output/PnG_1/dedSorted_PnG_1_99.bam
    output: output/PnG_1/dedSorted_PnG_1_noHils_99.bam
    jobid: 75
    reason: Missing output files: output/PnG_1/dedSorted_PnG_1_noHils_99.bam
    wildcards: sample=PnG_1
    threads: 6
    resources: tmpdir=/tmp, mem_gb=10

[Wed Jan 10 14:29:53 2024]
Finished job 75.
11 of 17 steps (65%) done
Select jobs to execute...

[Wed Jan 10 14:29:53 2024]
rule noHils_reads_99:
    input: output/Lys_2/dedSorted_Lys_2_99.bam
    output: output/Lys_2/dedSorted_Lys_2_noHils_99.bam
    jobid: 81
    reason: Missing output files: output/Lys_2/dedSorted_Lys_2_noHils_99.bam
    wildcards: sample=Lys_2
    threads: 6
    resources: tmpdir=/tmp, mem_gb=10

[Wed Jan 10 14:32:35 2024]
Finished job 81.
12 of 17 steps (71%) done
Select jobs to execute...

[Wed Jan 10 14:32:35 2024]
rule noHils_reads_99:
    input: output/PnG_2/dedSorted_PnG_2_99.bam
    output: output/PnG_2/dedSorted_PnG_2_noHils_99.bam
    jobid: 77
    reason: Missing output files: output/PnG_2/dedSorted_PnG_2_noHils_99.bam
    wildcards: sample=PnG_2
    threads: 6
    resources: tmpdir=/tmp, mem_gb=10

[Wed Jan 10 14:35:12 2024]
Finished job 77.
13 of 17 steps (76%) done
Select jobs to execute...

[Wed Jan 10 14:35:12 2024]
rule noHils_reads_99:
    input: output/Control_2/dedSorted_Control_2_99.bam
    output: output/Control_2/dedSorted_Control_2_noHils_99.bam
    jobid: 73
    reason: Missing output files: output/Control_2/dedSorted_Control_2_noHils_99.bam
    wildcards: sample=Control_2
    threads: 6
    resources: tmpdir=/tmp, mem_gb=10

[Wed Jan 10 14:37:36 2024]
Finished job 73.
14 of 17 steps (82%) done
Select jobs to execute...

[Wed Jan 10 14:37:36 2024]
rule noHils_reads_99:
    input: output/Control_1/dedSorted_Control_1_99.bam
    output: output/Control_1/dedSorted_Control_1_noHils_99.bam
    jobid: 71
    reason: Missing output files: output/Control_1/dedSorted_Control_1_noHils_99.bam
    wildcards: sample=Control_1
    threads: 6
    resources: tmpdir=/tmp, mem_gb=10

[Wed Jan 10 14:39:41 2024]
Finished job 71.
15 of 17 steps (88%) done
Select jobs to execute...

[Wed Jan 10 14:39:41 2024]
rule noHils_reads_99:
    input: output/Lys_1/dedSorted_Lys_1_99.bam
    output: output/Lys_1/dedSorted_Lys_1_noHils_99.bam
    jobid: 79
    reason: Missing output files: output/Lys_1/dedSorted_Lys_1_noHils_99.bam; Input files updated by another job: output/Lys_1/dedSorted_Lys_1_99.bam
    wildcards: sample=Lys_1
    threads: 6
    resources: tmpdir=/tmp, mem_gb=10

[Wed Jan 10 14:41:38 2024]
Finished job 79.
16 of 17 steps (94%) done
Select jobs to execute...

[Wed Jan 10 14:41:38 2024]
localrule all:
    input: output/Control_1/gr_99_Control_1.bedgraph, output/Control_2/gr_99_Control_2.bedgraph, output/PnG_1/gr_99_PnG_1.bedgraph, output/PnG_2/gr_99_PnG_2.bedgraph, output/Lys_1/gr_99_Lys_1.bedgraph, output/Lys_2/gr_99_Lys_2.bedgraph, output/FivePoints_1/gr_99_FivePoints_1.bedgraph, output/Control_1/gr_83_Control_1.bedgraph, output/Control_2/gr_83_Control_2.bedgraph, output/PnG_1/gr_83_PnG_1.bedgraph, output/PnG_2/gr_83_PnG_2.bedgraph, output/Lys_1/gr_83_Lys_1.bedgraph, output/Lys_2/gr_83_Lys_2.bedgraph, output/FivePoints_1/gr_83_FivePoints_1.bedgraph, output/Control_1/dedSorted_Control_1.bam, output/Control_2/dedSorted_Control_2.bam, output/PnG_1/dedSorted_PnG_1.bam, output/PnG_2/dedSorted_PnG_2.bam, output/Lys_1/dedSorted_Lys_1.bam, output/Lys_2/dedSorted_Lys_2.bam, output/FivePoints_1/dedSorted_FivePoints_1.bam, output/Control_1/00_Control_1_R2_fastqc.html, output/Control_2/00_Control_2_R2_fastqc.html, output/PnG_1/00_PnG_1_R2_fastqc.html, output/PnG_2/00_PnG_2_R2_fastqc.html, output/Lys_1/00_Lys_1_R2_fastqc.html, output/Lys_2/00_Lys_2_R2_fastqc.html, output/FivePoints_1/00_FivePoints_1_R2_fastqc.html, output/Control_1/03_Control_1_R2_fastqc.html, output/Control_2/03_Control_2_R2_fastqc.html, output/PnG_1/03_PnG_1_R2_fastqc.html, output/PnG_2/03_PnG_2_R2_fastqc.html, output/Lys_1/03_Lys_1_R2_fastqc.html, output/Lys_2/03_Lys_2_R2_fastqc.html, output/FivePoints_1/03_FivePoints_1_R2_fastqc.html, output/Control_1/dedSorted_Control_1_noHils_99.bam, output/Control_2/dedSorted_Control_2_noHils_99.bam, output/PnG_1/dedSorted_PnG_1_noHils_99.bam, output/PnG_2/dedSorted_PnG_2_noHils_99.bam, output/Lys_1/dedSorted_Lys_1_noHils_99.bam, output/Lys_2/dedSorted_Lys_2_noHils_99.bam, output/FivePoints_1/dedSorted_FivePoints_1_noHils_99.bam, output/Control_1/dedSorted_Control_1_noHils_83.bam, output/Control_2/dedSorted_Control_2_noHils_83.bam, output/PnG_1/dedSorted_PnG_1_noHils_83.bam, output/PnG_2/dedSorted_PnG_2_noHils_83.bam, output/Lys_1/dedSorted_Lys_1_noHils_83.bam, output/Lys_2/dedSorted_Lys_2_noHils_83.bam, output/FivePoints_1/dedSorted_FivePoints_1_noHils_83.bam
    jobid: 0
    reason: Input files updated by another job: output/Control_1/dedSorted_Control_1_noHils_99.bam, output/Control_1/dedSorted_Control_1_noHils_83.bam, output/Lys_2/dedSorted_Lys_2_noHils_99.bam, output/PnG_2/dedSorted_PnG_2_noHils_99.bam, output/Lys_1/dedSorted_Lys_1_noHils_83.bam, output/PnG_1/dedSorted_PnG_1_noHils_83.bam, output/FivePoints_1/dedSorted_FivePoints_1_noHils_83.bam, output/PnG_1/dedSorted_PnG_1_noHils_99.bam, output/Lys_1/gr_83_Lys_1.bedgraph, output/FivePoints_1/dedSorted_FivePoints_1_noHils_99.bam, output/Lys_1/dedSorted_Lys_1_noHils_99.bam, output/Lys_1/gr_99_Lys_1.bedgraph, output/Control_2/dedSorted_Control_2_noHils_99.bam, output/Lys_2/dedSorted_Lys_2_noHils_83.bam, output/Control_2/dedSorted_Control_2_noHils_83.bam, output/PnG_2/dedSorted_PnG_2_noHils_83.bam
    resources: tmpdir=/tmp

[Wed Jan 10 14:41:38 2024]
Finished job 0.
17 of 17 steps (100%) done
Complete log: ../../../../../scratch/kotryna/Giedrius/2016_sRNALactis/data_prep/.snakemake/log/2024-01-10T132803.019266.snakemake.log
