Building DAG of jobs...
Using shell: /usr/bin/bash
Provided cores: 24
Rules claiming more threads will be scaled down.
Job stats:
job               count    min threads    max threads
--------------  -------  -------------  -------------
all                   1              1              1
get_expression        7             10             10
total                 8              1             10

Select jobs to execute...

[Mon Jan 22 17:50:55 2024]
rule get_expression:
    input: output/FivePoints_1/dedSorted_FivePoints_1.bam
    output: output/FivePoints_1/Dedup/assebled_FivePoints_1.gtf
    log: logs/FivePoints_1/stringtie.log
    jobid: 98
    reason: Forced execution
    wildcards: sample=FivePoints_1
    threads: 10
    resources: tmpdir=/tmp


[Mon Jan 22 17:50:55 2024]
rule get_expression:
    input: output/PnG_1/dedSorted_PnG_1.bam
    output: output/PnG_1/Dedup/assebled_PnG_1.gtf
    log: logs/PnG_1/stringtie.log
    jobid: 94
    reason: Forced execution
    wildcards: sample=PnG_1
    threads: 10
    resources: tmpdir=/tmp

[Mon Jan 22 17:51:30 2024]
Finished job 94.
1 of 8 steps (12%) done
Select jobs to execute...

[Mon Jan 22 17:51:30 2024]
rule get_expression:
    input: output/Lys_2/dedSorted_Lys_2.bam
    output: output/Lys_2/Dedup/assebled_Lys_2.gtf
    log: logs/Lys_2/stringtie.log
    jobid: 97
    reason: Forced execution
    wildcards: sample=Lys_2
    threads: 10
    resources: tmpdir=/tmp

[Mon Jan 22 17:51:35 2024]
Finished job 98.
2 of 8 steps (25%) done
Select jobs to execute...

[Mon Jan 22 17:51:35 2024]
rule get_expression:
    input: output/PnG_2/dedSorted_PnG_2.bam
    output: output/PnG_2/Dedup/assebled_PnG_2.gtf
    log: logs/PnG_2/stringtie.log
    jobid: 95
    reason: Forced execution
    wildcards: sample=PnG_2
    threads: 10
    resources: tmpdir=/tmp

[Mon Jan 22 17:52:06 2024]
Finished job 97.
3 of 8 steps (38%) done
Select jobs to execute...

[Mon Jan 22 17:52:06 2024]
rule get_expression:
    input: output/Control_2/dedSorted_Control_2.bam
    output: output/Control_2/Dedup/assebled_Control_2.gtf
    log: logs/Control_2/stringtie.log
    jobid: 93
    reason: Forced execution
    wildcards: sample=Control_2
    threads: 10
    resources: tmpdir=/tmp

[Mon Jan 22 17:52:07 2024]
Finished job 95.
4 of 8 steps (50%) done
Select jobs to execute...

[Mon Jan 22 17:52:07 2024]
rule get_expression:
    input: output/Control_1/dedSorted_Control_1.bam
    output: output/Control_1/Dedup/assebled_Control_1.gtf
    log: logs/Control_1/stringtie.log
    jobid: 92
    reason: Forced execution
    wildcards: sample=Control_1
    threads: 10
    resources: tmpdir=/tmp

[Mon Jan 22 17:52:35 2024]
Finished job 92.
5 of 8 steps (62%) done
Select jobs to execute...

[Mon Jan 22 17:52:35 2024]
rule get_expression:
    input: output/Lys_1/dedSorted_Lys_1.bam
    output: output/Lys_1/Dedup/assebled_Lys_1.gtf
    log: logs/Lys_1/stringtie.log
    jobid: 96
    reason: Forced execution
    wildcards: sample=Lys_1
    threads: 10
    resources: tmpdir=/tmp

[Mon Jan 22 17:52:37 2024]
Finished job 93.
6 of 8 steps (75%) done
[Mon Jan 22 17:53:00 2024]
Finished job 96.
7 of 8 steps (88%) done
Select jobs to execute...

[Mon Jan 22 17:53:00 2024]
localrule all:
    input: output/Control_1/gr_99_Control_1.bedgraph, output/Control_2/gr_99_Control_2.bedgraph, output/PnG_1/gr_99_PnG_1.bedgraph, output/PnG_2/gr_99_PnG_2.bedgraph, output/Lys_1/gr_99_Lys_1.bedgraph, output/Lys_2/gr_99_Lys_2.bedgraph, output/FivePoints_1/gr_99_FivePoints_1.bedgraph, output/Control_1/gr_83_Control_1.bedgraph, output/Control_2/gr_83_Control_2.bedgraph, output/PnG_1/gr_83_PnG_1.bedgraph, output/PnG_2/gr_83_PnG_2.bedgraph, output/Lys_1/gr_83_Lys_1.bedgraph, output/Lys_2/gr_83_Lys_2.bedgraph, output/FivePoints_1/gr_83_FivePoints_1.bedgraph, output/Control_1/dedSorted_Control_1.bam, output/Control_2/dedSorted_Control_2.bam, output/PnG_1/dedSorted_PnG_1.bam, output/PnG_2/dedSorted_PnG_2.bam, output/Lys_1/dedSorted_Lys_1.bam, output/Lys_2/dedSorted_Lys_2.bam, output/FivePoints_1/dedSorted_FivePoints_1.bam, output/Control_1/00_Control_1_R2_fastqc.html, output/Control_2/00_Control_2_R2_fastqc.html, output/PnG_1/00_PnG_1_R2_fastqc.html, output/PnG_2/00_PnG_2_R2_fastqc.html, output/Lys_1/00_Lys_1_R2_fastqc.html, output/Lys_2/00_Lys_2_R2_fastqc.html, output/FivePoints_1/00_FivePoints_1_R2_fastqc.html, output/Control_1/03_Control_1_R2_fastqc.html, output/Control_2/03_Control_2_R2_fastqc.html, output/PnG_1/03_PnG_1_R2_fastqc.html, output/PnG_2/03_PnG_2_R2_fastqc.html, output/Lys_1/03_Lys_1_R2_fastqc.html, output/Lys_2/03_Lys_2_R2_fastqc.html, output/FivePoints_1/03_FivePoints_1_R2_fastqc.html, output/Control_1/dedSorted_Control_1_noHils_99.bam, output/Control_2/dedSorted_Control_2_noHils_99.bam, output/PnG_1/dedSorted_PnG_1_noHils_99.bam, output/PnG_2/dedSorted_PnG_2_noHils_99.bam, output/Lys_1/dedSorted_Lys_1_noHils_99.bam, output/Lys_2/dedSorted_Lys_2_noHils_99.bam, output/FivePoints_1/dedSorted_FivePoints_1_noHils_99.bam, output/Control_1/dedSorted_Control_1_noHils_83.bam, output/Control_2/dedSorted_Control_2_noHils_83.bam, output/PnG_1/dedSorted_PnG_1_noHils_83.bam, output/PnG_2/dedSorted_PnG_2_noHils_83.bam, output/Lys_1/dedSorted_Lys_1_noHils_83.bam, output/Lys_2/dedSorted_Lys_2_noHils_83.bam, output/FivePoints_1/dedSorted_FivePoints_1_noHils_83.bam, output/Control_1/Dedup/assebled_Control_1.gtf, output/Control_2/Dedup/assebled_Control_2.gtf, output/PnG_1/Dedup/assebled_PnG_1.gtf, output/PnG_2/Dedup/assebled_PnG_2.gtf, output/Lys_1/Dedup/assebled_Lys_1.gtf, output/Lys_2/Dedup/assebled_Lys_2.gtf, output/FivePoints_1/Dedup/assebled_FivePoints_1.gtf
    jobid: 0
    reason: Input files updated by another job: output/FivePoints_1/Dedup/assebled_FivePoints_1.gtf, output/PnG_1/Dedup/assebled_PnG_1.gtf, output/Control_1/Dedup/assebled_Control_1.gtf, output/Lys_1/Dedup/assebled_Lys_1.gtf, output/PnG_2/Dedup/assebled_PnG_2.gtf, output/Control_2/Dedup/assebled_Control_2.gtf, output/Lys_2/Dedup/assebled_Lys_2.gtf
    resources: tmpdir=/tmp

[Mon Jan 22 17:53:00 2024]
Finished job 0.
8 of 8 steps (100%) done
Complete log: ../../../../../scratch/kotryna/Giedrius/2016_sRNALactis/data_prep/.snakemake/log/2024-01-22T175055.123271.snakemake.log
