Building DAG of jobs...
Using shell: /usr/bin/bash
Provided cores: 30
Rules claiming more threads will be scaled down.
Job stats:
job                 count    min threads    max threads
----------------  -------  -------------  -------------
all                     1              1              1
dedup_data              7             10             10
do_fastqc               7              4              4
extend_reads            7              6              6
map_data_hisat2         7             10             10
merge_copy_fastq        7              2              2
move1N                  7              5              5
move_left               7              1              1
noHils_reads_83         7             16             16
noHils_reads_99         7             16             16
remap                   7             10             10
seqpurge                7              6              6
split_strands           7              6              6
umi_extract             7              2              2
total                  92              1             16

Select jobs to execute...

[Fri Jan 26 08:04:20 2024]
rule merge_copy_fastq:
    input: input
    output: output/PnG_1/00_PnG_1_R1.fastq.gz, output/PnG_1/00_PnG_1_R2.fastq.gz
    jobid: 26
    reason: Missing output files: output/PnG_1/00_PnG_1_R2.fastq.gz, output/PnG_1/00_PnG_1_R1.fastq.gz
    wildcards: sample=PnG_1
    threads: 2
    resources: tmpdir=/tmp


[Fri Jan 26 08:04:20 2024]
rule merge_copy_fastq:
    input: input
    output: output/Control_2/00_Control_2_R1.fastq.gz, output/Control_2/00_Control_2_R2.fastq.gz
    jobid: 17
    reason: Missing output files: output/Control_2/00_Control_2_R1.fastq.gz, output/Control_2/00_Control_2_R2.fastq.gz
    wildcards: sample=Control_2
    threads: 2
    resources: tmpdir=/tmp


[Fri Jan 26 08:04:20 2024]
rule merge_copy_fastq:
    input: input
    output: output/FivePoints_1/00_FivePoints_1_R1.fastq.gz, output/FivePoints_1/00_FivePoints_1_R2.fastq.gz
    jobid: 62
    reason: Missing output files: output/FivePoints_1/00_FivePoints_1_R1.fastq.gz, output/FivePoints_1/00_FivePoints_1_R2.fastq.gz
    wildcards: sample=FivePoints_1
    threads: 2
    resources: tmpdir=/tmp


[Fri Jan 26 08:04:20 2024]
rule merge_copy_fastq:
    input: input
    output: output/Lys_2/00_Lys_2_R1.fastq.gz, output/Lys_2/00_Lys_2_R2.fastq.gz
    jobid: 53
    reason: Missing output files: output/Lys_2/00_Lys_2_R2.fastq.gz, output/Lys_2/00_Lys_2_R1.fastq.gz
    wildcards: sample=Lys_2
    threads: 2
    resources: tmpdir=/tmp


[Fri Jan 26 08:04:20 2024]
rule merge_copy_fastq:
    input: input
    output: output/Control_1/00_Control_1_R1.fastq.gz, output/Control_1/00_Control_1_R2.fastq.gz
    jobid: 8
    reason: Missing output files: output/Control_1/00_Control_1_R2.fastq.gz, output/Control_1/00_Control_1_R1.fastq.gz
    wildcards: sample=Control_1
    threads: 2
    resources: tmpdir=/tmp


[Fri Jan 26 08:04:20 2024]
rule merge_copy_fastq:
    input: input
    output: output/Lys_1/00_Lys_1_R1.fastq.gz, output/Lys_1/00_Lys_1_R2.fastq.gz
    jobid: 44
    reason: Missing output files: output/Lys_1/00_Lys_1_R1.fastq.gz, output/Lys_1/00_Lys_1_R2.fastq.gz
    wildcards: sample=Lys_1
    threads: 2
    resources: tmpdir=/tmp


[Fri Jan 26 08:04:20 2024]
rule merge_copy_fastq:
    input: input
    output: output/PnG_2/00_PnG_2_R1.fastq.gz, output/PnG_2/00_PnG_2_R2.fastq.gz
    jobid: 35
    reason: Missing output files: output/PnG_2/00_PnG_2_R1.fastq.gz, output/PnG_2/00_PnG_2_R2.fastq.gz
    wildcards: sample=PnG_2
    threads: 2
    resources: tmpdir=/tmp

[Fri Jan 26 08:04:24 2024]
Finished job 26.
1 of 92 steps (1%) done
Select jobs to execute...

[Fri Jan 26 08:04:24 2024]
rule umi_extract:
    input: output/PnG_1/00_PnG_1_R1.fastq.gz, output/PnG_1/00_PnG_1_R2.fastq.gz
    output: output/PnG_1/01_PnG_1_R1.fastq.gz, output/PnG_1/01_PnG_1_R2.fastq.gz
    log: logs/PnG_1_umi_extract.log
    jobid: 25
    reason: Missing output files: output/PnG_1/01_PnG_1_R2.fastq.gz, output/PnG_1/01_PnG_1_R1.fastq.gz; Input files updated by another job: output/PnG_1/00_PnG_1_R2.fastq.gz, output/PnG_1/00_PnG_1_R1.fastq.gz
    wildcards: sample=PnG_1
    threads: 2
    resources: tmpdir=/tmp

[Fri Jan 26 08:04:25 2024]
Finished job 62.
2 of 92 steps (2%) done
Select jobs to execute...

[Fri Jan 26 08:04:25 2024]
rule umi_extract:
    input: output/FivePoints_1/00_FivePoints_1_R1.fastq.gz, output/FivePoints_1/00_FivePoints_1_R2.fastq.gz
    output: output/FivePoints_1/01_FivePoints_1_R1.fastq.gz, output/FivePoints_1/01_FivePoints_1_R2.fastq.gz
    log: logs/FivePoints_1_umi_extract.log
    jobid: 61
    reason: Missing output files: output/FivePoints_1/01_FivePoints_1_R1.fastq.gz, output/FivePoints_1/01_FivePoints_1_R2.fastq.gz; Input files updated by another job: output/FivePoints_1/00_FivePoints_1_R1.fastq.gz, output/FivePoints_1/00_FivePoints_1_R2.fastq.gz
    wildcards: sample=FivePoints_1
    threads: 2
    resources: tmpdir=/tmp

[Fri Jan 26 08:04:25 2024]
Finished job 44.
3 of 92 steps (3%) done
Select jobs to execute...

[Fri Jan 26 08:04:25 2024]
rule umi_extract:
    input: output/Lys_1/00_Lys_1_R1.fastq.gz, output/Lys_1/00_Lys_1_R2.fastq.gz
    output: output/Lys_1/01_Lys_1_R1.fastq.gz, output/Lys_1/01_Lys_1_R2.fastq.gz
    log: logs/Lys_1_umi_extract.log
    jobid: 43
    reason: Missing output files: output/Lys_1/01_Lys_1_R2.fastq.gz, output/Lys_1/01_Lys_1_R1.fastq.gz; Input files updated by another job: output/Lys_1/00_Lys_1_R1.fastq.gz, output/Lys_1/00_Lys_1_R2.fastq.gz
    wildcards: sample=Lys_1
    threads: 2
    resources: tmpdir=/tmp

[Fri Jan 26 08:04:25 2024]
Finished job 8.
4 of 92 steps (4%) done
Select jobs to execute...

[Fri Jan 26 08:04:25 2024]
rule umi_extract:
    input: output/Control_1/00_Control_1_R1.fastq.gz, output/Control_1/00_Control_1_R2.fastq.gz
    output: output/Control_1/01_Control_1_R1.fastq.gz, output/Control_1/01_Control_1_R2.fastq.gz
    log: logs/Control_1_umi_extract.log
    jobid: 7
    reason: Missing output files: output/Control_1/01_Control_1_R1.fastq.gz, output/Control_1/01_Control_1_R2.fastq.gz; Input files updated by another job: output/Control_1/00_Control_1_R2.fastq.gz, output/Control_1/00_Control_1_R1.fastq.gz
    wildcards: sample=Control_1
    threads: 2
    resources: tmpdir=/tmp

[Fri Jan 26 08:04:26 2024]
Finished job 53.
5 of 92 steps (5%) done
Select jobs to execute...

[Fri Jan 26 08:04:26 2024]
rule umi_extract:
    input: output/Lys_2/00_Lys_2_R1.fastq.gz, output/Lys_2/00_Lys_2_R2.fastq.gz
    output: output/Lys_2/01_Lys_2_R1.fastq.gz, output/Lys_2/01_Lys_2_R2.fastq.gz
    log: logs/Lys_2_umi_extract.log
    jobid: 52
    reason: Missing output files: output/Lys_2/01_Lys_2_R2.fastq.gz, output/Lys_2/01_Lys_2_R1.fastq.gz; Input files updated by another job: output/Lys_2/00_Lys_2_R2.fastq.gz, output/Lys_2/00_Lys_2_R1.fastq.gz
    wildcards: sample=Lys_2
    threads: 2
    resources: tmpdir=/tmp

[Fri Jan 26 08:04:26 2024]
Finished job 17.
6 of 92 steps (7%) done
Select jobs to execute...

[Fri Jan 26 08:04:26 2024]
rule umi_extract:
    input: output/Control_2/00_Control_2_R1.fastq.gz, output/Control_2/00_Control_2_R2.fastq.gz
    output: output/Control_2/01_Control_2_R1.fastq.gz, output/Control_2/01_Control_2_R2.fastq.gz
    log: logs/Control_2_umi_extract.log
    jobid: 16
    reason: Missing output files: output/Control_2/01_Control_2_R2.fastq.gz, output/Control_2/01_Control_2_R1.fastq.gz; Input files updated by another job: output/Control_2/00_Control_2_R1.fastq.gz, output/Control_2/00_Control_2_R2.fastq.gz
    wildcards: sample=Control_2
    threads: 2
    resources: tmpdir=/tmp

[Fri Jan 26 08:04:26 2024]
Finished job 35.
7 of 92 steps (8%) done
Select jobs to execute...

[Fri Jan 26 08:04:26 2024]
rule umi_extract:
    input: output/PnG_2/00_PnG_2_R1.fastq.gz, output/PnG_2/00_PnG_2_R2.fastq.gz
    output: output/PnG_2/01_PnG_2_R1.fastq.gz, output/PnG_2/01_PnG_2_R2.fastq.gz
    log: logs/PnG_2_umi_extract.log
    jobid: 34
    reason: Missing output files: output/PnG_2/01_PnG_2_R1.fastq.gz, output/PnG_2/01_PnG_2_R2.fastq.gz; Input files updated by another job: output/PnG_2/00_PnG_2_R1.fastq.gz, output/PnG_2/00_PnG_2_R2.fastq.gz
    wildcards: sample=PnG_2
    threads: 2
    resources: tmpdir=/tmp

[Fri Jan 26 08:08:19 2024]
Finished job 43.
8 of 92 steps (9%) done
Select jobs to execute...

[Fri Jan 26 08:08:19 2024]
rule move1N:
    input: output/Lys_1/01_Lys_1_R2.fastq.gz
    output: output/Lys_1/02_Lys_1_R2.fastq.gz
    jobid: 45
    reason: Missing output files: output/Lys_1/02_Lys_1_R2.fastq.gz; Input files updated by another job: output/Lys_1/01_Lys_1_R2.fastq.gz
    wildcards: sample=Lys_1
    threads: 5
    resources: tmpdir=/tmp

[Fri Jan 26 08:08:31 2024]
Finished job 45.
9 of 92 steps (10%) done
Removing temporary output output/Lys_1/01_Lys_1_R2.fastq.gz.
Select jobs to execute...

[Fri Jan 26 08:08:31 2024]
rule seqpurge:
    input: output/Lys_1/01_Lys_1_R1.fastq.gz, output/Lys_1/02_Lys_1_R2.fastq.gz
    output: output/Lys_1/03_Lys_1_R1.fastq.gz, output/Lys_1/03_Lys_1_R2.fastq.gz
    log: logs/Lys_1_seqpurge.log
    jobid: 42
    reason: Missing output files: output/Lys_1/03_Lys_1_R2.fastq.gz, output/Lys_1/03_Lys_1_R1.fastq.gz; Input files updated by another job: output/Lys_1/02_Lys_1_R2.fastq.gz, output/Lys_1/01_Lys_1_R1.fastq.gz
    wildcards: sample=Lys_1
    threads: 6
    resources: tmpdir=/tmp

[Fri Jan 26 08:08:56 2024]
Finished job 42.
10 of 92 steps (11%) done
Removing temporary output output/Lys_1/01_Lys_1_R1.fastq.gz.
Removing temporary output output/Lys_1/02_Lys_1_R2.fastq.gz.
Select jobs to execute...

[Fri Jan 26 08:08:56 2024]
rule do_fastqc:
    input: output/Lys_1/00_Lys_1_R1.fastq.gz, output/Lys_1/00_Lys_1_R2.fastq.gz, output/Lys_1/03_Lys_1_R1.fastq.gz, output/Lys_1/03_Lys_1_R2.fastq.gz
    output: output/Lys_1/00_Lys_1_R2_fastqc.html, output/Lys_1/03_Lys_1_R2_fastqc.html
    jobid: 68
    reason: Missing output files: output/Lys_1/03_Lys_1_R2_fastqc.html, output/Lys_1/00_Lys_1_R2_fastqc.html; Input files updated by another job: output/Lys_1/03_Lys_1_R2.fastq.gz, output/Lys_1/00_Lys_1_R1.fastq.gz, output/Lys_1/00_Lys_1_R2.fastq.gz, output/Lys_1/03_Lys_1_R1.fastq.gz
    wildcards: sample=Lys_1
    threads: 4
    resources: tmpdir=/tmp


[Fri Jan 26 08:08:56 2024]
rule map_data_hisat2:
    input: output/Lys_1/03_Lys_1_R1.fastq.gz, output/Lys_1/03_Lys_1_R2.fastq.gz
    output: output/Lys_1/Lys_1.bam
    log: logs/Lys_1/hisat2.log
    jobid: 41
    reason: Missing output files: output/Lys_1/Lys_1.bam; Input files updated by another job: output/Lys_1/03_Lys_1_R2.fastq.gz, output/Lys_1/03_Lys_1_R1.fastq.gz
    wildcards: sample=Lys_1
    threads: 10
    resources: tmpdir=/tmp

[Fri Jan 26 08:09:10 2024]
Finished job 7.
11 of 92 steps (12%) done
Select jobs to execute...

[Fri Jan 26 08:09:10 2024]
rule move1N:
    input: output/Control_1/01_Control_1_R2.fastq.gz
    output: output/Control_1/02_Control_1_R2.fastq.gz
    jobid: 9
    reason: Missing output files: output/Control_1/02_Control_1_R2.fastq.gz; Input files updated by another job: output/Control_1/01_Control_1_R2.fastq.gz
    wildcards: sample=Control_1
    threads: 5
    resources: tmpdir=/tmp

[Fri Jan 26 08:09:25 2024]
Finished job 9.
12 of 92 steps (13%) done
Removing temporary output output/Control_1/01_Control_1_R2.fastq.gz.
Select jobs to execute...

[Fri Jan 26 08:09:25 2024]
rule seqpurge:
    input: output/Control_1/01_Control_1_R1.fastq.gz, output/Control_1/02_Control_1_R2.fastq.gz
    output: output/Control_1/03_Control_1_R1.fastq.gz, output/Control_1/03_Control_1_R2.fastq.gz
    log: logs/Control_1_seqpurge.log
    jobid: 6
    reason: Missing output files: output/Control_1/03_Control_1_R2.fastq.gz, output/Control_1/03_Control_1_R1.fastq.gz; Input files updated by another job: output/Control_1/01_Control_1_R1.fastq.gz, output/Control_1/02_Control_1_R2.fastq.gz
    wildcards: sample=Control_1
    threads: 6
    resources: tmpdir=/tmp

[Fri Jan 26 08:09:27 2024]
Finished job 68.
13 of 92 steps (14%) done
Removing temporary output output/Lys_1/00_Lys_1_R1.fastq.gz.
Removing temporary output output/Lys_1/00_Lys_1_R2.fastq.gz.
[Fri Jan 26 08:09:50 2024]
Finished job 6.
14 of 92 steps (15%) done
Removing temporary output output/Control_1/01_Control_1_R1.fastq.gz.
Removing temporary output output/Control_1/02_Control_1_R2.fastq.gz.
Select jobs to execute...

[Fri Jan 26 08:09:50 2024]
rule do_fastqc:
    input: output/Control_1/00_Control_1_R1.fastq.gz, output/Control_1/00_Control_1_R2.fastq.gz, output/Control_1/03_Control_1_R1.fastq.gz, output/Control_1/03_Control_1_R2.fastq.gz
    output: output/Control_1/00_Control_1_R2_fastqc.html, output/Control_1/03_Control_1_R2_fastqc.html
    jobid: 64
    reason: Missing output files: output/Control_1/00_Control_1_R2_fastqc.html, output/Control_1/03_Control_1_R2_fastqc.html; Input files updated by another job: output/Control_1/00_Control_1_R2.fastq.gz, output/Control_1/03_Control_1_R2.fastq.gz, output/Control_1/00_Control_1_R1.fastq.gz, output/Control_1/03_Control_1_R1.fastq.gz
    wildcards: sample=Control_1
    threads: 4
    resources: tmpdir=/tmp

[Fri Jan 26 08:09:59 2024]
Finished job 41.
15 of 92 steps (16%) done
Select jobs to execute...

[Fri Jan 26 08:09:59 2024]
rule move_left:
    input: output/Lys_1/Lys_1.bam
    output: output/Lys_1/selectedMoved.bam, output/Lys_1/selectedMoved.bam.bai
    jobid: 40
    reason: Missing output files: output/Lys_1/selectedMoved.bam.bai, output/Lys_1/selectedMoved.bam; Input files updated by another job: output/Lys_1/Lys_1.bam
    wildcards: sample=Lys_1
    resources: tmpdir=/tmp, mem_gb=50


[Fri Jan 26 08:09:59 2024]
rule map_data_hisat2:
    input: output/Control_1/03_Control_1_R1.fastq.gz, output/Control_1/03_Control_1_R2.fastq.gz
    output: output/Control_1/Control_1.bam
    log: logs/Control_1/hisat2.log
    jobid: 5
    reason: Missing output files: output/Control_1/Control_1.bam; Input files updated by another job: output/Control_1/03_Control_1_R2.fastq.gz, output/Control_1/03_Control_1_R1.fastq.gz
    wildcards: sample=Control_1
    threads: 10
    resources: tmpdir=/tmp

[Fri Jan 26 08:10:09 2024]
Finished job 16.
16 of 92 steps (17%) done
Select jobs to execute...

[Fri Jan 26 08:10:09 2024]
rule move1N:
    input: output/Control_2/01_Control_2_R2.fastq.gz
    output: output/Control_2/02_Control_2_R2.fastq.gz
    jobid: 18
    reason: Missing output files: output/Control_2/02_Control_2_R2.fastq.gz; Input files updated by another job: output/Control_2/01_Control_2_R2.fastq.gz
    wildcards: sample=Control_2
    threads: 5
    resources: tmpdir=/tmp

[Fri Jan 26 08:10:23 2024]
Finished job 64.
17 of 92 steps (18%) done
Removing temporary output output/Control_1/00_Control_1_R2.fastq.gz.
Removing temporary output output/Control_1/00_Control_1_R1.fastq.gz.
[Fri Jan 26 08:10:26 2024]
Finished job 18.
18 of 92 steps (20%) done
Removing temporary output output/Control_2/01_Control_2_R2.fastq.gz.
Select jobs to execute...

[Fri Jan 26 08:10:26 2024]
rule seqpurge:
    input: output/Control_2/01_Control_2_R1.fastq.gz, output/Control_2/02_Control_2_R2.fastq.gz
    output: output/Control_2/03_Control_2_R1.fastq.gz, output/Control_2/03_Control_2_R2.fastq.gz
    log: logs/Control_2_seqpurge.log
    jobid: 15
    reason: Missing output files: output/Control_2/03_Control_2_R1.fastq.gz, output/Control_2/03_Control_2_R2.fastq.gz; Input files updated by another job: output/Control_2/02_Control_2_R2.fastq.gz, output/Control_2/01_Control_2_R1.fastq.gz
    wildcards: sample=Control_2
    threads: 6
    resources: tmpdir=/tmp

[Fri Jan 26 08:10:52 2024]
Finished job 15.
19 of 92 steps (21%) done
Removing temporary output output/Control_2/01_Control_2_R1.fastq.gz.
Removing temporary output output/Control_2/02_Control_2_R2.fastq.gz.
Select jobs to execute...

[Fri Jan 26 08:10:52 2024]
rule do_fastqc:
    input: output/Control_2/00_Control_2_R1.fastq.gz, output/Control_2/00_Control_2_R2.fastq.gz, output/Control_2/03_Control_2_R1.fastq.gz, output/Control_2/03_Control_2_R2.fastq.gz
    output: output/Control_2/00_Control_2_R2_fastqc.html, output/Control_2/03_Control_2_R2_fastqc.html
    jobid: 65
    reason: Missing output files: output/Control_2/00_Control_2_R2_fastqc.html, output/Control_2/03_Control_2_R2_fastqc.html; Input files updated by another job: output/Control_2/03_Control_2_R2.fastq.gz, output/Control_2/00_Control_2_R1.fastq.gz, output/Control_2/03_Control_2_R1.fastq.gz, output/Control_2/00_Control_2_R2.fastq.gz
    wildcards: sample=Control_2
    threads: 4
    resources: tmpdir=/tmp

[Fri Jan 26 08:10:58 2024]
Finished job 52.
20 of 92 steps (22%) done
Select jobs to execute...

[Fri Jan 26 08:10:58 2024]
rule move1N:
    input: output/Lys_2/01_Lys_2_R2.fastq.gz
    output: output/Lys_2/02_Lys_2_R2.fastq.gz
    jobid: 54
    reason: Missing output files: output/Lys_2/02_Lys_2_R2.fastq.gz; Input files updated by another job: output/Lys_2/01_Lys_2_R2.fastq.gz
    wildcards: sample=Lys_2
    threads: 5
    resources: tmpdir=/tmp

[Fri Jan 26 08:11:03 2024]
Finished job 25.
21 of 92 steps (23%) done
Select jobs to execute...

[Fri Jan 26 08:11:03 2024]
rule move1N:
    input: output/PnG_1/01_PnG_1_R2.fastq.gz
    output: output/PnG_1/02_PnG_1_R2.fastq.gz
    jobid: 27
    reason: Missing output files: output/PnG_1/02_PnG_1_R2.fastq.gz; Input files updated by another job: output/PnG_1/01_PnG_1_R2.fastq.gz
    wildcards: sample=PnG_1
    threads: 5
    resources: tmpdir=/tmp

[Fri Jan 26 08:11:09 2024]
Finished job 5.
22 of 92 steps (24%) done
Select jobs to execute...

[Fri Jan 26 08:11:09 2024]
rule map_data_hisat2:
    input: output/Control_2/03_Control_2_R1.fastq.gz, output/Control_2/03_Control_2_R2.fastq.gz
    output: output/Control_2/Control_2.bam
    log: logs/Control_2/hisat2.log
    jobid: 14
    reason: Missing output files: output/Control_2/Control_2.bam; Input files updated by another job: output/Control_2/03_Control_2_R2.fastq.gz, output/Control_2/03_Control_2_R1.fastq.gz
    wildcards: sample=Control_2
    threads: 10
    resources: tmpdir=/tmp


[Fri Jan 26 08:11:09 2024]
rule move_left:
    input: output/Control_1/Control_1.bam
    output: output/Control_1/selectedMoved.bam, output/Control_1/selectedMoved.bam.bai
    jobid: 4
    reason: Missing output files: output/Control_1/selectedMoved.bam, output/Control_1/selectedMoved.bam.bai; Input files updated by another job: output/Control_1/Control_1.bam
    wildcards: sample=Control_1
    resources: tmpdir=/tmp, mem_gb=50

[Fri Jan 26 08:11:09 2024]
Finished job 34.
23 of 92 steps (25%) done
Select jobs to execute...
[Fri Jan 26 08:11:19 2024]
Finished job 54.
24 of 92 steps (26%) done
Removing temporary output output/Lys_2/01_Lys_2_R2.fastq.gz.

[Fri Jan 26 08:11:19 2024]
rule seqpurge:
    input: output/Lys_2/01_Lys_2_R1.fastq.gz, output/Lys_2/02_Lys_2_R2.fastq.gz
    output: output/Lys_2/03_Lys_2_R1.fastq.gz, output/Lys_2/03_Lys_2_R2.fastq.gz
    log: logs/Lys_2_seqpurge.log
    jobid: 51
    reason: Missing output files: output/Lys_2/03_Lys_2_R2.fastq.gz, output/Lys_2/03_Lys_2_R1.fastq.gz; Input files updated by another job: output/Lys_2/02_Lys_2_R2.fastq.gz, output/Lys_2/01_Lys_2_R1.fastq.gz
    wildcards: sample=Lys_2
    threads: 6
    resources: tmpdir=/tmp

[Fri Jan 26 08:11:23 2024]
Finished job 27.
25 of 92 steps (27%) done
Removing temporary output output/PnG_1/01_PnG_1_R2.fastq.gz.
Select jobs to execute...

[Fri Jan 26 08:11:23 2024]
rule seqpurge:
    input: output/PnG_1/01_PnG_1_R1.fastq.gz, output/PnG_1/02_PnG_1_R2.fastq.gz
    output: output/PnG_1/03_PnG_1_R1.fastq.gz, output/PnG_1/03_PnG_1_R2.fastq.gz
    log: logs/PnG_1_seqpurge.log
    jobid: 24
    reason: Missing output files: output/PnG_1/03_PnG_1_R1.fastq.gz, output/PnG_1/03_PnG_1_R2.fastq.gz; Input files updated by another job: output/PnG_1/02_PnG_1_R2.fastq.gz, output/PnG_1/01_PnG_1_R1.fastq.gz
    wildcards: sample=PnG_1
    threads: 6
    resources: tmpdir=/tmp

[Fri Jan 26 08:11:35 2024]
Finished job 65.
26 of 92 steps (28%) done
Removing temporary output output/Control_2/00_Control_2_R1.fastq.gz.
Removing temporary output output/Control_2/00_Control_2_R2.fastq.gz.
Select jobs to execute...
[Fri Jan 26 08:11:42 2024]
Finished job 61.
27 of 92 steps (29%) done

[Fri Jan 26 08:11:42 2024]
rule move1N:
    input: output/FivePoints_1/01_FivePoints_1_R2.fastq.gz
    output: output/FivePoints_1/02_FivePoints_1_R2.fastq.gz
    jobid: 63
    reason: Missing output files: output/FivePoints_1/02_FivePoints_1_R2.fastq.gz; Input files updated by another job: output/FivePoints_1/01_FivePoints_1_R2.fastq.gz
    wildcards: sample=FivePoints_1
    threads: 5
    resources: tmpdir=/tmp

[Fri Jan 26 08:11:53 2024]
Finished job 51.
28 of 92 steps (30%) done
Removing temporary output output/Lys_2/01_Lys_2_R1.fastq.gz.
Removing temporary output output/Lys_2/02_Lys_2_R2.fastq.gz.
Select jobs to execute...

[Fri Jan 26 08:11:53 2024]
rule do_fastqc:
    input: output/Lys_2/00_Lys_2_R1.fastq.gz, output/Lys_2/00_Lys_2_R2.fastq.gz, output/Lys_2/03_Lys_2_R1.fastq.gz, output/Lys_2/03_Lys_2_R2.fastq.gz
    output: output/Lys_2/00_Lys_2_R2_fastqc.html, output/Lys_2/03_Lys_2_R2_fastqc.html
    jobid: 69
    reason: Missing output files: output/Lys_2/00_Lys_2_R2_fastqc.html, output/Lys_2/03_Lys_2_R2_fastqc.html; Input files updated by another job: output/Lys_2/00_Lys_2_R2.fastq.gz, output/Lys_2/03_Lys_2_R2.fastq.gz, output/Lys_2/00_Lys_2_R1.fastq.gz, output/Lys_2/03_Lys_2_R1.fastq.gz
    wildcards: sample=Lys_2
    threads: 4
    resources: tmpdir=/tmp

[Fri Jan 26 08:12:05 2024]
Finished job 63.
29 of 92 steps (32%) done
Removing temporary output output/FivePoints_1/01_FivePoints_1_R2.fastq.gz.
Select jobs to execute...

[Fri Jan 26 08:12:05 2024]
rule seqpurge:
    input: output/FivePoints_1/01_FivePoints_1_R1.fastq.gz, output/FivePoints_1/02_FivePoints_1_R2.fastq.gz
    output: output/FivePoints_1/03_FivePoints_1_R1.fastq.gz, output/FivePoints_1/03_FivePoints_1_R2.fastq.gz
    log: logs/FivePoints_1_seqpurge.log
    jobid: 60
    reason: Missing output files: output/FivePoints_1/03_FivePoints_1_R1.fastq.gz, output/FivePoints_1/03_FivePoints_1_R2.fastq.gz; Input files updated by another job: output/FivePoints_1/01_FivePoints_1_R1.fastq.gz, output/FivePoints_1/02_FivePoints_1_R2.fastq.gz
    wildcards: sample=FivePoints_1
    threads: 6
    resources: tmpdir=/tmp

[Fri Jan 26 08:12:07 2024]
Finished job 24.
30 of 92 steps (33%) done
Removing temporary output output/PnG_1/01_PnG_1_R1.fastq.gz.
Removing temporary output output/PnG_1/02_PnG_1_R2.fastq.gz.
Select jobs to execute...

[Fri Jan 26 08:12:07 2024]
rule do_fastqc:
    input: output/PnG_1/00_PnG_1_R1.fastq.gz, output/PnG_1/00_PnG_1_R2.fastq.gz, output/PnG_1/03_PnG_1_R1.fastq.gz, output/PnG_1/03_PnG_1_R2.fastq.gz
    output: output/PnG_1/00_PnG_1_R2_fastqc.html, output/PnG_1/03_PnG_1_R2_fastqc.html
    jobid: 66
    reason: Missing output files: output/PnG_1/00_PnG_1_R2_fastqc.html, output/PnG_1/03_PnG_1_R2_fastqc.html; Input files updated by another job: output/PnG_1/00_PnG_1_R2.fastq.gz, output/PnG_1/00_PnG_1_R1.fastq.gz, output/PnG_1/03_PnG_1_R1.fastq.gz, output/PnG_1/03_PnG_1_R2.fastq.gz
    wildcards: sample=PnG_1
    threads: 4
    resources: tmpdir=/tmp

[Fri Jan 26 08:12:32 2024]
Finished job 40.
31 of 92 steps (34%) done
Select jobs to execute...

[Fri Jan 26 08:12:32 2024]
rule move1N:
    input: output/PnG_2/01_PnG_2_R2.fastq.gz
    output: output/PnG_2/02_PnG_2_R2.fastq.gz
    jobid: 36
    reason: Missing output files: output/PnG_2/02_PnG_2_R2.fastq.gz; Input files updated by another job: output/PnG_2/01_PnG_2_R2.fastq.gz
    wildcards: sample=PnG_2
    threads: 5
    resources: tmpdir=/tmp

[Fri Jan 26 08:12:38 2024]
Finished job 69.
32 of 92 steps (35%) done
Removing temporary output output/Lys_2/00_Lys_2_R2.fastq.gz.
Removing temporary output output/Lys_2/00_Lys_2_R1.fastq.gz.
Select jobs to execute...
[Fri Jan 26 08:12:44 2024]
Finished job 60.
33 of 92 steps (36%) done
Removing temporary output output/FivePoints_1/01_FivePoints_1_R1.fastq.gz.
Removing temporary output output/FivePoints_1/02_FivePoints_1_R2.fastq.gz.

[Fri Jan 26 08:12:44 2024]
rule do_fastqc:
    input: output/FivePoints_1/00_FivePoints_1_R1.fastq.gz, output/FivePoints_1/00_FivePoints_1_R2.fastq.gz, output/FivePoints_1/03_FivePoints_1_R1.fastq.gz, output/FivePoints_1/03_FivePoints_1_R2.fastq.gz
    output: output/FivePoints_1/00_FivePoints_1_R2_fastqc.html, output/FivePoints_1/03_FivePoints_1_R2_fastqc.html
    jobid: 70
    reason: Missing output files: output/FivePoints_1/00_FivePoints_1_R2_fastqc.html, output/FivePoints_1/03_FivePoints_1_R2_fastqc.html; Input files updated by another job: output/FivePoints_1/03_FivePoints_1_R1.fastq.gz, output/FivePoints_1/00_FivePoints_1_R1.fastq.gz, output/FivePoints_1/03_FivePoints_1_R2.fastq.gz, output/FivePoints_1/00_FivePoints_1_R2.fastq.gz
    wildcards: sample=FivePoints_1
    threads: 4
    resources: tmpdir=/tmp

[Fri Jan 26 08:12:48 2024]
Finished job 14.
34 of 92 steps (37%) done
Select jobs to execute...

[Fri Jan 26 08:12:48 2024]
rule map_data_hisat2:
    input: output/FivePoints_1/03_FivePoints_1_R1.fastq.gz, output/FivePoints_1/03_FivePoints_1_R2.fastq.gz
    output: output/FivePoints_1/FivePoints_1.bam
    log: logs/FivePoints_1/hisat2.log
    jobid: 59
    reason: Missing output files: output/FivePoints_1/FivePoints_1.bam; Input files updated by another job: output/FivePoints_1/03_FivePoints_1_R1.fastq.gz, output/FivePoints_1/03_FivePoints_1_R2.fastq.gz
    wildcards: sample=FivePoints_1
    threads: 10
    resources: tmpdir=/tmp


[Fri Jan 26 08:12:48 2024]
rule move_left:
    input: output/Control_2/Control_2.bam
    output: output/Control_2/selectedMoved.bam, output/Control_2/selectedMoved.bam.bai
    jobid: 13
    reason: Missing output files: output/Control_2/selectedMoved.bam.bai, output/Control_2/selectedMoved.bam; Input files updated by another job: output/Control_2/Control_2.bam
    wildcards: sample=Control_2
    resources: tmpdir=/tmp, mem_gb=50

[Fri Jan 26 08:12:51 2024]
Finished job 66.
35 of 92 steps (38%) done
Removing temporary output output/PnG_1/00_PnG_1_R2.fastq.gz.
Removing temporary output output/PnG_1/00_PnG_1_R1.fastq.gz.
Select jobs to execute...
[Fri Jan 26 08:12:52 2024]
Finished job 36.
36 of 92 steps (39%) done
Removing temporary output output/PnG_2/01_PnG_2_R2.fastq.gz.

[Fri Jan 26 08:12:52 2024]
rule seqpurge:
    input: output/PnG_2/01_PnG_2_R1.fastq.gz, output/PnG_2/02_PnG_2_R2.fastq.gz
    output: output/PnG_2/03_PnG_2_R1.fastq.gz, output/PnG_2/03_PnG_2_R2.fastq.gz
    log: logs/PnG_2_seqpurge.log
    jobid: 33
    reason: Missing output files: output/PnG_2/03_PnG_2_R1.fastq.gz, output/PnG_2/03_PnG_2_R2.fastq.gz; Input files updated by another job: output/PnG_2/01_PnG_2_R1.fastq.gz, output/PnG_2/02_PnG_2_R2.fastq.gz
    wildcards: sample=PnG_2
    threads: 6
    resources: tmpdir=/tmp

[Fri Jan 26 08:13:28 2024]
Finished job 33.
37 of 92 steps (40%) done
Removing temporary output output/PnG_2/01_PnG_2_R1.fastq.gz.
Removing temporary output output/PnG_2/02_PnG_2_R2.fastq.gz.
Select jobs to execute...

[Fri Jan 26 08:13:28 2024]
rule do_fastqc:
    input: output/PnG_2/00_PnG_2_R1.fastq.gz, output/PnG_2/00_PnG_2_R2.fastq.gz, output/PnG_2/03_PnG_2_R1.fastq.gz, output/PnG_2/03_PnG_2_R2.fastq.gz
    output: output/PnG_2/00_PnG_2_R2_fastqc.html, output/PnG_2/03_PnG_2_R2_fastqc.html
    jobid: 67
    reason: Missing output files: output/PnG_2/00_PnG_2_R2_fastqc.html, output/PnG_2/03_PnG_2_R2_fastqc.html; Input files updated by another job: output/PnG_2/00_PnG_2_R1.fastq.gz, output/PnG_2/00_PnG_2_R2.fastq.gz, output/PnG_2/03_PnG_2_R1.fastq.gz, output/PnG_2/03_PnG_2_R2.fastq.gz
    wildcards: sample=PnG_2
    threads: 4
    resources: tmpdir=/tmp


[Fri Jan 26 08:13:28 2024]
rule map_data_hisat2:
    input: output/PnG_1/03_PnG_1_R1.fastq.gz, output/PnG_1/03_PnG_1_R2.fastq.gz
    output: output/PnG_1/PnG_1.bam
    log: logs/PnG_1/hisat2.log
    jobid: 23
    reason: Missing output files: output/PnG_1/PnG_1.bam; Input files updated by another job: output/PnG_1/03_PnG_1_R1.fastq.gz, output/PnG_1/03_PnG_1_R2.fastq.gz
    wildcards: sample=PnG_1
    threads: 10
    resources: tmpdir=/tmp

[Fri Jan 26 08:13:32 2024]
Finished job 70.
38 of 92 steps (41%) done
Removing temporary output output/FivePoints_1/00_FivePoints_1_R1.fastq.gz.
Removing temporary output output/FivePoints_1/00_FivePoints_1_R2.fastq.gz.
Select jobs to execute...
[Fri Jan 26 08:13:59 2024]
Finished job 4.
39 of 92 steps (42%) done
[Fri Jan 26 08:14:13 2024]
Finished job 67.
40 of 92 steps (43%) done
Removing temporary output output/PnG_2/00_PnG_2_R1.fastq.gz.
Removing temporary output output/PnG_2/00_PnG_2_R2.fastq.gz.
[Fri Jan 26 08:15:02 2024]
Finished job 59.
41 of 92 steps (45%) done

[Fri Jan 26 08:15:02 2024]
rule move_left:
    input: output/FivePoints_1/FivePoints_1.bam
    output: output/FivePoints_1/selectedMoved.bam, output/FivePoints_1/selectedMoved.bam.bai
    jobid: 58
    reason: Missing output files: output/FivePoints_1/selectedMoved.bam.bai, output/FivePoints_1/selectedMoved.bam; Input files updated by another job: output/FivePoints_1/FivePoints_1.bam
    wildcards: sample=FivePoints_1
    resources: tmpdir=/tmp, mem_gb=50


[Fri Jan 26 08:15:02 2024]
rule map_data_hisat2:
    input: output/Lys_2/03_Lys_2_R1.fastq.gz, output/Lys_2/03_Lys_2_R2.fastq.gz
    output: output/Lys_2/Lys_2.bam
    log: logs/Lys_2/hisat2.log
    jobid: 50
    reason: Missing output files: output/Lys_2/Lys_2.bam; Input files updated by another job: output/Lys_2/03_Lys_2_R2.fastq.gz, output/Lys_2/03_Lys_2_R1.fastq.gz
    wildcards: sample=Lys_2
    threads: 10
    resources: tmpdir=/tmp

[Fri Jan 26 08:15:11 2024]
Finished job 23.
42 of 92 steps (46%) done
Select jobs to execute...

[Fri Jan 26 08:15:11 2024]
rule move_left:
    input: output/PnG_1/PnG_1.bam
    output: output/PnG_1/selectedMoved.bam, output/PnG_1/selectedMoved.bam.bai
    jobid: 22
    reason: Missing output files: output/PnG_1/selectedMoved.bam, output/PnG_1/selectedMoved.bam.bai; Input files updated by another job: output/PnG_1/PnG_1.bam
    wildcards: sample=PnG_1
    resources: tmpdir=/tmp, mem_gb=50


[Fri Jan 26 08:15:11 2024]
rule map_data_hisat2:
    input: output/PnG_2/03_PnG_2_R1.fastq.gz, output/PnG_2/03_PnG_2_R2.fastq.gz
    output: output/PnG_2/PnG_2.bam
    log: logs/PnG_2/hisat2.log
    jobid: 32
    reason: Missing output files: output/PnG_2/PnG_2.bam; Input files updated by another job: output/PnG_2/03_PnG_2_R1.fastq.gz, output/PnG_2/03_PnG_2_R2.fastq.gz
    wildcards: sample=PnG_2
    threads: 10
    resources: tmpdir=/tmp

[Fri Jan 26 08:16:17 2024]
Finished job 13.
43 of 92 steps (47%) done
Select jobs to execute...
[Fri Jan 26 08:16:41 2024]
Finished job 50.
44 of 92 steps (48%) done

[Fri Jan 26 08:16:41 2024]
rule move_left:
    input: output/Lys_2/Lys_2.bam
    output: output/Lys_2/selectedMoved.bam, output/Lys_2/selectedMoved.bam.bai
    jobid: 49
    reason: Missing output files: output/Lys_2/selectedMoved.bam.bai, output/Lys_2/selectedMoved.bam; Input files updated by another job: output/Lys_2/Lys_2.bam
    wildcards: sample=Lys_2
    resources: tmpdir=/tmp, mem_gb=50


[Fri Jan 26 08:16:41 2024]
rule dedup_data:
    input: output/Control_2/selectedMoved.bam, output/Control_2/selectedMoved.bam.bai
    output: output/Control_2/dedup_Control_2.bam
    log: logs/Control_2/dedup.log
    jobid: 12
    reason: Missing output files: output/Control_2/dedup_Control_2.bam; Input files updated by another job: output/Control_2/selectedMoved.bam.bai, output/Control_2/selectedMoved.bam
    wildcards: sample=Control_2
    threads: 10
    resources: tmpdir=/tmp, mem_gb=50

[Fri Jan 26 08:16:50 2024]
Finished job 32.
45 of 92 steps (49%) done
Select jobs to execute...

[Fri Jan 26 08:16:50 2024]
rule move_left:
    input: output/PnG_2/PnG_2.bam
    output: output/PnG_2/selectedMoved.bam, output/PnG_2/selectedMoved.bam.bai
    jobid: 31
    reason: Missing output files: output/PnG_2/selectedMoved.bam, output/PnG_2/selectedMoved.bam.bai; Input files updated by another job: output/PnG_2/PnG_2.bam
    wildcards: sample=PnG_2
    resources: tmpdir=/tmp, mem_gb=50


[Fri Jan 26 08:16:50 2024]
rule dedup_data:
    input: output/Control_1/selectedMoved.bam, output/Control_1/selectedMoved.bam.bai
    output: output/Control_1/dedup_Control_1.bam
    log: logs/Control_1/dedup.log
    jobid: 3
    reason: Missing output files: output/Control_1/dedup_Control_1.bam; Input files updated by another job: output/Control_1/selectedMoved.bam, output/Control_1/selectedMoved.bam.bai
    wildcards: sample=Control_1
    threads: 10
    resources: tmpdir=/tmp, mem_gb=50

[Fri Jan 26 08:19:19 2024]
Finished job 22.
46 of 92 steps (50%) done
Select jobs to execute...
[Fri Jan 26 08:19:41 2024]
Finished job 58.
47 of 92 steps (51%) done
[Fri Jan 26 08:20:20 2024]
Finished job 49.
48 of 92 steps (52%) done
[Fri Jan 26 08:20:27 2024]
Finished job 31.
49 of 92 steps (53%) done

[Fri Jan 26 08:20:27 2024]
rule dedup_data:
    input: output/FivePoints_1/selectedMoved.bam, output/FivePoints_1/selectedMoved.bam.bai
    output: output/FivePoints_1/dedup_FivePoints_1.bam
    log: logs/FivePoints_1/dedup.log
    jobid: 57
    reason: Missing output files: output/FivePoints_1/dedup_FivePoints_1.bam; Input files updated by another job: output/FivePoints_1/selectedMoved.bam.bai, output/FivePoints_1/selectedMoved.bam
    wildcards: sample=FivePoints_1
    threads: 10
    resources: tmpdir=/tmp, mem_gb=50

[Fri Jan 26 08:23:32 2024]
Finished job 3.
50 of 92 steps (54%) done
Select jobs to execute...

[Fri Jan 26 08:23:32 2024]
rule remap:
    input: output/Control_1/dedup_Control_1.bam, output/Control_1/03_Control_1_R1.fastq.gz, output/Control_1/03_Control_1_R2.fastq.gz
    output: output/Control_1/newR1.fq.gz, output/Control_1/newR2.fq.gz, output/Control_1/dedSorted_Control_1.bam
    log: logs/Control_1/hisat2_remap.log
    jobid: 2
    reason: Missing output files: output/Control_1/dedSorted_Control_1.bam; Input files updated by another job: output/Control_1/dedup_Control_1.bam, output/Control_1/03_Control_1_R2.fastq.gz, output/Control_1/03_Control_1_R1.fastq.gz; Code has changed since last execution
    wildcards: sample=Control_1
    threads: 10
    resources: tmpdir=/tmp, mem_gb=50

[Fri Jan 26 08:25:45 2024]
Finished job 12.
51 of 92 steps (55%) done
Select jobs to execute...

[Fri Jan 26 08:25:45 2024]
rule remap:
    input: output/Control_2/dedup_Control_2.bam, output/Control_2/03_Control_2_R1.fastq.gz, output/Control_2/03_Control_2_R2.fastq.gz
    output: output/Control_2/newR1.fq.gz, output/Control_2/newR2.fq.gz, output/Control_2/dedSorted_Control_2.bam
    log: logs/Control_2/hisat2_remap.log
    jobid: 11
    reason: Missing output files: output/Control_2/dedSorted_Control_2.bam; Input files updated by another job: output/Control_2/03_Control_2_R1.fastq.gz, output/Control_2/dedup_Control_2.bam, output/Control_2/03_Control_2_R2.fastq.gz; Code has changed since last execution
    wildcards: sample=Control_2
    threads: 10
    resources: tmpdir=/tmp, mem_gb=50

[Fri Jan 26 08:26:27 2024]
Finished job 2.
52 of 92 steps (57%) done
Removing temporary output output/Control_1/dedup_Control_1.bam.
Removing temporary output output/Control_1/03_Control_1_R2.fastq.gz.
Removing temporary output output/Control_1/03_Control_1_R1.fastq.gz.
Removing temporary output output/Control_1/newR1.fq.gz.
Removing temporary output output/Control_1/newR2.fq.gz.
Select jobs to execute...

[Fri Jan 26 08:26:27 2024]
rule split_strands:
    input: output/Control_1/dedSorted_Control_1.bam
    output: output/Control_1/dedSorted_Control_1_83.bam, output/Control_1/dedSorted_Control_1_99.bam
    jobid: 72
    reason: Missing output files: output/Control_1/dedSorted_Control_1_99.bam, output/Control_1/dedSorted_Control_1_83.bam; Input files updated by another job: output/Control_1/dedSorted_Control_1.bam
    wildcards: sample=Control_1
    threads: 6
    resources: tmpdir=/tmp, mem_gb=20

[Fri Jan 26 08:28:11 2024]
Finished job 72.
53 of 92 steps (58%) done
Select jobs to execute...

[Fri Jan 26 08:28:11 2024]
rule extend_reads:
    input: output/Control_1/dedSorted_Control_1.bam
    output: output/Control_1/gr_99_Control_1.bedgraph, output/Control_1/gr_83_Control_1.bedgraph
    jobid: 1
    reason: Missing output files: output/Control_1/gr_99_Control_1.bedgraph, output/Control_1/gr_83_Control_1.bedgraph; Input files updated by another job: output/Control_1/dedSorted_Control_1.bam
    wildcards: sample=Control_1
    threads: 6
    resources: tmpdir=/tmp, mem_gb=10

[Fri Jan 26 08:29:22 2024]
Finished job 11.
54 of 92 steps (59%) done
Removing temporary output output/Control_2/dedup_Control_2.bam.
Removing temporary output output/Control_2/03_Control_2_R1.fastq.gz.
Removing temporary output output/Control_2/03_Control_2_R2.fastq.gz.
Removing temporary output output/Control_2/newR1.fq.gz.
Removing temporary output output/Control_2/newR2.fq.gz.
Select jobs to execute...

[Fri Jan 26 08:29:22 2024]
rule split_strands:
    input: output/Control_2/dedSorted_Control_2.bam
    output: output/Control_2/dedSorted_Control_2_83.bam, output/Control_2/dedSorted_Control_2_99.bam
    jobid: 74
    reason: Missing output files: output/Control_2/dedSorted_Control_2_83.bam, output/Control_2/dedSorted_Control_2_99.bam; Input files updated by another job: output/Control_2/dedSorted_Control_2.bam
    wildcards: sample=Control_2
    threads: 6
    resources: tmpdir=/tmp, mem_gb=20


[Fri Jan 26 08:29:22 2024]
rule extend_reads:
    input: output/Control_2/dedSorted_Control_2.bam
    output: output/Control_2/gr_99_Control_2.bedgraph, output/Control_2/gr_83_Control_2.bedgraph
    jobid: 10
    reason: Missing output files: output/Control_2/gr_99_Control_2.bedgraph, output/Control_2/gr_83_Control_2.bedgraph; Input files updated by another job: output/Control_2/dedSorted_Control_2.bam
    wildcards: sample=Control_2
    threads: 6
    resources: tmpdir=/tmp, mem_gb=10

[Fri Jan 26 08:30:50 2024]
Finished job 57.
55 of 92 steps (60%) done
Select jobs to execute...

[Fri Jan 26 08:30:50 2024]
rule remap:
    input: output/FivePoints_1/dedup_FivePoints_1.bam, output/FivePoints_1/03_FivePoints_1_R1.fastq.gz, output/FivePoints_1/03_FivePoints_1_R2.fastq.gz
    output: output/FivePoints_1/newR1.fq.gz, output/FivePoints_1/newR2.fq.gz, output/FivePoints_1/dedSorted_FivePoints_1.bam
    log: logs/FivePoints_1/hisat2_remap.log
    jobid: 56
    reason: Missing output files: output/FivePoints_1/dedSorted_FivePoints_1.bam; Input files updated by another job: output/FivePoints_1/03_FivePoints_1_R1.fastq.gz, output/FivePoints_1/03_FivePoints_1_R2.fastq.gz, output/FivePoints_1/dedup_FivePoints_1.bam; Code has changed since last execution
    wildcards: sample=FivePoints_1
    threads: 10
    resources: tmpdir=/tmp, mem_gb=50

[Fri Jan 26 08:31:21 2024]
Finished job 74.
56 of 92 steps (61%) done
Select jobs to execute...
[Fri Jan 26 08:31:45 2024]
Finished job 1.
57 of 92 steps (62%) done

[Fri Jan 26 08:31:45 2024]
rule dedup_data:
    input: output/PnG_1/selectedMoved.bam, output/PnG_1/selectedMoved.bam.bai
    output: output/PnG_1/dedup_PnG_1.bam
    log: logs/PnG_1/dedup.log
    jobid: 21
    reason: Missing output files: output/PnG_1/dedup_PnG_1.bam; Input files updated by another job: output/PnG_1/selectedMoved.bam, output/PnG_1/selectedMoved.bam.bai
    wildcards: sample=PnG_1
    threads: 10
    resources: tmpdir=/tmp, mem_gb=50

[Fri Jan 26 08:33:32 2024]
Finished job 10.
58 of 92 steps (63%) done
Select jobs to execute...

[Fri Jan 26 08:33:32 2024]
rule dedup_data:
    input: output/Lys_2/selectedMoved.bam, output/Lys_2/selectedMoved.bam.bai
    output: output/Lys_2/dedup_Lys_2.bam
    log: logs/Lys_2/dedup.log
    jobid: 48
    reason: Missing output files: output/Lys_2/dedup_Lys_2.bam; Input files updated by another job: output/Lys_2/selectedMoved.bam.bai, output/Lys_2/selectedMoved.bam
    wildcards: sample=Lys_2
    threads: 10
    resources: tmpdir=/tmp, mem_gb=50

[Fri Jan 26 08:35:11 2024]
Finished job 56.
59 of 92 steps (64%) done
Removing temporary output output/FivePoints_1/dedup_FivePoints_1.bam.
Removing temporary output output/FivePoints_1/03_FivePoints_1_R1.fastq.gz.
Removing temporary output output/FivePoints_1/03_FivePoints_1_R2.fastq.gz.
Removing temporary output output/FivePoints_1/newR1.fq.gz.
Removing temporary output output/FivePoints_1/newR2.fq.gz.
Select jobs to execute...

[Fri Jan 26 08:35:11 2024]
rule split_strands:
    input: output/FivePoints_1/dedSorted_FivePoints_1.bam
    output: output/FivePoints_1/dedSorted_FivePoints_1_83.bam, output/FivePoints_1/dedSorted_FivePoints_1_99.bam
    jobid: 84
    reason: Missing output files: output/FivePoints_1/dedSorted_FivePoints_1_99.bam, output/FivePoints_1/dedSorted_FivePoints_1_83.bam; Input files updated by another job: output/FivePoints_1/dedSorted_FivePoints_1.bam
    wildcards: sample=FivePoints_1
    threads: 6
    resources: tmpdir=/tmp, mem_gb=20

[Fri Jan 26 08:37:44 2024]
Finished job 84.
60 of 92 steps (65%) done
Select jobs to execute...

[Fri Jan 26 08:37:44 2024]
rule extend_reads:
    input: output/FivePoints_1/dedSorted_FivePoints_1.bam
    output: output/FivePoints_1/gr_99_FivePoints_1.bedgraph, output/FivePoints_1/gr_83_FivePoints_1.bedgraph
    jobid: 55
    reason: Missing output files: output/FivePoints_1/gr_83_FivePoints_1.bedgraph, output/FivePoints_1/gr_99_FivePoints_1.bedgraph; Input files updated by another job: output/FivePoints_1/dedSorted_FivePoints_1.bam
    wildcards: sample=FivePoints_1
    threads: 6
    resources: tmpdir=/tmp, mem_gb=10

[Fri Jan 26 08:40:29 2024]
Finished job 21.
61 of 92 steps (66%) done
Select jobs to execute...

[Fri Jan 26 08:40:29 2024]
rule remap:
    input: output/PnG_1/dedup_PnG_1.bam, output/PnG_1/03_PnG_1_R1.fastq.gz, output/PnG_1/03_PnG_1_R2.fastq.gz
    output: output/PnG_1/newR1.fq.gz, output/PnG_1/newR2.fq.gz, output/PnG_1/dedSorted_PnG_1.bam
    log: logs/PnG_1/hisat2_remap.log
    jobid: 20
    reason: Missing output files: output/PnG_1/dedSorted_PnG_1.bam; Input files updated by another job: output/PnG_1/03_PnG_1_R1.fastq.gz, output/PnG_1/dedup_PnG_1.bam, output/PnG_1/03_PnG_1_R2.fastq.gz; Code has changed since last execution
    wildcards: sample=PnG_1
    threads: 10
    resources: tmpdir=/tmp, mem_gb=50

[Fri Jan 26 08:42:02 2024]
Finished job 48.
62 of 92 steps (67%) done
Select jobs to execute...

[Fri Jan 26 08:42:02 2024]
rule remap:
    input: output/Lys_2/dedup_Lys_2.bam, output/Lys_2/03_Lys_2_R1.fastq.gz, output/Lys_2/03_Lys_2_R2.fastq.gz
    output: output/Lys_2/newR1.fq.gz, output/Lys_2/newR2.fq.gz, output/Lys_2/dedSorted_Lys_2.bam
    log: logs/Lys_2/hisat2_remap.log
    jobid: 47
    reason: Missing output files: output/Lys_2/dedSorted_Lys_2.bam; Input files updated by another job: output/Lys_2/dedup_Lys_2.bam, output/Lys_2/03_Lys_2_R2.fastq.gz, output/Lys_2/03_Lys_2_R1.fastq.gz; Code has changed since last execution
    wildcards: sample=Lys_2
    threads: 10
    resources: tmpdir=/tmp, mem_gb=50

[Fri Jan 26 08:43:09 2024]
Finished job 55.
63 of 92 steps (68%) done
Select jobs to execute...

[Fri Jan 26 08:43:09 2024]
rule dedup_data:
    input: output/PnG_2/selectedMoved.bam, output/PnG_2/selectedMoved.bam.bai
    output: output/PnG_2/dedup_PnG_2.bam
    log: logs/PnG_2/dedup.log
    jobid: 30
    reason: Missing output files: output/PnG_2/dedup_PnG_2.bam; Input files updated by another job: output/PnG_2/selectedMoved.bam, output/PnG_2/selectedMoved.bam.bai
    wildcards: sample=PnG_2
    threads: 10
    resources: tmpdir=/tmp, mem_gb=50

[Fri Jan 26 08:44:28 2024]
Finished job 20.
64 of 92 steps (70%) done
Removing temporary output output/PnG_1/dedup_PnG_1.bam.
Removing temporary output output/PnG_1/03_PnG_1_R1.fastq.gz.
Removing temporary output output/PnG_1/03_PnG_1_R2.fastq.gz.
Removing temporary output output/PnG_1/newR1.fq.gz.
Removing temporary output output/PnG_1/newR2.fq.gz.
Select jobs to execute...

[Fri Jan 26 08:44:28 2024]
rule extend_reads:
    input: output/PnG_1/dedSorted_PnG_1.bam
    output: output/PnG_1/gr_99_PnG_1.bedgraph, output/PnG_1/gr_83_PnG_1.bedgraph
    jobid: 19
    reason: Missing output files: output/PnG_1/gr_99_PnG_1.bedgraph, output/PnG_1/gr_83_PnG_1.bedgraph; Input files updated by another job: output/PnG_1/dedSorted_PnG_1.bam
    wildcards: sample=PnG_1
    threads: 6
    resources: tmpdir=/tmp, mem_gb=10

[Fri Jan 26 08:46:04 2024]
Finished job 47.
65 of 92 steps (71%) done
Removing temporary output output/Lys_2/dedup_Lys_2.bam.
Removing temporary output output/Lys_2/03_Lys_2_R2.fastq.gz.
Removing temporary output output/Lys_2/03_Lys_2_R1.fastq.gz.
Removing temporary output output/Lys_2/newR1.fq.gz.
Removing temporary output output/Lys_2/newR2.fq.gz.
Select jobs to execute...

[Fri Jan 26 08:46:04 2024]
rule split_strands:
    input: output/Lys_2/dedSorted_Lys_2.bam
    output: output/Lys_2/dedSorted_Lys_2_83.bam, output/Lys_2/dedSorted_Lys_2_99.bam
    jobid: 82
    reason: Missing output files: output/Lys_2/dedSorted_Lys_2_83.bam, output/Lys_2/dedSorted_Lys_2_99.bam; Input files updated by another job: output/Lys_2/dedSorted_Lys_2.bam
    wildcards: sample=Lys_2
    threads: 6
    resources: tmpdir=/tmp, mem_gb=20


[Fri Jan 26 08:46:04 2024]
rule split_strands:
    input: output/PnG_1/dedSorted_PnG_1.bam
    output: output/PnG_1/dedSorted_PnG_1_83.bam, output/PnG_1/dedSorted_PnG_1_99.bam
    jobid: 76
    reason: Missing output files: output/PnG_1/dedSorted_PnG_1_99.bam, output/PnG_1/dedSorted_PnG_1_83.bam; Input files updated by another job: output/PnG_1/dedSorted_PnG_1.bam
    wildcards: sample=PnG_1
    threads: 6
    resources: tmpdir=/tmp, mem_gb=20

[Fri Jan 26 08:48:20 2024]
Finished job 82.
66 of 92 steps (72%) done
Select jobs to execute...

[Fri Jan 26 08:48:20 2024]
rule extend_reads:
    input: output/Lys_2/dedSorted_Lys_2.bam
    output: output/Lys_2/gr_99_Lys_2.bedgraph, output/Lys_2/gr_83_Lys_2.bedgraph
    jobid: 46
    reason: Missing output files: output/Lys_2/gr_99_Lys_2.bedgraph, output/Lys_2/gr_83_Lys_2.bedgraph; Input files updated by another job: output/Lys_2/dedSorted_Lys_2.bam
    wildcards: sample=Lys_2
    threads: 6
    resources: tmpdir=/tmp, mem_gb=10

[Fri Jan 26 08:48:20 2024]
Finished job 76.
67 of 92 steps (73%) done
Select jobs to execute...
[Fri Jan 26 08:49:13 2024]
Finished job 19.
68 of 92 steps (74%) done

[Fri Jan 26 08:49:13 2024]
rule dedup_data:
    input: output/Lys_1/selectedMoved.bam, output/Lys_1/selectedMoved.bam.bai
    output: output/Lys_1/dedup_Lys_1.bam
    log: logs/Lys_1/dedup.log
    jobid: 39
    reason: Missing output files: output/Lys_1/dedup_Lys_1.bam; Input files updated by another job: output/Lys_1/selectedMoved.bam.bai, output/Lys_1/selectedMoved.bam
    wildcards: sample=Lys_1
    threads: 10
    resources: tmpdir=/tmp, mem_gb=50

[Fri Jan 26 08:52:52 2024]
Finished job 46.
69 of 92 steps (75%) done
Select jobs to execute...
[Fri Jan 26 08:53:57 2024]
Finished job 30.
70 of 92 steps (76%) done

[Fri Jan 26 08:53:57 2024]
rule remap:
    input: output/PnG_2/dedup_PnG_2.bam, output/PnG_2/03_PnG_2_R1.fastq.gz, output/PnG_2/03_PnG_2_R2.fastq.gz
    output: output/PnG_2/newR1.fq.gz, output/PnG_2/newR2.fq.gz, output/PnG_2/dedSorted_PnG_2.bam
    log: logs/PnG_2/hisat2_remap.log
    jobid: 29
    reason: Missing output files: output/PnG_2/dedSorted_PnG_2.bam; Input files updated by another job: output/PnG_2/03_PnG_2_R1.fastq.gz, output/PnG_2/03_PnG_2_R2.fastq.gz, output/PnG_2/dedup_PnG_2.bam; Code has changed since last execution
    wildcards: sample=PnG_2
    threads: 10
    resources: tmpdir=/tmp, mem_gb=50

[Fri Jan 26 08:54:48 2024]
Finished job 39.
71 of 92 steps (77%) done
Select jobs to execute...

[Fri Jan 26 08:54:48 2024]
rule remap:
    input: output/Lys_1/dedup_Lys_1.bam, output/Lys_1/03_Lys_1_R1.fastq.gz, output/Lys_1/03_Lys_1_R2.fastq.gz
    output: output/Lys_1/newR1.fq.gz, output/Lys_1/newR2.fq.gz, output/Lys_1/dedSorted_Lys_1.bam
    log: logs/Lys_1/hisat2_remap.log
    jobid: 38
    reason: Missing output files: output/Lys_1/dedSorted_Lys_1.bam; Input files updated by another job: output/Lys_1/03_Lys_1_R2.fastq.gz, output/Lys_1/dedup_Lys_1.bam, output/Lys_1/03_Lys_1_R1.fastq.gz; Code has changed since last execution
    wildcards: sample=Lys_1
    threads: 10
    resources: tmpdir=/tmp, mem_gb=50

[Fri Jan 26 08:57:40 2024]
Finished job 38.
72 of 92 steps (78%) done
Removing temporary output output/Lys_1/dedup_Lys_1.bam.
Removing temporary output output/Lys_1/03_Lys_1_R2.fastq.gz.
Removing temporary output output/Lys_1/03_Lys_1_R1.fastq.gz.
Removing temporary output output/Lys_1/newR1.fq.gz.
Removing temporary output output/Lys_1/newR2.fq.gz.
Select jobs to execute...

[Fri Jan 26 08:57:41 2024]
rule noHils_reads_83:
    input: output/FivePoints_1/dedSorted_FivePoints_1_83.bam
    output: output/FivePoints_1/dedSorted_FivePoints_1_noHils_83.bam
    jobid: 91
    reason: Missing output files: output/FivePoints_1/dedSorted_FivePoints_1_noHils_83.bam; Input files updated by another job: output/FivePoints_1/dedSorted_FivePoints_1_83.bam
    wildcards: sample=FivePoints_1
    threads: 16
    resources: tmpdir=/tmp, mem_gb=10

[Fri Jan 26 08:57:53 2024]
Finished job 29.
73 of 92 steps (79%) done
Removing temporary output output/PnG_2/dedup_PnG_2.bam.
Removing temporary output output/PnG_2/03_PnG_2_R1.fastq.gz.
Removing temporary output output/PnG_2/03_PnG_2_R2.fastq.gz.
Removing temporary output output/PnG_2/newR1.fq.gz.
Removing temporary output output/PnG_2/newR2.fq.gz.
Select jobs to execute...

[Fri Jan 26 08:57:53 2024]
rule split_strands:
    input: output/PnG_2/dedSorted_PnG_2.bam
    output: output/PnG_2/dedSorted_PnG_2_83.bam, output/PnG_2/dedSorted_PnG_2_99.bam
    jobid: 78
    reason: Missing output files: output/PnG_2/dedSorted_PnG_2_99.bam, output/PnG_2/dedSorted_PnG_2_83.bam; Input files updated by another job: output/PnG_2/dedSorted_PnG_2.bam
    wildcards: sample=PnG_2
    threads: 6
    resources: tmpdir=/tmp, mem_gb=20


[Fri Jan 26 08:57:53 2024]
rule extend_reads:
    input: output/PnG_2/dedSorted_PnG_2.bam
    output: output/PnG_2/gr_99_PnG_2.bedgraph, output/PnG_2/gr_83_PnG_2.bedgraph
    jobid: 28
    reason: Missing output files: output/PnG_2/gr_99_PnG_2.bedgraph, output/PnG_2/gr_83_PnG_2.bedgraph; Input files updated by another job: output/PnG_2/dedSorted_PnG_2.bam
    wildcards: sample=PnG_2
    threads: 6
    resources: tmpdir=/tmp, mem_gb=10

[Fri Jan 26 08:59:54 2024]
Finished job 78.
74 of 92 steps (80%) done
Select jobs to execute...

[Fri Jan 26 08:59:54 2024]
rule split_strands:
    input: output/Lys_1/dedSorted_Lys_1.bam
    output: output/Lys_1/dedSorted_Lys_1_83.bam, output/Lys_1/dedSorted_Lys_1_99.bam
    jobid: 80
    reason: Missing output files: output/Lys_1/dedSorted_Lys_1_99.bam, output/Lys_1/dedSorted_Lys_1_83.bam; Input files updated by another job: output/Lys_1/dedSorted_Lys_1.bam
    wildcards: sample=Lys_1
    threads: 6
    resources: tmpdir=/tmp, mem_gb=20

[Fri Jan 26 09:01:28 2024]
Finished job 80.
75 of 92 steps (82%) done
Select jobs to execute...

[Fri Jan 26 09:01:28 2024]
rule extend_reads:
    input: output/Lys_1/dedSorted_Lys_1.bam
    output: output/Lys_1/gr_99_Lys_1.bedgraph, output/Lys_1/gr_83_Lys_1.bedgraph
    jobid: 37
    reason: Missing output files: output/Lys_1/gr_99_Lys_1.bedgraph, output/Lys_1/gr_83_Lys_1.bedgraph; Input files updated by another job: output/Lys_1/dedSorted_Lys_1.bam
    wildcards: sample=Lys_1
    threads: 6
    resources: tmpdir=/tmp, mem_gb=10

[Fri Jan 26 09:02:27 2024]
Finished job 28.
76 of 92 steps (83%) done
Select jobs to execute...
[Fri Jan 26 09:04:32 2024]
Finished job 37.
77 of 92 steps (84%) done
[Fri Jan 26 09:09:06 2024]
Finished job 91.
78 of 92 steps (85%) done

[Fri Jan 26 09:09:06 2024]
rule noHils_reads_83:
    input: output/PnG_1/dedSorted_PnG_1_83.bam
    output: output/PnG_1/dedSorted_PnG_1_noHils_83.bam
    jobid: 87
    reason: Missing output files: output/PnG_1/dedSorted_PnG_1_noHils_83.bam; Input files updated by another job: output/PnG_1/dedSorted_PnG_1_83.bam
    wildcards: sample=PnG_1
    threads: 16
    resources: tmpdir=/tmp, mem_gb=10

[Fri Jan 26 09:19:16 2024]
Finished job 87.
79 of 92 steps (86%) done
Select jobs to execute...

[Fri Jan 26 09:19:16 2024]
rule noHils_reads_83:
    input: output/Lys_2/dedSorted_Lys_2_83.bam
    output: output/Lys_2/dedSorted_Lys_2_noHils_83.bam
    jobid: 90
    reason: Missing output files: output/Lys_2/dedSorted_Lys_2_noHils_83.bam; Input files updated by another job: output/Lys_2/dedSorted_Lys_2_83.bam
    wildcards: sample=Lys_2
    threads: 16
    resources: tmpdir=/tmp, mem_gb=10

[Fri Jan 26 09:29:26 2024]
Finished job 90.
80 of 92 steps (87%) done
Select jobs to execute...

[Fri Jan 26 09:29:26 2024]
rule noHils_reads_83:
    input: output/Control_2/dedSorted_Control_2_83.bam
    output: output/Control_2/dedSorted_Control_2_noHils_83.bam
    jobid: 86
    reason: Missing output files: output/Control_2/dedSorted_Control_2_noHils_83.bam; Input files updated by another job: output/Control_2/dedSorted_Control_2_83.bam
    wildcards: sample=Control_2
    threads: 16
    resources: tmpdir=/tmp, mem_gb=10

[Fri Jan 26 09:38:43 2024]
Finished job 86.
81 of 92 steps (88%) done
Select jobs to execute...

[Fri Jan 26 09:38:43 2024]
rule noHils_reads_83:
    input: output/PnG_2/dedSorted_PnG_2_83.bam
    output: output/PnG_2/dedSorted_PnG_2_noHils_83.bam
    jobid: 88
    reason: Missing output files: output/PnG_2/dedSorted_PnG_2_noHils_83.bam; Input files updated by another job: output/PnG_2/dedSorted_PnG_2_83.bam
    wildcards: sample=PnG_2
    threads: 16
    resources: tmpdir=/tmp, mem_gb=10

[Fri Jan 26 09:48:13 2024]
Finished job 88.
82 of 92 steps (89%) done
Select jobs to execute...

[Fri Jan 26 09:48:13 2024]
rule noHils_reads_83:
    input: output/Control_1/dedSorted_Control_1_83.bam
    output: output/Control_1/dedSorted_Control_1_noHils_83.bam
    jobid: 85
    reason: Missing output files: output/Control_1/dedSorted_Control_1_noHils_83.bam; Input files updated by another job: output/Control_1/dedSorted_Control_1_83.bam
    wildcards: sample=Control_1
    threads: 16
    resources: tmpdir=/tmp, mem_gb=10

[Fri Jan 26 09:56:36 2024]
Finished job 85.
83 of 92 steps (90%) done
Select jobs to execute...

[Fri Jan 26 09:56:36 2024]
rule noHils_reads_83:
    input: output/Lys_1/dedSorted_Lys_1_83.bam
    output: output/Lys_1/dedSorted_Lys_1_noHils_83.bam
    jobid: 89
    reason: Missing output files: output/Lys_1/dedSorted_Lys_1_noHils_83.bam; Input files updated by another job: output/Lys_1/dedSorted_Lys_1_83.bam
    wildcards: sample=Lys_1
    threads: 16
    resources: tmpdir=/tmp, mem_gb=10

[Fri Jan 26 10:04:15 2024]
Finished job 89.
84 of 92 steps (91%) done
Select jobs to execute...

[Fri Jan 26 10:04:15 2024]
rule noHils_reads_99:
    input: output/FivePoints_1/dedSorted_FivePoints_1_99.bam
    output: output/FivePoints_1/dedSorted_FivePoints_1_noHils_99.bam
    jobid: 83
    reason: Missing output files: output/FivePoints_1/dedSorted_FivePoints_1_noHils_99.bam; Input files updated by another job: output/FivePoints_1/dedSorted_FivePoints_1_99.bam
    wildcards: sample=FivePoints_1
    threads: 16
    resources: tmpdir=/tmp, mem_gb=10

[Fri Jan 26 10:08:16 2024]
Finished job 83.
85 of 92 steps (92%) done
Select jobs to execute...

[Fri Jan 26 10:08:16 2024]
rule noHils_reads_99:
    input: output/PnG_1/dedSorted_PnG_1_99.bam
    output: output/PnG_1/dedSorted_PnG_1_noHils_99.bam
    jobid: 75
    reason: Missing output files: output/PnG_1/dedSorted_PnG_1_noHils_99.bam; Input files updated by another job: output/PnG_1/dedSorted_PnG_1_99.bam
    wildcards: sample=PnG_1
    threads: 16
    resources: tmpdir=/tmp, mem_gb=10

[Fri Jan 26 10:11:48 2024]
Finished job 75.
86 of 92 steps (93%) done
Select jobs to execute...

[Fri Jan 26 10:11:48 2024]
rule noHils_reads_99:
    input: output/Lys_2/dedSorted_Lys_2_99.bam
    output: output/Lys_2/dedSorted_Lys_2_noHils_99.bam
    jobid: 81
    reason: Missing output files: output/Lys_2/dedSorted_Lys_2_noHils_99.bam; Input files updated by another job: output/Lys_2/dedSorted_Lys_2_99.bam
    wildcards: sample=Lys_2
    threads: 16
    resources: tmpdir=/tmp, mem_gb=10

[Fri Jan 26 10:15:24 2024]
Finished job 81.
87 of 92 steps (95%) done
Select jobs to execute...

[Fri Jan 26 10:15:24 2024]
rule noHils_reads_99:
    input: output/PnG_2/dedSorted_PnG_2_99.bam
    output: output/PnG_2/dedSorted_PnG_2_noHils_99.bam
    jobid: 77
    reason: Missing output files: output/PnG_2/dedSorted_PnG_2_noHils_99.bam; Input files updated by another job: output/PnG_2/dedSorted_PnG_2_99.bam
    wildcards: sample=PnG_2
    threads: 16
    resources: tmpdir=/tmp, mem_gb=10

[Fri Jan 26 10:18:53 2024]
Finished job 77.
88 of 92 steps (96%) done
Select jobs to execute...

[Fri Jan 26 10:18:53 2024]
rule noHils_reads_99:
    input: output/Control_2/dedSorted_Control_2_99.bam
    output: output/Control_2/dedSorted_Control_2_noHils_99.bam
    jobid: 73
    reason: Missing output files: output/Control_2/dedSorted_Control_2_noHils_99.bam; Input files updated by another job: output/Control_2/dedSorted_Control_2_99.bam
    wildcards: sample=Control_2
    threads: 16
    resources: tmpdir=/tmp, mem_gb=10

[Fri Jan 26 10:22:02 2024]
Finished job 73.
89 of 92 steps (97%) done
Select jobs to execute...

[Fri Jan 26 10:22:02 2024]
rule noHils_reads_99:
    input: output/Control_1/dedSorted_Control_1_99.bam
    output: output/Control_1/dedSorted_Control_1_noHils_99.bam
    jobid: 71
    reason: Missing output files: output/Control_1/dedSorted_Control_1_noHils_99.bam; Input files updated by another job: output/Control_1/dedSorted_Control_1_99.bam
    wildcards: sample=Control_1
    threads: 16
    resources: tmpdir=/tmp, mem_gb=10

[Fri Jan 26 10:24:45 2024]
Finished job 71.
90 of 92 steps (98%) done
Select jobs to execute...

[Fri Jan 26 10:24:45 2024]
rule noHils_reads_99:
    input: output/Lys_1/dedSorted_Lys_1_99.bam
    output: output/Lys_1/dedSorted_Lys_1_noHils_99.bam
    jobid: 79
    reason: Missing output files: output/Lys_1/dedSorted_Lys_1_noHils_99.bam; Input files updated by another job: output/Lys_1/dedSorted_Lys_1_99.bam
    wildcards: sample=Lys_1
    threads: 16
    resources: tmpdir=/tmp, mem_gb=10

[Fri Jan 26 10:27:13 2024]
Finished job 79.
91 of 92 steps (99%) done
Select jobs to execute...

[Fri Jan 26 10:27:13 2024]
localrule all:
    input: output/Control_1/gr_99_Control_1.bedgraph, output/Control_2/gr_99_Control_2.bedgraph, output/PnG_1/gr_99_PnG_1.bedgraph, output/PnG_2/gr_99_PnG_2.bedgraph, output/Lys_1/gr_99_Lys_1.bedgraph, output/Lys_2/gr_99_Lys_2.bedgraph, output/FivePoints_1/gr_99_FivePoints_1.bedgraph, output/Control_1/gr_83_Control_1.bedgraph, output/Control_2/gr_83_Control_2.bedgraph, output/PnG_1/gr_83_PnG_1.bedgraph, output/PnG_2/gr_83_PnG_2.bedgraph, output/Lys_1/gr_83_Lys_1.bedgraph, output/Lys_2/gr_83_Lys_2.bedgraph, output/FivePoints_1/gr_83_FivePoints_1.bedgraph, output/Control_1/dedSorted_Control_1.bam, output/Control_2/dedSorted_Control_2.bam, output/PnG_1/dedSorted_PnG_1.bam, output/PnG_2/dedSorted_PnG_2.bam, output/Lys_1/dedSorted_Lys_1.bam, output/Lys_2/dedSorted_Lys_2.bam, output/FivePoints_1/dedSorted_FivePoints_1.bam, output/Control_1/00_Control_1_R2_fastqc.html, output/Control_2/00_Control_2_R2_fastqc.html, output/PnG_1/00_PnG_1_R2_fastqc.html, output/PnG_2/00_PnG_2_R2_fastqc.html, output/Lys_1/00_Lys_1_R2_fastqc.html, output/Lys_2/00_Lys_2_R2_fastqc.html, output/FivePoints_1/00_FivePoints_1_R2_fastqc.html, output/Control_1/03_Control_1_R2_fastqc.html, output/Control_2/03_Control_2_R2_fastqc.html, output/PnG_1/03_PnG_1_R2_fastqc.html, output/PnG_2/03_PnG_2_R2_fastqc.html, output/Lys_1/03_Lys_1_R2_fastqc.html, output/Lys_2/03_Lys_2_R2_fastqc.html, output/FivePoints_1/03_FivePoints_1_R2_fastqc.html, output/Control_1/dedSorted_Control_1_noHils_99.bam, output/Control_2/dedSorted_Control_2_noHils_99.bam, output/PnG_1/dedSorted_PnG_1_noHils_99.bam, output/PnG_2/dedSorted_PnG_2_noHils_99.bam, output/Lys_1/dedSorted_Lys_1_noHils_99.bam, output/Lys_2/dedSorted_Lys_2_noHils_99.bam, output/FivePoints_1/dedSorted_FivePoints_1_noHils_99.bam, output/Control_1/dedSorted_Control_1_noHils_83.bam, output/Control_2/dedSorted_Control_2_noHils_83.bam, output/PnG_1/dedSorted_PnG_1_noHils_83.bam, output/PnG_2/dedSorted_PnG_2_noHils_83.bam, output/Lys_1/dedSorted_Lys_1_noHils_83.bam, output/Lys_2/dedSorted_Lys_2_noHils_83.bam, output/FivePoints_1/dedSorted_FivePoints_1_noHils_83.bam
    jobid: 0
    reason: Input files updated by another job: output/Control_2/00_Control_2_R2_fastqc.html, output/FivePoints_1/dedSorted_FivePoints_1_noHils_83.bam, output/Lys_2/00_Lys_2_R2_fastqc.html, output/Control_2/gr_83_Control_2.bedgraph, output/PnG_2/gr_83_PnG_2.bedgraph, output/PnG_1/gr_99_PnG_1.bedgraph, output/Control_1/dedSorted_Control_1_noHils_99.bam, output/Control_2/dedSorted_Control_2_noHils_83.bam, output/Control_1/dedSorted_Control_1.bam, output/PnG_2/dedSorted_PnG_2_noHils_83.bam, output/PnG_2/00_PnG_2_R2_fastqc.html, output/PnG_1/00_PnG_1_R2_fastqc.html, output/FivePoints_1/00_FivePoints_1_R2_fastqc.html, output/Lys_2/03_Lys_2_R2_fastqc.html, output/Control_2/dedSorted_Control_2.bam, output/FivePoints_1/gr_99_FivePoints_1.bedgraph, output/Lys_1/dedSorted_Lys_1.bam, output/PnG_1/03_PnG_1_R2_fastqc.html, output/PnG_2/dedSorted_PnG_2_noHils_99.bam, output/PnG_2/gr_99_PnG_2.bedgraph, output/Control_2/03_Control_2_R2_fastqc.html, output/Lys_1/dedSorted_Lys_1_noHils_99.bam, output/Lys_1/gr_83_Lys_1.bedgraph, output/Control_1/dedSorted_Control_1_noHils_83.bam, output/Lys_1/gr_99_Lys_1.bedgraph, output/Control_1/gr_99_Control_1.bedgraph, output/Control_2/dedSorted_Control_2_noHils_99.bam, output/FivePoints_1/gr_83_FivePoints_1.bedgraph, output/Control_1/gr_83_Control_1.bedgraph, output/PnG_1/dedSorted_PnG_1.bam, output/Lys_2/gr_99_Lys_2.bedgraph, output/PnG_1/gr_83_PnG_1.bedgraph, output/FivePoints_1/dedSorted_FivePoints_1_noHils_99.bam, output/Lys_1/03_Lys_1_R2_fastqc.html, output/Control_2/gr_99_Control_2.bedgraph, output/Lys_2/gr_83_Lys_2.bedgraph, output/Lys_1/dedSorted_Lys_1_noHils_83.bam, output/Lys_2/dedSorted_Lys_2_noHils_83.bam, output/PnG_1/dedSorted_PnG_1_noHils_99.bam, output/PnG_1/dedSorted_PnG_1_noHils_83.bam, output/PnG_2/dedSorted_PnG_2.bam, output/FivePoints_1/dedSorted_FivePoints_1.bam, output/Control_1/00_Control_1_R2_fastqc.html, output/Lys_1/00_Lys_1_R2_fastqc.html, output/FivePoints_1/03_FivePoints_1_R2_fastqc.html, output/Control_1/03_Control_1_R2_fastqc.html, output/Lys_2/dedSorted_Lys_2.bam, output/PnG_2/03_PnG_2_R2_fastqc.html, output/Lys_2/dedSorted_Lys_2_noHils_99.bam
    resources: tmpdir=/tmp

[Fri Jan 26 10:27:13 2024]
Finished job 0.
92 of 92 steps (100%) done
Complete log: ../../../../../scratch/kotryna/Giedrius/2016_sRNALactis/data_prep/.snakemake/log/2024-01-26T080420.111240.snakemake.log
