Building DAG of jobs...
Using shell: /usr/bin/bash
Provided cores: 10
Rules claiming more threads will be scaled down.
Job stats:
job                count    min threads    max threads
---------------  -------  -------------  -------------
all                    1              1              1
dedup_data             7             10             10
do_fastqc              7              4              4
extend_reads           7              6              6
map_data_hisat2        7             10             10
move_left              7              1              1
remap                  7             10             10
seqpurge               7              6              6
total                 50              1             10

Select jobs to execute...

[Fri Jan  5 14:27:44 2024]
rule seqpurge:
    input: output/FivePoints_1/01_FivePoints_1_R1.fastq.gz, output/FivePoints_1/02_FivePoints_1_R2.fastq.gz
    output: output/FivePoints_1/03_FivePoints_1_R1.fastq.gz, output/FivePoints_1/03_FivePoints_1_R2.fastq.gz
    log: logs/FivePoints_1_seqpurge.log
    jobid: 60
    reason: Missing output files: output/FivePoints_1/03_FivePoints_1_R2.fastq.gz, output/FivePoints_1/03_FivePoints_1_R1.fastq.gz
    wildcards: sample=FivePoints_1
    threads: 6
    resources: tmpdir=/tmp

[Fri Jan  5 14:27:44 2024]
Error in rule seqpurge:
    jobid: 60
    input: output/FivePoints_1/01_FivePoints_1_R1.fastq.gz, output/FivePoints_1/02_FivePoints_1_R2.fastq.gz
    output: output/FivePoints_1/03_FivePoints_1_R1.fastq.gz, output/FivePoints_1/03_FivePoints_1_R2.fastq.gz
    log: logs/FivePoints_1_seqpurge.log (check log file(s) for error details)
    shell:
        
        /mnt/store/DMTS/common_programs/ngs-bits/bin/SeqPurge -min_len 24 -threads 6 -a1 NNNNTGGAATTCTCGGGTGCCAAG -a2 NNNNGATCGTCGGACTGTAGAACT -qcut 20 -summary logs/FivePoints_1_seqpurge.log -in1  ifile1 output/FivePoints_1/01_FivePoints_1_R1.fastq.gz -in2 output/FivePoints_1/02_FivePoints_1_R2.fastq.gz -out1 output/FivePoints_1/03_FivePoints_1_R1.fastq.gz -out2 output/FivePoints_1/03_FivePoints_1_R2.fastq.gz
        
        (one of the commands exited with non-zero exit code; note that snakemake uses bash strict mode!)

Shutting down, this might take some time.
Exiting because a job execution failed. Look above for error message
Complete log: ../../../../../scratch/kotryna/Giedrius/2016_sRNALactis/data_prep/.snakemake/log/2024-01-05T142744.418538.snakemake.log
