Building DAG of jobs...
Using shell: /usr/bin/bash
Provided cores: 10
Rules claiming more threads will be scaled down.
Job stats:
job         count    min threads    max threads
--------  -------  -------------  -------------
all             1              1              1
quantify        1             10             10
total           2              1             10

Select jobs to execute...

[Thu May 23 11:33:57 2024]
rule quantify:
    input: output/Control_1/Norm_dedup_Control_1.bam, output/Control_2/Norm_dedup_Control_2.bam, output/PnG_1/Norm_dedup_PnG_1.bam, output/PnG_2/Norm_dedup_PnG_2.bam, output/Lys_1/Norm_dedup_Lys_1.bam, output/Lys_2/Norm_dedup_Lys_2.bam, output/FivePoints_1/Norm_dedup_FivePoints_1.bam
    output: output/counts.txt
    log: logs/featureCounts.log
    jobid: 0
    reason: Forced execution
    threads: 10
    resources: tmpdir=/tmp, mem_gb=50

[Thu May 23 11:33:57 2024]
Error in rule quantify:
    jobid: 0
    input: output/Control_1/Norm_dedup_Control_1.bam, output/Control_2/Norm_dedup_Control_2.bam, output/PnG_1/Norm_dedup_PnG_1.bam, output/PnG_2/Norm_dedup_PnG_2.bam, output/Lys_1/Norm_dedup_Lys_1.bam, output/Lys_2/Norm_dedup_Lys_2.bam, output/FivePoints_1/Norm_dedup_FivePoints_1.bam
    output: output/counts.txt
    log: logs/featureCounts.log (check log file(s) for error details)
    shell:
        
        /mnt/store/DMTS/common_programs/subread-2.0.6-Linux-x86_64/bin/featureCounts -F GTF -M --fraction -s 1 -p --countReadPairs -T 10 -a /mnt/store/annotations/NC_009004/NC_009004_with_sRNA_240520.gff -o output/counts.txt output/Control_1/Norm_dedup_Control_1.bam output/Control_2/Norm_dedup_Control_2.bam output/PnG_1/Norm_dedup_PnG_1.bam output/PnG_2/Norm_dedup_PnG_2.bam output/Lys_1/Norm_dedup_Lys_1.bam output/Lys_2/Norm_dedup_Lys_2.bam output/FivePoints_1/Norm_dedup_FivePoints_1.bam
        
        (one of the commands exited with non-zero exit code; note that snakemake uses bash strict mode!)

Shutting down, this might take some time.
Exiting because a job execution failed. Look above for error message
Complete log: ../../../../../scratch/kotryna/Giedrius/2016_sRNALactis/data_prep/.snakemake/log/2024-05-23T113357.510721.snakemake.log
