Building DAG of jobs...
Using shell: /usr/bin/bash
Provided cores: 10
Rules claiming more threads will be scaled down.
Job stats:
job         count    min threads    max threads
--------  -------  -------------  -------------
all             1              1              1
quantify        1             10             10
total           2              1             10

Select jobs to execute...

[Thu May 23 11:34:41 2024]
rule quantify:
    input: output/Control_1/Norm_dedup_Control_1.bam, output/Control_2/Norm_dedup_Control_2.bam, output/PnG_1/Norm_dedup_PnG_1.bam, output/PnG_2/Norm_dedup_PnG_2.bam, output/Lys_1/Norm_dedup_Lys_1.bam, output/Lys_2/Norm_dedup_Lys_2.bam, output/FivePoints_1/Norm_dedup_FivePoints_1.bam
    output: output/counts.txt
    log: logs/featureCounts.log
    jobid: 92
    reason: Forced execution
    threads: 10
    resources: tmpdir=/tmp, mem_gb=50

[Thu May 23 11:35:14 2024]
Finished job 92.
1 of 2 steps (50%) done
Select jobs to execute...

[Thu May 23 11:35:14 2024]
localrule all:
    input: output/Control_1/gr_99_Control_1.bedgraph, output/Control_2/gr_99_Control_2.bedgraph, output/PnG_1/gr_99_PnG_1.bedgraph, output/PnG_2/gr_99_PnG_2.bedgraph, output/Lys_1/gr_99_Lys_1.bedgraph, output/Lys_2/gr_99_Lys_2.bedgraph, output/FivePoints_1/gr_99_FivePoints_1.bedgraph, output/Control_1/gr_83_Control_1.bedgraph, output/Control_2/gr_83_Control_2.bedgraph, output/PnG_1/gr_83_PnG_1.bedgraph, output/PnG_2/gr_83_PnG_2.bedgraph, output/Lys_1/gr_83_Lys_1.bedgraph, output/Lys_2/gr_83_Lys_2.bedgraph, output/FivePoints_1/gr_83_FivePoints_1.bedgraph, output/Control_1/dedSorted_Control_1.bam, output/Control_2/dedSorted_Control_2.bam, output/PnG_1/dedSorted_PnG_1.bam, output/PnG_2/dedSorted_PnG_2.bam, output/Lys_1/dedSorted_Lys_1.bam, output/Lys_2/dedSorted_Lys_2.bam, output/FivePoints_1/dedSorted_FivePoints_1.bam, output/Control_1/00_Control_1_R2_fastqc.html, output/Control_2/00_Control_2_R2_fastqc.html, output/PnG_1/00_PnG_1_R2_fastqc.html, output/PnG_2/00_PnG_2_R2_fastqc.html, output/Lys_1/00_Lys_1_R2_fastqc.html, output/Lys_2/00_Lys_2_R2_fastqc.html, output/FivePoints_1/00_FivePoints_1_R2_fastqc.html, output/Control_1/03_Control_1_R2_fastqc.html, output/Control_2/03_Control_2_R2_fastqc.html, output/PnG_1/03_PnG_1_R2_fastqc.html, output/PnG_2/03_PnG_2_R2_fastqc.html, output/Lys_1/03_Lys_1_R2_fastqc.html, output/Lys_2/03_Lys_2_R2_fastqc.html, output/FivePoints_1/03_FivePoints_1_R2_fastqc.html, output/Control_1/dedSorted_Control_1_noHils_99.bam, output/Control_2/dedSorted_Control_2_noHils_99.bam, output/PnG_1/dedSorted_PnG_1_noHils_99.bam, output/PnG_2/dedSorted_PnG_2_noHils_99.bam, output/Lys_1/dedSorted_Lys_1_noHils_99.bam, output/Lys_2/dedSorted_Lys_2_noHils_99.bam, output/FivePoints_1/dedSorted_FivePoints_1_noHils_99.bam, output/Control_1/dedSorted_Control_1_noHils_83.bam, output/Control_2/dedSorted_Control_2_noHils_83.bam, output/PnG_1/dedSorted_PnG_1_noHils_83.bam, output/PnG_2/dedSorted_PnG_2_noHils_83.bam, output/Lys_1/dedSorted_Lys_1_noHils_83.bam, output/Lys_2/dedSorted_Lys_2_noHils_83.bam, output/FivePoints_1/dedSorted_FivePoints_1_noHils_83.bam, output/counts.txt
    jobid: 0
    reason: Input files updated by another job: output/counts.txt
    resources: tmpdir=/tmp

[Thu May 23 11:35:14 2024]
Finished job 0.
2 of 2 steps (100%) done
Complete log: ../../../../../scratch/kotryna/Giedrius/2016_sRNALactis/data_prep/.snakemake/log/2024-05-23T113441.480218.snakemake.log
