Building DAG of jobs...
Using shell: /usr/bin/bash
Provided cores: 10
Rules claiming more threads will be scaled down.
Job stats:
job                count    min threads    max threads
---------------  -------  -------------  -------------
all                    1              1              1
dedup_data             7             10             10
do_fastqc              7              4              4
extend_reads           7              6              6
map_data_hisat2        7             10             10
move1N                 7              5              5
move_left              7              1              1
remap                  7             10             10
seqpurge               7              6              6
total                 57              1             10

Select jobs to execute...

[Fri Jan  5 14:04:25 2024]
rule move1N:
    input: output/FivePoints_1/01_FivePoints_1_R2.fastq.gz
    output: output/FivePoints_1/02_FivePoints_1_R2.fastq.gz
    jobid: 63
    reason: Missing output files: output/FivePoints_1/02_FivePoints_1_R2.fastq.gz
    wildcards: sample=FivePoints_1
    threads: 5
    resources: tmpdir=/tmp


[Fri Jan  5 14:04:25 2024]
rule move1N:
    input: output/PnG_2/01_PnG_2_R2.fastq.gz
    output: output/PnG_2/02_PnG_2_R2.fastq.gz
    jobid: 36
    reason: Missing output files: output/PnG_2/02_PnG_2_R2.fastq.gz
    wildcards: sample=PnG_2
    threads: 5
    resources: tmpdir=/tmp

[Fri Jan  5 14:04:44 2024]
Finished job 36.
1 of 57 steps (2%) done
Removing temporary output output/PnG_2/01_PnG_2_R2.fastq.gz.
Select jobs to execute...

[Fri Jan  5 14:04:44 2024]
rule move1N:
    input: output/PnG_1/01_PnG_1_R2.fastq.gz
    output: output/PnG_1/02_PnG_1_R2.fastq.gz
    jobid: 27
    reason: Missing output files: output/PnG_1/02_PnG_1_R2.fastq.gz
    wildcards: sample=PnG_1
    threads: 5
    resources: tmpdir=/tmp

[Fri Jan  5 14:04:47 2024]
Finished job 63.
2 of 57 steps (4%) done
Removing temporary output output/FivePoints_1/01_FivePoints_1_R2.fastq.gz.
Select jobs to execute...

[Fri Jan  5 14:04:47 2024]
rule move1N:
    input: output/Lys_2/01_Lys_2_R2.fastq.gz
    output: output/Lys_2/02_Lys_2_R2.fastq.gz
    jobid: 54
    reason: Missing output files: output/Lys_2/02_Lys_2_R2.fastq.gz
    wildcards: sample=Lys_2
    threads: 5
    resources: tmpdir=/tmp

[Fri Jan  5 14:05:04 2024]
Finished job 27.
3 of 57 steps (5%) done
Removing temporary output output/PnG_1/01_PnG_1_R2.fastq.gz.
Select jobs to execute...

[Fri Jan  5 14:05:04 2024]
rule move1N:
    input: output/Control_2/01_Control_2_R2.fastq.gz
    output: output/Control_2/02_Control_2_R2.fastq.gz
    jobid: 18
    reason: Missing output files: output/Control_2/02_Control_2_R2.fastq.gz
    wildcards: sample=Control_2
    threads: 5
    resources: tmpdir=/tmp

[Fri Jan  5 14:05:05 2024]
Finished job 54.
4 of 57 steps (7%) done
Removing temporary output output/Lys_2/01_Lys_2_R2.fastq.gz.
Select jobs to execute...

[Fri Jan  5 14:05:05 2024]
rule move1N:
    input: output/Control_1/01_Control_1_R2.fastq.gz
    output: output/Control_1/02_Control_1_R2.fastq.gz
    jobid: 9
    reason: Missing output files: output/Control_1/02_Control_1_R2.fastq.gz
    wildcards: sample=Control_1
    threads: 5
    resources: tmpdir=/tmp

[Fri Jan  5 14:05:19 2024]
Finished job 9.
5 of 57 steps (9%) done
Removing temporary output output/Control_1/01_Control_1_R2.fastq.gz.
Select jobs to execute...

[Fri Jan  5 14:05:19 2024]
rule move1N:
    input: output/Lys_1/01_Lys_1_R2.fastq.gz
    output: output/Lys_1/02_Lys_1_R2.fastq.gz
    jobid: 45
    reason: Missing output files: output/Lys_1/02_Lys_1_R2.fastq.gz
    wildcards: sample=Lys_1
    threads: 5
    resources: tmpdir=/tmp

[Fri Jan  5 14:05:20 2024]
Finished job 18.
6 of 57 steps (11%) done
Removing temporary output output/Control_2/01_Control_2_R2.fastq.gz.
Select jobs to execute...
[Fri Jan  5 14:05:31 2024]
Finished job 45.
7 of 57 steps (12%) done
Removing temporary output output/Lys_1/01_Lys_1_R2.fastq.gz.

[Fri Jan  5 14:05:31 2024]
rule seqpurge:
    input: output/FivePoints_1/01_FivePoints_1_R1.fastq.gz, output/FivePoints_1/02_FivePoints_1_R2.fastq.gz
    output: output/FivePoints_1/03_FivePoints_1_R1.fastq.gz, output/FivePoints_1/03_FivePoints_1_R2.fastq.gz
    jobid: 60
    reason: Missing output files: output/FivePoints_1/03_FivePoints_1_R1.fastq.gz, output/FivePoints_1/03_FivePoints_1_R2.fastq.gz; Input files updated by another job: output/FivePoints_1/02_FivePoints_1_R2.fastq.gz
    wildcards: sample=FivePoints_1
    threads: 6
    resources: tmpdir=/tmp

[Fri Jan  5 14:05:31 2024]
Error in rule seqpurge:
    jobid: 60
    input: output/FivePoints_1/01_FivePoints_1_R1.fastq.gz, output/FivePoints_1/02_FivePoints_1_R2.fastq.gz
    output: output/FivePoints_1/03_FivePoints_1_R1.fastq.gz, output/FivePoints_1/03_FivePoints_1_R2.fastq.gz
    shell:
        
        /mnt/store/DMTS/common_programs/ngs-bits/bin -min_len 24 -threads 6 -a1 NNNNTGGAATTCTCGGGTGCCAAG -a2 NNNNGATCGTCGGACTGTAGAACT -qcut 20 -summary  -in1  ifile1 output/FivePoints_1/01_FivePoints_1_R1.fastq.gz -in2 output/FivePoints_1/02_FivePoints_1_R2.fastq.gz -out1 output/FivePoints_1/03_FivePoints_1_R1.fastq.gz -out2 output/FivePoints_1/03_FivePoints_1_R2.fastq.gz
        
        (one of the commands exited with non-zero exit code; note that snakemake uses bash strict mode!)

Shutting down, this might take some time.
Exiting because a job execution failed. Look above for error message
Complete log: ../../../../../scratch/kotryna/Giedrius/2016_sRNALactis/data_prep/.snakemake/log/2024-01-05T140424.979030.snakemake.log
