Building DAG of jobs...
IncompleteFilesException:
The files below seem to be incomplete. If you are sure that certain files are not incomplete, mark them as complete with

    snakemake --cleanup-metadata <filenames>

To re-generate the files rerun your command with the --rerun-incomplete flag.
Incomplete files:
output/Control_1/01_Control_1_R1.fastq.gz
output/Control_1/01_Control_1_R2.fastq.gz
output/Control_2/01_Control_2_R1.fastq.gz
output/Control_2/01_Control_2_R2.fastq.gz
output/PnG_1/01_PnG_1_R1.fastq.gz
output/PnG_1/01_PnG_1_R2.fastq.gz
output/PnG_2/01_PnG_2_R1.fastq.gz
output/PnG_2/01_PnG_2_R2.fastq.gz
output/Lys_1/01_Lys_1_R1.fastq.gz
output/Lys_1/01_Lys_1_R2.fastq.gz
output/Lys_2/01_Lys_2_R1.fastq.gz
output/Lys_2/01_Lys_2_R2.fastq.gz
output/FivePoints_1/01_FivePoints_1_R1.fastq.gz
output/FivePoints_1/01_FivePoints_1_R2.fastq.gz
