Building DAG of jobs...
Using shell: /usr/bin/bash
Provided cores: 10
Rules claiming more threads will be scaled down.
Job stats:
job                 count    min threads    max threads
----------------  -------  -------------  -------------
all                     1              1              1
dedup_data              7             10             10
do_fastqc               7              4              4
extend_reads            7              6              6
map_data_hisat2         7             10             10
merge_copy_fastq        7              2              2
move1N                  7              5              5
move_left               7              1              1
remap                   7             10             10
seqpurge                7              6              6
umi_extract             7              2              2
total                  71              1             10

Select jobs to execute...

[Fri Jan  5 13:32:47 2024]
rule merge_copy_fastq:
    input: input
    output: output/PnG_1/00_PnG_1_R1.fastq.gz, output/PnG_1/00_PnG_1_R2.fastq.gz
    jobid: 26
    reason: Missing output files: output/PnG_1/00_PnG_1_R2.fastq.gz, output/PnG_1/00_PnG_1_R1.fastq.gz
    wildcards: sample=PnG_1
    threads: 2
    resources: tmpdir=/tmp


[Fri Jan  5 13:32:47 2024]
rule merge_copy_fastq:
    input: input
    output: output/Control_2/00_Control_2_R1.fastq.gz, output/Control_2/00_Control_2_R2.fastq.gz
    jobid: 17
    reason: Missing output files: output/Control_2/00_Control_2_R2.fastq.gz, output/Control_2/00_Control_2_R1.fastq.gz
    wildcards: sample=Control_2
    threads: 2
    resources: tmpdir=/tmp


[Fri Jan  5 13:32:47 2024]
rule merge_copy_fastq:
    input: input
    output: output/FivePoints_1/00_FivePoints_1_R1.fastq.gz, output/FivePoints_1/00_FivePoints_1_R2.fastq.gz
    jobid: 62
    reason: Missing output files: output/FivePoints_1/00_FivePoints_1_R1.fastq.gz, output/FivePoints_1/00_FivePoints_1_R2.fastq.gz
    wildcards: sample=FivePoints_1
    threads: 2
    resources: tmpdir=/tmp


[Fri Jan  5 13:32:47 2024]
rule merge_copy_fastq:
    input: input
    output: output/Lys_2/00_Lys_2_R1.fastq.gz, output/Lys_2/00_Lys_2_R2.fastq.gz
    jobid: 53
    reason: Missing output files: output/Lys_2/00_Lys_2_R1.fastq.gz, output/Lys_2/00_Lys_2_R2.fastq.gz
    wildcards: sample=Lys_2
    threads: 2
    resources: tmpdir=/tmp


[Fri Jan  5 13:32:47 2024]
rule merge_copy_fastq:
    input: input
    output: output/Control_1/00_Control_1_R1.fastq.gz, output/Control_1/00_Control_1_R2.fastq.gz
    jobid: 8
    reason: Missing output files: output/Control_1/00_Control_1_R1.fastq.gz, output/Control_1/00_Control_1_R2.fastq.gz
    wildcards: sample=Control_1
    threads: 2
    resources: tmpdir=/tmp

[Fri Jan  5 13:32:51 2024]
Finished job 26.
1 of 71 steps (1%) done
Select jobs to execute...

[Fri Jan  5 13:32:51 2024]
rule umi_extract:
    input: output/PnG_1/00_PnG_1_R1.fastq.gz, output/PnG_1/00_PnG_1_R2.fastq.gz
    output: output/PnG_1/01_PnG_1_R1.fastq.gz, output/PnG_1/01_PnG_1_R2.fastq.gz
    log: logs/PnG_1_umi_extract.log
    jobid: 25
    reason: Missing output files: output/PnG_1/01_PnG_1_R2.fastq.gz, output/PnG_1/01_PnG_1_R1.fastq.gz; Input files updated by another job: output/PnG_1/00_PnG_1_R2.fastq.gz, output/PnG_1/00_PnG_1_R1.fastq.gz
    wildcards: sample=PnG_1
    threads: 2
    resources: tmpdir=/tmp

[Fri Jan  5 13:32:52 2024]
Finished job 62.
2 of 71 steps (3%) done
Select jobs to execute...

[Fri Jan  5 13:32:52 2024]
rule umi_extract:
    input: output/FivePoints_1/00_FivePoints_1_R1.fastq.gz, output/FivePoints_1/00_FivePoints_1_R2.fastq.gz
    output: output/FivePoints_1/01_FivePoints_1_R1.fastq.gz, output/FivePoints_1/01_FivePoints_1_R2.fastq.gz
    log: logs/FivePoints_1_umi_extract.log
    jobid: 61
    reason: Missing output files: output/FivePoints_1/01_FivePoints_1_R2.fastq.gz, output/FivePoints_1/01_FivePoints_1_R1.fastq.gz; Input files updated by another job: output/FivePoints_1/00_FivePoints_1_R1.fastq.gz, output/FivePoints_1/00_FivePoints_1_R2.fastq.gz
    wildcards: sample=FivePoints_1
    threads: 2
    resources: tmpdir=/tmp

[Fri Jan  5 13:32:52 2024]
Finished job 17.
3 of 71 steps (4%) done
Select jobs to execute...

[Fri Jan  5 13:32:52 2024]
rule umi_extract:
    input: output/Control_2/00_Control_2_R1.fastq.gz, output/Control_2/00_Control_2_R2.fastq.gz
    output: output/Control_2/01_Control_2_R1.fastq.gz, output/Control_2/01_Control_2_R2.fastq.gz
    log: logs/Control_2_umi_extract.log
    jobid: 16
    reason: Missing output files: output/Control_2/01_Control_2_R1.fastq.gz, output/Control_2/01_Control_2_R2.fastq.gz; Input files updated by another job: output/Control_2/00_Control_2_R2.fastq.gz, output/Control_2/00_Control_2_R1.fastq.gz
    wildcards: sample=Control_2
    threads: 2
    resources: tmpdir=/tmp

[Fri Jan  5 13:32:52 2024]
Finished job 53.
4 of 71 steps (6%) done
Select jobs to execute...

[Fri Jan  5 13:32:52 2024]
rule umi_extract:
    input: output/Lys_2/00_Lys_2_R1.fastq.gz, output/Lys_2/00_Lys_2_R2.fastq.gz
    output: output/Lys_2/01_Lys_2_R1.fastq.gz, output/Lys_2/01_Lys_2_R2.fastq.gz
    log: logs/Lys_2_umi_extract.log
    jobid: 52
    reason: Missing output files: output/Lys_2/01_Lys_2_R1.fastq.gz, output/Lys_2/01_Lys_2_R2.fastq.gz; Input files updated by another job: output/Lys_2/00_Lys_2_R1.fastq.gz, output/Lys_2/00_Lys_2_R2.fastq.gz
    wildcards: sample=Lys_2
    threads: 2
    resources: tmpdir=/tmp

[Fri Jan  5 13:32:52 2024]
Finished job 8.
5 of 71 steps (7%) done
Select jobs to execute...

[Fri Jan  5 13:32:52 2024]
rule umi_extract:
    input: output/Control_1/00_Control_1_R1.fastq.gz, output/Control_1/00_Control_1_R2.fastq.gz
    output: output/Control_1/01_Control_1_R1.fastq.gz, output/Control_1/01_Control_1_R2.fastq.gz
    log: logs/Control_1_umi_extract.log
    jobid: 7
    reason: Missing output files: output/Control_1/01_Control_1_R1.fastq.gz, output/Control_1/01_Control_1_R2.fastq.gz; Input files updated by another job: output/Control_1/00_Control_1_R1.fastq.gz, output/Control_1/00_Control_1_R2.fastq.gz
    wildcards: sample=Control_1
    threads: 2
    resources: tmpdir=/tmp

[Fri Jan  5 13:37:42 2024]
Finished job 7.
6 of 71 steps (8%) done
Select jobs to execute...

[Fri Jan  5 13:37:42 2024]
rule merge_copy_fastq:
    input: input
    output: output/PnG_2/00_PnG_2_R1.fastq.gz, output/PnG_2/00_PnG_2_R2.fastq.gz
    jobid: 35
    reason: Missing output files: output/PnG_2/00_PnG_2_R1.fastq.gz, output/PnG_2/00_PnG_2_R2.fastq.gz
    wildcards: sample=PnG_2
    threads: 2
    resources: tmpdir=/tmp

[Fri Jan  5 13:37:43 2024]
Finished job 35.
7 of 71 steps (10%) done
Select jobs to execute...

[Fri Jan  5 13:37:43 2024]
rule umi_extract:
    input: output/PnG_2/00_PnG_2_R1.fastq.gz, output/PnG_2/00_PnG_2_R2.fastq.gz
    output: output/PnG_2/01_PnG_2_R1.fastq.gz, output/PnG_2/01_PnG_2_R2.fastq.gz
    log: logs/PnG_2_umi_extract.log
    jobid: 34
    reason: Missing output files: output/PnG_2/01_PnG_2_R2.fastq.gz, output/PnG_2/01_PnG_2_R1.fastq.gz; Input files updated by another job: output/PnG_2/00_PnG_2_R1.fastq.gz, output/PnG_2/00_PnG_2_R2.fastq.gz
    wildcards: sample=PnG_2
    threads: 2
    resources: tmpdir=/tmp

[Fri Jan  5 13:38:39 2024]
Finished job 16.
8 of 71 steps (11%) done
Select jobs to execute...

[Fri Jan  5 13:38:39 2024]
rule merge_copy_fastq:
    input: input
    output: output/Lys_1/00_Lys_1_R1.fastq.gz, output/Lys_1/00_Lys_1_R2.fastq.gz
    jobid: 44
    reason: Missing output files: output/Lys_1/00_Lys_1_R1.fastq.gz, output/Lys_1/00_Lys_1_R2.fastq.gz
    wildcards: sample=Lys_1
    threads: 2
    resources: tmpdir=/tmp

[Fri Jan  5 13:38:40 2024]
Finished job 44.
9 of 71 steps (13%) done
Select jobs to execute...

[Fri Jan  5 13:38:40 2024]
rule umi_extract:
    input: output/Lys_1/00_Lys_1_R1.fastq.gz, output/Lys_1/00_Lys_1_R2.fastq.gz
    output: output/Lys_1/01_Lys_1_R1.fastq.gz, output/Lys_1/01_Lys_1_R2.fastq.gz
    log: logs/Lys_1_umi_extract.log
    jobid: 43
    reason: Missing output files: output/Lys_1/01_Lys_1_R1.fastq.gz, output/Lys_1/01_Lys_1_R2.fastq.gz; Input files updated by another job: output/Lys_1/00_Lys_1_R1.fastq.gz, output/Lys_1/00_Lys_1_R2.fastq.gz
    wildcards: sample=Lys_1
    threads: 2
    resources: tmpdir=/tmp

[Fri Jan  5 13:39:30 2024]
Finished job 52.
10 of 71 steps (14%) done
Select jobs to execute...
[Fri Jan  5 13:39:36 2024]
Finished job 25.
11 of 71 steps (15%) done
[Fri Jan  5 13:40:28 2024]
Finished job 61.
12 of 71 steps (17%) done

[Fri Jan  5 13:40:28 2024]
rule move1N:
    input: output/FivePoints_1/01_FivePoints_1_R2.fastq.gz
    output: output/FivePoints_1/02_FivePoints_1_R2.fastq.gz
    jobid: 63
    reason: Missing output files: output/FivePoints_1/02_FivePoints_1_R2.fastq.gz; Input files updated by another job: output/FivePoints_1/01_FivePoints_1_R2.fastq.gz
    wildcards: sample=FivePoints_1
    threads: 5
    resources: tmpdir=/tmp

[Fri Jan  5 13:40:28 2024]
Error in rule move1N:
    jobid: 63
    input: output/FivePoints_1/01_FivePoints_1_R2.fastq.gz
    output: output/FivePoints_1/02_FivePoints_1_R2.fastq.gz
    shell:
        
        cutadapt -u 1 -m 0 -o output/FivePoints_1/02_FivePoints_1_R2.fastq.gz output/FivePoints_1/01_FivePoints_1_R2.fastq.gz -t 5
        
        (one of the commands exited with non-zero exit code; note that snakemake uses bash strict mode!)

[Fri Jan  5 13:42:50 2024]
Finished job 43.
13 of 71 steps (18%) done
[Fri Jan  5 13:44:18 2024]
Finished job 34.
14 of 71 steps (20%) done
Shutting down, this might take some time.
Exiting because a job execution failed. Look above for error message
Complete log: ../../../../../scratch/kotryna/Giedrius/2016_sRNALactis/data_prep/.snakemake/log/2024-01-05T133247.308028.snakemake.log
