Building DAG of jobs...
Using shell: /usr/bin/bash
Provided cores: 20
Rules claiming more threads will be scaled down.
Job stats:
job                 count    min threads    max threads
----------------  -------  -------------  -------------
all                     1              1              1
dedup_data              7             10             10
do_fastqc               7              4              4
extend_reads            7              6              6
map_data_hisat2         7             10             10
merge_copy_fastq        7              2              2
move1N                  7              5              5
move_left               7              1              1
noHils_reads_83         7             16             16
noHils_reads_99         7             16             16
remap                   7             10             10
seqpurge                7              6              6
split_strands           7              6              6
umi_extract             7              2              2
total                  92              1             16

Select jobs to execute...

[Fri Jan 12 12:26:00 2024]
rule merge_copy_fastq:
    input: input
    output: output/PnG_1/00_PnG_1_R1.fastq.gz, output/PnG_1/00_PnG_1_R2.fastq.gz
    jobid: 26
    reason: Missing output files: output/PnG_1/00_PnG_1_R1.fastq.gz, output/PnG_1/00_PnG_1_R2.fastq.gz
    wildcards: sample=PnG_1
    threads: 2
    resources: tmpdir=/tmp


[Fri Jan 12 12:26:00 2024]
rule merge_copy_fastq:
    input: input
    output: output/Control_2/00_Control_2_R1.fastq.gz, output/Control_2/00_Control_2_R2.fastq.gz
    jobid: 17
    reason: Missing output files: output/Control_2/00_Control_2_R2.fastq.gz, output/Control_2/00_Control_2_R1.fastq.gz
    wildcards: sample=Control_2
    threads: 2
    resources: tmpdir=/tmp


[Fri Jan 12 12:26:00 2024]
rule merge_copy_fastq:
    input: input
    output: output/FivePoints_1/00_FivePoints_1_R1.fastq.gz, output/FivePoints_1/00_FivePoints_1_R2.fastq.gz
    jobid: 62
    reason: Missing output files: output/FivePoints_1/00_FivePoints_1_R1.fastq.gz, output/FivePoints_1/00_FivePoints_1_R2.fastq.gz
    wildcards: sample=FivePoints_1
    threads: 2
    resources: tmpdir=/tmp


[Fri Jan 12 12:26:00 2024]
rule merge_copy_fastq:
    input: input
    output: output/Lys_2/00_Lys_2_R1.fastq.gz, output/Lys_2/00_Lys_2_R2.fastq.gz
    jobid: 53
    reason: Missing output files: output/Lys_2/00_Lys_2_R1.fastq.gz, output/Lys_2/00_Lys_2_R2.fastq.gz
    wildcards: sample=Lys_2
    threads: 2
    resources: tmpdir=/tmp


[Fri Jan 12 12:26:00 2024]
rule merge_copy_fastq:
    input: input
    output: output/Control_1/00_Control_1_R1.fastq.gz, output/Control_1/00_Control_1_R2.fastq.gz
    jobid: 8
    reason: Missing output files: output/Control_1/00_Control_1_R1.fastq.gz, output/Control_1/00_Control_1_R2.fastq.gz
    wildcards: sample=Control_1
    threads: 2
    resources: tmpdir=/tmp


[Fri Jan 12 12:26:00 2024]
rule merge_copy_fastq:
    input: input
    output: output/Lys_1/00_Lys_1_R1.fastq.gz, output/Lys_1/00_Lys_1_R2.fastq.gz
    jobid: 44
    reason: Missing output files: output/Lys_1/00_Lys_1_R1.fastq.gz, output/Lys_1/00_Lys_1_R2.fastq.gz
    wildcards: sample=Lys_1
    threads: 2
    resources: tmpdir=/tmp


[Fri Jan 12 12:26:00 2024]
rule merge_copy_fastq:
    input: input
    output: output/PnG_2/00_PnG_2_R1.fastq.gz, output/PnG_2/00_PnG_2_R2.fastq.gz
    jobid: 35
    reason: Missing output files: output/PnG_2/00_PnG_2_R2.fastq.gz, output/PnG_2/00_PnG_2_R1.fastq.gz
    wildcards: sample=PnG_2
    threads: 2
    resources: tmpdir=/tmp

[Fri Jan 12 12:26:00 2024]
Finished job 8.
1 of 92 steps (1%) done
Select jobs to execute...

[Fri Jan 12 12:26:00 2024]
rule umi_extract:
    input: output/Control_1/00_Control_1_R1.fastq.gz, output/Control_1/00_Control_1_R2.fastq.gz
    output: output/Control_1/01_Control_1_R1.fastq.gz, output/Control_1/01_Control_1_R2.fastq.gz
    log: logs/Control_1_umi_extract.log
    jobid: 7
    reason: Missing output files: output/Control_1/01_Control_1_R1.fastq.gz, output/Control_1/01_Control_1_R2.fastq.gz; Input files updated by another job: output/Control_1/00_Control_1_R1.fastq.gz, output/Control_1/00_Control_1_R2.fastq.gz
    wildcards: sample=Control_1
    threads: 2
    resources: tmpdir=/tmp

[Fri Jan 12 12:26:00 2024]
Finished job 44.
2 of 92 steps (2%) done
Select jobs to execute...

[Fri Jan 12 12:26:00 2024]
rule umi_extract:
    input: output/Lys_1/00_Lys_1_R1.fastq.gz, output/Lys_1/00_Lys_1_R2.fastq.gz
    output: output/Lys_1/01_Lys_1_R1.fastq.gz, output/Lys_1/01_Lys_1_R2.fastq.gz
    log: logs/Lys_1_umi_extract.log
    jobid: 43
    reason: Missing output files: output/Lys_1/01_Lys_1_R2.fastq.gz, output/Lys_1/01_Lys_1_R1.fastq.gz; Input files updated by another job: output/Lys_1/00_Lys_1_R1.fastq.gz, output/Lys_1/00_Lys_1_R2.fastq.gz
    wildcards: sample=Lys_1
    threads: 2
    resources: tmpdir=/tmp

[Fri Jan 12 12:26:00 2024]
Finished job 26.
3 of 92 steps (3%) done
Select jobs to execute...

[Fri Jan 12 12:26:00 2024]
rule umi_extract:
    input: output/PnG_1/00_PnG_1_R1.fastq.gz, output/PnG_1/00_PnG_1_R2.fastq.gz
    output: output/PnG_1/01_PnG_1_R1.fastq.gz, output/PnG_1/01_PnG_1_R2.fastq.gz
    log: logs/PnG_1_umi_extract.log
    jobid: 25
    reason: Missing output files: output/PnG_1/01_PnG_1_R1.fastq.gz, output/PnG_1/01_PnG_1_R2.fastq.gz; Input files updated by another job: output/PnG_1/00_PnG_1_R1.fastq.gz, output/PnG_1/00_PnG_1_R2.fastq.gz
    wildcards: sample=PnG_1
    threads: 2
    resources: tmpdir=/tmp

[Fri Jan 12 12:26:00 2024]
Finished job 62.
4 of 92 steps (4%) done
Select jobs to execute...

[Fri Jan 12 12:26:00 2024]
rule umi_extract:
    input: output/FivePoints_1/00_FivePoints_1_R1.fastq.gz, output/FivePoints_1/00_FivePoints_1_R2.fastq.gz
    output: output/FivePoints_1/01_FivePoints_1_R1.fastq.gz, output/FivePoints_1/01_FivePoints_1_R2.fastq.gz
    log: logs/FivePoints_1_umi_extract.log
    jobid: 61
    reason: Missing output files: output/FivePoints_1/01_FivePoints_1_R2.fastq.gz, output/FivePoints_1/01_FivePoints_1_R1.fastq.gz; Input files updated by another job: output/FivePoints_1/00_FivePoints_1_R2.fastq.gz, output/FivePoints_1/00_FivePoints_1_R1.fastq.gz
    wildcards: sample=FivePoints_1
    threads: 2
    resources: tmpdir=/tmp

[Fri Jan 12 12:26:00 2024]
Finished job 17.
5 of 92 steps (5%) done
Select jobs to execute...

[Fri Jan 12 12:26:00 2024]
rule umi_extract:
    input: output/Control_2/00_Control_2_R1.fastq.gz, output/Control_2/00_Control_2_R2.fastq.gz
    output: output/Control_2/01_Control_2_R1.fastq.gz, output/Control_2/01_Control_2_R2.fastq.gz
    log: logs/Control_2_umi_extract.log
    jobid: 16
    reason: Missing output files: output/Control_2/01_Control_2_R2.fastq.gz, output/Control_2/01_Control_2_R1.fastq.gz; Input files updated by another job: output/Control_2/00_Control_2_R2.fastq.gz, output/Control_2/00_Control_2_R1.fastq.gz
    wildcards: sample=Control_2
    threads: 2
    resources: tmpdir=/tmp

[Fri Jan 12 12:26:01 2024]
Finished job 53.
6 of 92 steps (7%) done
Select jobs to execute...

[Fri Jan 12 12:26:01 2024]
rule umi_extract:
    input: output/Lys_2/00_Lys_2_R1.fastq.gz, output/Lys_2/00_Lys_2_R2.fastq.gz
    output: output/Lys_2/01_Lys_2_R1.fastq.gz, output/Lys_2/01_Lys_2_R2.fastq.gz
    log: logs/Lys_2_umi_extract.log
    jobid: 52
    reason: Missing output files: output/Lys_2/01_Lys_2_R2.fastq.gz, output/Lys_2/01_Lys_2_R1.fastq.gz; Input files updated by another job: output/Lys_2/00_Lys_2_R1.fastq.gz, output/Lys_2/00_Lys_2_R2.fastq.gz
    wildcards: sample=Lys_2
    threads: 2
    resources: tmpdir=/tmp

[Fri Jan 12 12:26:01 2024]
Finished job 35.
7 of 92 steps (8%) done
Select jobs to execute...

[Fri Jan 12 12:26:01 2024]
rule umi_extract:
    input: output/PnG_2/00_PnG_2_R1.fastq.gz, output/PnG_2/00_PnG_2_R2.fastq.gz
    output: output/PnG_2/01_PnG_2_R1.fastq.gz, output/PnG_2/01_PnG_2_R2.fastq.gz
    log: logs/PnG_2_umi_extract.log
    jobid: 34
    reason: Missing output files: output/PnG_2/01_PnG_2_R1.fastq.gz, output/PnG_2/01_PnG_2_R2.fastq.gz; Input files updated by another job: output/PnG_2/00_PnG_2_R2.fastq.gz, output/PnG_2/00_PnG_2_R1.fastq.gz
    wildcards: sample=PnG_2
    threads: 2
    resources: tmpdir=/tmp

Terminating processes on user request, this might take some time.
[Fri Jan 12 12:26:06 2024]
Error in rule umi_extract:
    jobid: 43
    input: output/Lys_1/00_Lys_1_R1.fastq.gz, output/Lys_1/00_Lys_1_R2.fastq.gz
    output: output/Lys_1/01_Lys_1_R1.fastq.gz, output/Lys_1/01_Lys_1_R2.fastq.gz
    log: logs/Lys_1_umi_extract.log (check log file(s) for error details)
    shell:
        
        umi_tools extract -I output/Lys_1/00_Lys_1_R1.fastq.gz --read2-in=output/Lys_1/00_Lys_1_R2.fastq.gz --bc-pattern=NNNN --bc-pattern2=XNNN -S output/Lys_1/01_Lys_1_R1.fastq.gz --read2-out=output/Lys_1/01_Lys_1_R2.fastq.gz -L logs/Lys_1_umi_extract.log
        
        (one of the commands exited with non-zero exit code; note that snakemake uses bash strict mode!)

[Fri Jan 12 12:26:06 2024]
Error in rule umi_extract:
    jobid: 16
    input: output/Control_2/00_Control_2_R1.fastq.gz, output/Control_2/00_Control_2_R2.fastq.gz
    output: output/Control_2/01_Control_2_R1.fastq.gz, output/Control_2/01_Control_2_R2.fastq.gz
    log: logs/Control_2_umi_extract.log (check log file(s) for error details)
    shell:
        
        umi_tools extract -I output/Control_2/00_Control_2_R1.fastq.gz --read2-in=output/Control_2/00_Control_2_R2.fastq.gz --bc-pattern=NNNN --bc-pattern2=XNNN -S output/Control_2/01_Control_2_R1.fastq.gz --read2-out=output/Control_2/01_Control_2_R2.fastq.gz -L logs/Control_2_umi_extract.log
        
        (one of the commands exited with non-zero exit code; note that snakemake uses bash strict mode!)

[Fri Jan 12 12:26:06 2024]
Error in rule umi_extract:
    jobid: 7
    input: output/Control_1/00_Control_1_R1.fastq.gz, output/Control_1/00_Control_1_R2.fastq.gz
    output: output/Control_1/01_Control_1_R1.fastq.gz, output/Control_1/01_Control_1_R2.fastq.gz
    log: logs/Control_1_umi_extract.log (check log file(s) for error details)
    shell:
        
        umi_tools extract -I output/Control_1/00_Control_1_R1.fastq.gz --read2-in=output/Control_1/00_Control_1_R2.fastq.gz --bc-pattern=NNNN --bc-pattern2=XNNN -S output/Control_1/01_Control_1_R1.fastq.gz --read2-out=output/Control_1/01_Control_1_R2.fastq.gz -L logs/Control_1_umi_extract.log
        
        (one of the commands exited with non-zero exit code; note that snakemake uses bash strict mode!)

[Fri Jan 12 12:26:06 2024]
[Fri Jan 12 12:26:06 2024]
Error in rule umi_extract:
    jobid: 52
    input: output/Lys_2/00_Lys_2_R1.fastq.gz, output/Lys_2/00_Lys_2_R2.fastq.gz
    output: output/Lys_2/01_Lys_2_R1.fastq.gz, output/Lys_2/01_Lys_2_R2.fastq.gz
    log: logs/Lys_2_umi_extract.log (check log file(s) for error details)
    shell:
        
        umi_tools extract -I output/Lys_2/00_Lys_2_R1.fastq.gz --read2-in=output/Lys_2/00_Lys_2_R2.fastq.gz --bc-pattern=NNNN --bc-pattern2=XNNN -S output/Lys_2/01_Lys_2_R1.fastq.gz --read2-out=output/Lys_2/01_Lys_2_R2.fastq.gz -L logs/Lys_2_umi_extract.log
        
        (one of the commands exited with non-zero exit code; note that snakemake uses bash strict mode!)

Error in rule umi_extract:
    jobid: 61
    input: output/FivePoints_1/00_FivePoints_1_R1.fastq.gz, output/FivePoints_1/00_FivePoints_1_R2.fastq.gz
    output: output/FivePoints_1/01_FivePoints_1_R1.fastq.gz, output/FivePoints_1/01_FivePoints_1_R2.fastq.gz
    log: logs/FivePoints_1_umi_extract.log (check log file(s) for error details)
    shell:
        
        umi_tools extract -I output/FivePoints_1/00_FivePoints_1_R1.fastq.gz --read2-in=output/FivePoints_1/00_FivePoints_1_R2.fastq.gz --bc-pattern=NNNN --bc-pattern2=XNNN -S output/FivePoints_1/01_FivePoints_1_R1.fastq.gz --read2-out=output/FivePoints_1/01_FivePoints_1_R2.fastq.gz -L logs/FivePoints_1_umi_extract.log
        
        (one of the commands exited with non-zero exit code; note that snakemake uses bash strict mode!)

[Fri Jan 12 12:26:06 2024]
Error in rule umi_extract:
    jobid: 25
    input: output/PnG_1/00_PnG_1_R1.fastq.gz, output/PnG_1/00_PnG_1_R2.fastq.gz
    output: output/PnG_1/01_PnG_1_R1.fastq.gz, output/PnG_1/01_PnG_1_R2.fastq.gz
    log: logs/PnG_1_umi_extract.log (check log file(s) for error details)
    shell:
        
        umi_tools extract -I output/PnG_1/00_PnG_1_R1.fastq.gz --read2-in=output/PnG_1/00_PnG_1_R2.fastq.gz --bc-pattern=NNNN --bc-pattern2=XNNN -S output/PnG_1/01_PnG_1_R1.fastq.gz --read2-out=output/PnG_1/01_PnG_1_R2.fastq.gz -L logs/PnG_1_umi_extract.log
        
        (one of the commands exited with non-zero exit code; note that snakemake uses bash strict mode!)

[Fri Jan 12 12:26:06 2024]
Error in rule umi_extract:
    jobid: 34
    input: output/PnG_2/00_PnG_2_R1.fastq.gz, output/PnG_2/00_PnG_2_R2.fastq.gz
    output: output/PnG_2/01_PnG_2_R1.fastq.gz, output/PnG_2/01_PnG_2_R2.fastq.gz
    log: logs/PnG_2_umi_extract.log (check log file(s) for error details)
    shell:
        
        umi_tools extract -I output/PnG_2/00_PnG_2_R1.fastq.gz --read2-in=output/PnG_2/00_PnG_2_R2.fastq.gz --bc-pattern=NNNN --bc-pattern2=XNNN -S output/PnG_2/01_PnG_2_R1.fastq.gz --read2-out=output/PnG_2/01_PnG_2_R2.fastq.gz -L logs/PnG_2_umi_extract.log
        
        (one of the commands exited with non-zero exit code; note that snakemake uses bash strict mode!)

Complete log: ../../../../../scratch/kotryna/Giedrius/2016_sRNALactis/data_prep/.snakemake/log/2024-01-12T122559.947121.snakemake.log
