Building DAG of jobs...
Using shell: /usr/bin/bash
Provided cores: 1 (use --cores to define parallelism)
Rules claiming more threads will be scaled down.
Job stats:
job            count    min threads    max threads
-----------  -------  -------------  -------------
all                1              1              1
do_bedgraph        7              1              1
total              8              1              1

Select jobs to execute...

[Mon Jul 15 13:56:24 2024]
rule do_bedgraph:
    input: output/FivePoints_1/dedSorted_FivePoints_1.bam
    output: output/FivePoints_1/dedSorted_FivePoints_1_plius.bedgraph, output/FivePoints_1/dedSorted_FivePoints_1_minus.bedgraph
    jobid: 98
    reason: Missing output files: output/FivePoints_1/dedSorted_FivePoints_1_plius.bedgraph, output/FivePoints_1/dedSorted_FivePoints_1_minus.bedgraph
    wildcards: sample=FivePoints_1
    resources: tmpdir=/tmp

[Mon Jul 15 13:57:24 2024]
Finished job 98.
1 of 8 steps (12%) done
Select jobs to execute...

[Mon Jul 15 13:57:24 2024]
rule do_bedgraph:
    input: output/PnG_1/dedSorted_PnG_1.bam
    output: output/PnG_1/dedSorted_PnG_1_plius.bedgraph, output/PnG_1/dedSorted_PnG_1_minus.bedgraph
    jobid: 94
    reason: Missing output files: output/PnG_1/dedSorted_PnG_1_minus.bedgraph, output/PnG_1/dedSorted_PnG_1_plius.bedgraph
    wildcards: sample=PnG_1
    resources: tmpdir=/tmp

[Mon Jul 15 13:58:17 2024]
Finished job 94.
2 of 8 steps (25%) done
Select jobs to execute...

[Mon Jul 15 13:58:17 2024]
rule do_bedgraph:
    input: output/Lys_2/dedSorted_Lys_2.bam
    output: output/Lys_2/dedSorted_Lys_2_plius.bedgraph, output/Lys_2/dedSorted_Lys_2_minus.bedgraph
    jobid: 97
    reason: Missing output files: output/Lys_2/dedSorted_Lys_2_minus.bedgraph, output/Lys_2/dedSorted_Lys_2_plius.bedgraph
    wildcards: sample=Lys_2
    resources: tmpdir=/tmp

[Mon Jul 15 13:59:09 2024]
Finished job 97.
3 of 8 steps (38%) done
Select jobs to execute...

[Mon Jul 15 13:59:09 2024]
rule do_bedgraph:
    input: output/PnG_2/dedSorted_PnG_2.bam
    output: output/PnG_2/dedSorted_PnG_2_plius.bedgraph, output/PnG_2/dedSorted_PnG_2_minus.bedgraph
    jobid: 95
    reason: Missing output files: output/PnG_2/dedSorted_PnG_2_plius.bedgraph, output/PnG_2/dedSorted_PnG_2_minus.bedgraph
    wildcards: sample=PnG_2
    resources: tmpdir=/tmp

[Mon Jul 15 13:59:57 2024]
Finished job 95.
4 of 8 steps (50%) done
Select jobs to execute...

[Mon Jul 15 13:59:57 2024]
rule do_bedgraph:
    input: output/Control_2/dedSorted_Control_2.bam
    output: output/Control_2/dedSorted_Control_2_plius.bedgraph, output/Control_2/dedSorted_Control_2_minus.bedgraph
    jobid: 93
    reason: Missing output files: output/Control_2/dedSorted_Control_2_plius.bedgraph, output/Control_2/dedSorted_Control_2_minus.bedgraph
    wildcards: sample=Control_2
    resources: tmpdir=/tmp

[Mon Jul 15 14:00:43 2024]
Finished job 93.
5 of 8 steps (62%) done
Select jobs to execute...

[Mon Jul 15 14:00:43 2024]
rule do_bedgraph:
    input: output/Control_1/dedSorted_Control_1.bam
    output: output/Control_1/dedSorted_Control_1_plius.bedgraph, output/Control_1/dedSorted_Control_1_minus.bedgraph
    jobid: 92
    reason: Missing output files: output/Control_1/dedSorted_Control_1_plius.bedgraph, output/Control_1/dedSorted_Control_1_minus.bedgraph
    wildcards: sample=Control_1
    resources: tmpdir=/tmp

[Mon Jul 15 14:01:23 2024]
Finished job 92.
6 of 8 steps (75%) done
Select jobs to execute...

[Mon Jul 15 14:01:23 2024]
rule do_bedgraph:
    input: output/Lys_1/dedSorted_Lys_1.bam
    output: output/Lys_1/dedSorted_Lys_1_plius.bedgraph, output/Lys_1/dedSorted_Lys_1_minus.bedgraph
    jobid: 96
    reason: Missing output files: output/Lys_1/dedSorted_Lys_1_plius.bedgraph, output/Lys_1/dedSorted_Lys_1_minus.bedgraph
    wildcards: sample=Lys_1
    resources: tmpdir=/tmp

[Mon Jul 15 14:02:00 2024]
Finished job 96.
7 of 8 steps (88%) done
Select jobs to execute...

[Mon Jul 15 14:02:00 2024]
localrule all:
    input: output/Control_1/gr_99_Control_1.bedgraph, output/Control_2/gr_99_Control_2.bedgraph, output/PnG_1/gr_99_PnG_1.bedgraph, output/PnG_2/gr_99_PnG_2.bedgraph, output/Lys_1/gr_99_Lys_1.bedgraph, output/Lys_2/gr_99_Lys_2.bedgraph, output/FivePoints_1/gr_99_FivePoints_1.bedgraph, output/Control_1/gr_83_Control_1.bedgraph, output/Control_2/gr_83_Control_2.bedgraph, output/PnG_1/gr_83_PnG_1.bedgraph, output/PnG_2/gr_83_PnG_2.bedgraph, output/Lys_1/gr_83_Lys_1.bedgraph, output/Lys_2/gr_83_Lys_2.bedgraph, output/FivePoints_1/gr_83_FivePoints_1.bedgraph, output/Control_1/dedSorted_Control_1.bam, output/Control_2/dedSorted_Control_2.bam, output/PnG_1/dedSorted_PnG_1.bam, output/PnG_2/dedSorted_PnG_2.bam, output/Lys_1/dedSorted_Lys_1.bam, output/Lys_2/dedSorted_Lys_2.bam, output/FivePoints_1/dedSorted_FivePoints_1.bam, output/Control_1/00_Control_1_R2_fastqc.html, output/Control_2/00_Control_2_R2_fastqc.html, output/PnG_1/00_PnG_1_R2_fastqc.html, output/PnG_2/00_PnG_2_R2_fastqc.html, output/Lys_1/00_Lys_1_R2_fastqc.html, output/Lys_2/00_Lys_2_R2_fastqc.html, output/FivePoints_1/00_FivePoints_1_R2_fastqc.html, output/Control_1/03_Control_1_R2_fastqc.html, output/Control_2/03_Control_2_R2_fastqc.html, output/PnG_1/03_PnG_1_R2_fastqc.html, output/PnG_2/03_PnG_2_R2_fastqc.html, output/Lys_1/03_Lys_1_R2_fastqc.html, output/Lys_2/03_Lys_2_R2_fastqc.html, output/FivePoints_1/03_FivePoints_1_R2_fastqc.html, output/Control_1/dedSorted_Control_1_noHils_99.bam, output/Control_2/dedSorted_Control_2_noHils_99.bam, output/PnG_1/dedSorted_PnG_1_noHils_99.bam, output/PnG_2/dedSorted_PnG_2_noHils_99.bam, output/Lys_1/dedSorted_Lys_1_noHils_99.bam, output/Lys_2/dedSorted_Lys_2_noHils_99.bam, output/FivePoints_1/dedSorted_FivePoints_1_noHils_99.bam, output/Control_1/dedSorted_Control_1_noHils_83.bam, output/Control_2/dedSorted_Control_2_noHils_83.bam, output/PnG_1/dedSorted_PnG_1_noHils_83.bam, output/PnG_2/dedSorted_PnG_2_noHils_83.bam, output/Lys_1/dedSorted_Lys_1_noHils_83.bam, output/Lys_2/dedSorted_Lys_2_noHils_83.bam, output/FivePoints_1/dedSorted_FivePoints_1_noHils_83.bam, output/Control_1/dedSorted_Control_1_plius.bedgraph, output/Control_2/dedSorted_Control_2_plius.bedgraph, output/PnG_1/dedSorted_PnG_1_plius.bedgraph, output/PnG_2/dedSorted_PnG_2_plius.bedgraph, output/Lys_1/dedSorted_Lys_1_plius.bedgraph, output/Lys_2/dedSorted_Lys_2_plius.bedgraph, output/FivePoints_1/dedSorted_FivePoints_1_plius.bedgraph, output/Control_1/dedSorted_Control_1_minus.bedgraph, output/Control_2/dedSorted_Control_2_minus.bedgraph, output/PnG_1/dedSorted_PnG_1_minus.bedgraph, output/PnG_2/dedSorted_PnG_2_minus.bedgraph, output/Lys_1/dedSorted_Lys_1_minus.bedgraph, output/Lys_2/dedSorted_Lys_2_minus.bedgraph, output/FivePoints_1/dedSorted_FivePoints_1_minus.bedgraph, output/counts_RNA.txt, output/counts.txt
    jobid: 0
    reason: Input files updated by another job: output/Lys_2/dedSorted_Lys_2_minus.bedgraph, output/PnG_1/dedSorted_PnG_1_minus.bedgraph, output/Lys_2/dedSorted_Lys_2_plius.bedgraph, output/Control_1/dedSorted_Control_1_plius.bedgraph, output/FivePoints_1/dedSorted_FivePoints_1_plius.bedgraph, output/Control_2/dedSorted_Control_2_plius.bedgraph, output/Control_1/dedSorted_Control_1_minus.bedgraph, output/PnG_1/dedSorted_PnG_1_plius.bedgraph, output/Lys_1/dedSorted_Lys_1_plius.bedgraph, output/PnG_2/dedSorted_PnG_2_plius.bedgraph, output/PnG_2/dedSorted_PnG_2_minus.bedgraph, output/Lys_1/dedSorted_Lys_1_minus.bedgraph, output/Control_2/dedSorted_Control_2_minus.bedgraph, output/FivePoints_1/dedSorted_FivePoints_1_minus.bedgraph
    resources: tmpdir=/tmp

[Mon Jul 15 14:02:00 2024]
Finished job 0.
8 of 8 steps (100%) done
Complete log: ../../../../../scratch/kotryna/Giedrius/2016_sRNALactis/data_prep/.snakemake/log/2024-07-15T135624.051590.snakemake.log
